running egg_info
creating ../build/esda_launch/esda_launch.egg-info
writing ../build/esda_launch/esda_launch.egg-info/PKG-INFO
writing dependency_links to ../build/esda_launch/esda_launch.egg-info/dependency_links.txt
writing entry points to ../build/esda_launch/esda_launch.egg-info/entry_points.txt
writing requirements to ../build/esda_launch/esda_launch.egg-info/requires.txt
writing top-level names to ../build/esda_launch/esda_launch.egg-info/top_level.txt
writing manifest file '../build/esda_launch/esda_launch.egg-info/SOURCES.txt'
reading manifest file '../build/esda_launch/esda_launch.egg-info/SOURCES.txt'
adding license file 'LICENSE'
writing manifest file '../build/esda_launch/esda_launch.egg-info/SOURCES.txt'
running build
running build_py
creating /home/samue/GitHub/ESDA/build/esda_launch/build
creating /home/samue/GitHub/ESDA/build/esda_launch/build/lib
creating /home/samue/GitHub/ESDA/build/esda_launch/build/lib/esda_launch
copying esda_launch/initial_datum_setter.py -> /home/samue/GitHub/ESDA/build/esda_launch/build/lib/esda_launch
copying esda_launch/__init__.py -> /home/samue/GitHub/ESDA/build/esda_launch/build/lib/esda_launch
running install
running install_lib
creating /home/samue/GitHub/ESDA/install/esda_launch/lib/python3.10/site-packages/esda_launch
copying /home/samue/GitHub/ESDA/build/esda_launch/build/lib/esda_launch/initial_datum_setter.py -> /home/samue/GitHub/ESDA/install/esda_launch/lib/python3.10/site-packages/esda_launch
copying /home/samue/GitHub/ESDA/build/esda_launch/build/lib/esda_launch/__init__.py -> /home/samue/GitHub/ESDA/install/esda_launch/lib/python3.10/site-packages/esda_launch
byte-compiling /home/samue/GitHub/ESDA/install/esda_launch/lib/python3.10/site-packages/esda_launch/initial_datum_setter.py to initial_datum_setter.cpython-310.pyc
byte-compiling /home/samue/GitHub/ESDA/install/esda_launch/lib/python3.10/site-packages/esda_launch/__init__.py to __init__.cpython-310.pyc
running install_data
creating /home/samue/GitHub/ESDA/install/esda_launch/share/ament_index
creating /home/samue/GitHub/ESDA/install/esda_launch/share/ament_index/resource_index
creating /home/samue/GitHub/ESDA/install/esda_launch/share/ament_index/resource_index/packages
copying resource/esda_launch -> /home/samue/GitHub/ESDA/install/esda_launch/share/ament_index/resource_index/packages
copying package.xml -> /home/samue/GitHub/ESDA/install/esda_launch/share/esda_launch
creating /home/samue/GitHub/ESDA/install/esda_launch/share/esda_launch/config
copying config/VLP16-driver-config.yaml -> /home/samue/GitHub/ESDA/install/esda_launch/share/esda_launch/config/
copying config/robot_loc_dual_efk_config.yaml -> /home/samue/GitHub/ESDA/install/esda_launch/share/esda_launch/config/
copying config/swiftnav-config.yaml -> /home/samue/GitHub/ESDA/install/esda_launch/share/esda_launch/config/
creating /home/samue/GitHub/ESDA/install/esda_launch/share/esda_launch/launch
copying launch/piksi_launch.py -> /home/samue/GitHub/ESDA/install/esda_launch/share/esda_launch/launch/
copying launch/sensors_launch.py -> /home/samue/GitHub/ESDA/install/esda_launch/share/esda_launch/launch/
copying launch/localization_launch.py -> /home/samue/GitHub/ESDA/install/esda_launch/share/esda_launch/launch/
copying launch/perception_launch.py -> /home/samue/GitHub/ESDA/install/esda_launch/share/esda_launch/launch/
copying launch/lidar_launch.py -> /home/samue/GitHub/ESDA/install/esda_launch/share/esda_launch/launch/
copying launch/esda_launch.py -> /home/samue/GitHub/ESDA/install/esda_launch/share/esda_launch/launch/
running install_egg_info
Copying ../build/esda_launch/esda_launch.egg-info to /home/samue/GitHub/ESDA/install/esda_launch/lib/python3.10/site-packages/esda_launch-0.0.0-py3.10.egg-info
running install_scripts
Installing datum_setter_node script to /home/samue/GitHub/ESDA/install/esda_launch/lib/esda_launch
writing list of installed files to '/home/samue/GitHub/ESDA/build/esda_launch/install.log'
