[1.675s] Invoking command in '/home/samue/GitHub/ESDA/esda_control': PYTHONPATH=/home/samue/GitHub/ESDA/build/esda_control/prefix_override:/usr/lib/python3/dist-packages/colcon_core/task/python/colcon_distutils_commands:/home/samue/GitHub/ESDA/install/esda_control/lib/python3.10/site-packages:${PYTHONPATH} /usr/bin/python3 -W ignore:setup.py install is deprecated setup.py egg_info --egg-base ../build/esda_control build --build-base /home/samue/GitHub/ESDA/build/esda_control/build install --record /home/samue/GitHub/ESDA/build/esda_control/install.log --single-version-externally-managed install_data
[1.952s] running egg_info
[1.953s] writing ../build/esda_control/esda_control.egg-info/PKG-INFO
[1.955s] writing dependency_links to ../build/esda_control/esda_control.egg-info/dependency_links.txt
[1.956s] writing entry points to ../build/esda_control/esda_control.egg-info/entry_points.txt
[1.959s] writing requirements to ../build/esda_control/esda_control.egg-info/requires.txt
[1.959s] writing top-level names to ../build/esda_control/esda_control.egg-info/top_level.txt
[1.963s] reading manifest file '../build/esda_control/esda_control.egg-info/SOURCES.txt'
[1.963s] writing manifest file '../build/esda_control/esda_control.egg-info/SOURCES.txt'
[1.963s] running build
[1.963s] running build_py
[1.963s] copying esda_control/mcu_interface.py -> /home/samue/GitHub/ESDA/build/esda_control/build/lib/esda_control
[1.963s] running install
[1.964s] running install_lib
[1.964s] copying /home/samue/GitHub/ESDA/build/esda_control/build/lib/esda_control/mcu_interface.py -> /home/samue/GitHub/ESDA/install/esda_control/lib/python3.10/site-packages/esda_control
[1.964s] byte-compiling /home/samue/GitHub/ESDA/install/esda_control/lib/python3.10/site-packages/esda_control/mcu_interface.py to mcu_interface.cpython-310.pyc
[1.965s] running install_data
[1.965s] running install_egg_info
[1.965s] removing '/home/samue/GitHub/ESDA/install/esda_control/lib/python3.10/site-packages/esda_control-0.0.0-py3.10.egg-info' (and everything under it)
[1.966s] Copying ../build/esda_control/esda_control.egg-info to /home/samue/GitHub/ESDA/install/esda_control/lib/python3.10/site-packages/esda_control-0.0.0-py3.10.egg-info
[1.967s] running install_scripts
[1.990s] Installing dynamixel_sdk_node script to /home/samue/GitHub/ESDA/install/esda_control/lib/esda_control
[1.990s] Installing mcu_interface script to /home/samue/GitHub/ESDA/install/esda_control/lib/esda_control
[1.990s] Installing parallelogram_steering_controller script to /home/samue/GitHub/ESDA/install/esda_control/lib/esda_control
[1.990s] Installing test_mcu_interface script to /home/samue/GitHub/ESDA/install/esda_control/lib/esda_control
[1.990s] writing list of installed files to '/home/samue/GitHub/ESDA/build/esda_control/install.log'
[2.052s] Invoked command in '/home/samue/GitHub/ESDA/esda_control' returned '0': PYTHONPATH=/home/samue/GitHub/ESDA/build/esda_control/prefix_override:/usr/lib/python3/dist-packages/colcon_core/task/python/colcon_distutils_commands:/home/samue/GitHub/ESDA/install/esda_control/lib/python3.10/site-packages:${PYTHONPATH} /usr/bin/python3 -W ignore:setup.py install is deprecated setup.py egg_info --egg-base ../build/esda_control build --build-base /home/samue/GitHub/ESDA/build/esda_control/build install --record /home/samue/GitHub/ESDA/build/esda_control/install.log --single-version-externally-managed install_data
