[0.621s] Invoking command in '/home/samue/GitHub/ESDA/build/ros2_control_demo_example_7': AMENT_PREFIX_PATH=/home/samue/GitHub/ESDA/install/ros2_control_demo_testing:/home/samue/GitHub/ESDA/install/ros2_control_demo_description:${AMENT_PREFIX_PATH} CMAKE_PREFIX_PATH=/home/samue/GitHub/ESDA/install/ros2_control_demo_description:/home/samue/GitHub/ESDA/esda_ros2_control/install/diff_drive_asterius_hardware_interface:/home/samue/GitHub/ESDA/esda_ros2_control/install/diff_drive_asterius_controller:/opt/ros/humble PYTHONPATH=/home/samue/GitHub/ESDA/build/ros2_control_demo_testing:/home/samue/GitHub/ESDA/install/ros2_control_demo_testing/lib/python3.10/site-packages:${PYTHONPATH} /usr/bin/cmake /home/samue/GitHub/ESDA/ros2_control_demos/example_7 -DAMENT_CMAKE_SYMLINK_INSTALL=1 -DCMAKE_INSTALL_PREFIX=/home/samue/GitHub/ESDA/install/ros2_control_demo_example_7
[5.284s] -- The CXX compiler identification is GNU 11.4.0
[5.284s] -- Detecting CXX compiler ABI info
[5.285s] -- Detecting CXX compiler ABI info - done
[5.285s] -- Check for working CXX compiler: /usr/bin/c++ - skipped
[5.286s] -- Detecting CXX compile features
[5.286s] -- Detecting CXX compile features - done
[7.398s] [33mCMake Warning at CMakeLists.txt:31 (find_package):
[7.398s]   Could not find a configuration file for package "controller_manager" that
[7.398s]   is compatible with requested version "4.0.0".
[7.398s] 
[7.399s]   The following configuration files were considered but not accepted:
[7.400s] 
[7.400s]     /opt/ros/humble/share/controller_manager/cmake/controller_managerConfig.cmake, version: 2.41.0
[7.401s] 
[7.401s] 
[7.401s] [0m
[7.402s] [31mCMake Error at CMakeLists.txt:34 (message):
[7.402s]   ros2_control version 4.0.0 or higher is required.  Are you using the
[7.406s]   correct branch of the ros2_control_demos repository?
[7.406s] 
[7.406s] [0m
[7.406s] -- Configuring incomplete, errors occurred!
[7.407s] See also "/home/samue/GitHub/ESDA/build/ros2_control_demo_example_7/CMakeFiles/CMakeOutput.log".
