[0.593s] Invoking command in '/home/samue/GitHub/ESDA/build/ros2_control_demo_example_3': AMENT_PREFIX_PATH=/home/samue/GitHub/ESDA/install/ros2_control_demo_testing:/home/samue/GitHub/ESDA/install/ros2_control_demo_description:${AMENT_PREFIX_PATH} CMAKE_PREFIX_PATH=/home/samue/GitHub/ESDA/install/ros2_control_demo_description:/home/samue/GitHub/ESDA/esda_ros2_control/install/diff_drive_asterius_hardware_interface:/home/samue/GitHub/ESDA/esda_ros2_control/install/diff_drive_asterius_controller:/opt/ros/humble PYTHONPATH=/home/samue/GitHub/ESDA/build/ros2_control_demo_testing:/home/samue/GitHub/ESDA/install/ros2_control_demo_testing/lib/python3.10/site-packages:${PYTHONPATH} /usr/bin/cmake /home/samue/GitHub/ESDA/ros2_control_demos/example_3 -DAMENT_CMAKE_SYMLINK_INSTALL=1 -DCMAKE_INSTALL_PREFIX=/home/samue/GitHub/ESDA/install/ros2_control_demo_example_3
[0.934s] -- The CXX compiler identification is GNU 11.4.0
[2.421s] -- Detecting CXX compiler ABI info
[2.834s] -- Detecting CXX compiler ABI info - done
[2.848s] -- Check for working CXX compiler: /usr/bin/c++ - skipped
[2.848s] -- Detecting CXX compile features
[2.849s] -- Detecting CXX compile features - done
[5.422s] [33mCMake Warning at CMakeLists.txt:20 (find_package):
[5.422s]   Could not find a configuration file for package "controller_manager" that
[5.422s]   is compatible with requested version "4.0.0".
[5.422s] 
[5.423s]   The following configuration files were considered but not accepted:
[5.423s] 
[5.423s]     /opt/ros/humble/share/controller_manager/cmake/controller_managerConfig.cmake, version: 2.41.0
[5.423s] 
[5.423s] 
[5.423s] [0m
[5.423s] [31mCMake Error at CMakeLists.txt:23 (message):
[5.423s]   ros2_control version 4.0.0 or higher is required.  Are you using the
[5.423s]   correct branch of the ros2_control_demos repository?
[5.423s] 
[5.423s] [0m
[5.423s] -- Configuring incomplete, errors occurred!
[5.423s] See also "/home/samue/GitHub/ESDA/build/ros2_control_demo_example_3/CMakeFiles/CMakeOutput.log".
