running egg_info
writing ../build/esda_control/esda_control.egg-info/PKG-INFO
writing dependency_links to ../build/esda_control/esda_control.egg-info/dependency_links.txt
writing entry points to ../build/esda_control/esda_control.egg-info/entry_points.txt
writing requirements to ../build/esda_control/esda_control.egg-info/requires.txt
writing top-level names to ../build/esda_control/esda_control.egg-info/top_level.txt
reading manifest file '../build/esda_control/esda_control.egg-info/SOURCES.txt'
writing manifest file '../build/esda_control/esda_control.egg-info/SOURCES.txt'
running build
running build_py
running install
running install_lib
running install_data
running install_egg_info
removing '/home/samue/GitHub/ESDA/install/esda_control/lib/python3.10/site-packages/esda_control-0.0.0-py3.10.egg-info' (and everything under it)
Copying ../build/esda_control/esda_control.egg-info to /home/samue/GitHub/ESDA/install/esda_control/lib/python3.10/site-packages/esda_control-0.0.0-py3.10.egg-info
running install_scripts
Installing dynamixel_sdk_node script to /home/samue/GitHub/ESDA/install/esda_control/lib/esda_control
Installing mcu_interface script to /home/samue/GitHub/ESDA/install/esda_control/lib/esda_control
Installing parallelogram_steering_controller script to /home/samue/GitHub/ESDA/install/esda_control/lib/esda_control
Installing test_mcu_interface script to /home/samue/GitHub/ESDA/install/esda_control/lib/esda_control
writing list of installed files to '/home/samue/GitHub/ESDA/build/esda_control/install.log'
