[1.638s] Invoking command in '/home/samue/GitHub/ESDA/esda_control': PYTHONPATH=/home/samue/GitHub/ESDA/build/esda_control/prefix_override:/usr/lib/python3/dist-packages/colcon_core/task/python/colcon_distutils_commands:/home/samue/GitHub/ESDA/install/esda_control/lib/python3.10/site-packages:${PYTHONPATH} /usr/bin/python3 -W ignore:setup.py install is deprecated setup.py egg_info --egg-base ../build/esda_control build --build-base /home/samue/GitHub/ESDA/build/esda_control/build install --record /home/samue/GitHub/ESDA/build/esda_control/install.log --single-version-externally-managed install_data
[1.895s] running egg_info
[1.895s] writing ../build/esda_control/esda_control.egg-info/PKG-INFO
[1.896s] writing dependency_links to ../build/esda_control/esda_control.egg-info/dependency_links.txt
[1.897s] writing entry points to ../build/esda_control/esda_control.egg-info/entry_points.txt
[1.897s] writing requirements to ../build/esda_control/esda_control.egg-info/requires.txt
[1.897s] writing top-level names to ../build/esda_control/esda_control.egg-info/top_level.txt
[1.900s] reading manifest file '../build/esda_control/esda_control.egg-info/SOURCES.txt'
[1.901s] writing manifest file '../build/esda_control/esda_control.egg-info/SOURCES.txt'
[1.901s] running build
[1.901s] running build_py
[1.901s] running install
[1.902s] running install_lib
[1.903s] running install_data
[1.903s] running install_egg_info
[1.906s] removing '/home/samue/GitHub/ESDA/install/esda_control/lib/python3.10/site-packages/esda_control-0.0.0-py3.10.egg-info' (and everything under it)
[1.907s] Copying ../build/esda_control/esda_control.egg-info to /home/samue/GitHub/ESDA/install/esda_control/lib/python3.10/site-packages/esda_control-0.0.0-py3.10.egg-info
[1.908s] running install_scripts
[1.932s] Installing dynamixel_sdk_node script to /home/samue/GitHub/ESDA/install/esda_control/lib/esda_control
[1.933s] Installing mcu_interface script to /home/samue/GitHub/ESDA/install/esda_control/lib/esda_control
[1.933s] Installing parallelogram_steering_controller script to /home/samue/GitHub/ESDA/install/esda_control/lib/esda_control
[1.933s] Installing test_mcu_interface script to /home/samue/GitHub/ESDA/install/esda_control/lib/esda_control
[1.933s] writing list of installed files to '/home/samue/GitHub/ESDA/build/esda_control/install.log'
[1.981s] Invoked command in '/home/samue/GitHub/ESDA/esda_control' returned '0': PYTHONPATH=/home/samue/GitHub/ESDA/build/esda_control/prefix_override:/usr/lib/python3/dist-packages/colcon_core/task/python/colcon_distutils_commands:/home/samue/GitHub/ESDA/install/esda_control/lib/python3.10/site-packages:${PYTHONPATH} /usr/bin/python3 -W ignore:setup.py install is deprecated setup.py egg_info --egg-base ../build/esda_control build --build-base /home/samue/GitHub/ESDA/build/esda_control/build install --record /home/samue/GitHub/ESDA/build/esda_control/install.log --single-version-externally-managed install_data
