running egg_info
creating ../../build/esda_control/esda_control.egg-info
writing ../../build/esda_control/esda_control.egg-info/PKG-INFO
writing dependency_links to ../../build/esda_control/esda_control.egg-info/dependency_links.txt
writing entry points to ../../build/esda_control/esda_control.egg-info/entry_points.txt
writing requirements to ../../build/esda_control/esda_control.egg-info/requires.txt
writing top-level names to ../../build/esda_control/esda_control.egg-info/top_level.txt
writing manifest file '../../build/esda_control/esda_control.egg-info/SOURCES.txt'
reading manifest file '../../build/esda_control/esda_control.egg-info/SOURCES.txt'
writing manifest file '../../build/esda_control/esda_control.egg-info/SOURCES.txt'
running build
running build_py
creating /home/jokua/ESDA/ESDA/ros2_ws/build/esda_control/build
creating /home/jokua/ESDA/ESDA/ros2_ws/build/esda_control/build/lib
creating /home/jokua/ESDA/ESDA/ros2_ws/build/esda_control/build/lib/esda_control
copying esda_control/__init__.py -> /home/jokua/ESDA/ESDA/ros2_ws/build/esda_control/build/lib/esda_control
copying esda_control/paralellogram_steering_controller.py -> /home/jokua/ESDA/ESDA/ros2_ws/build/esda_control/build/lib/esda_control
running install
/usr/lib/python3/dist-packages/setuptools/command/install.py:34: SetuptoolsDeprecationWarning: setup.py install is deprecated. Use build and pip and other standards-based tools.
  warnings.warn(
running install_lib
creating /home/jokua/ESDA/ESDA/ros2_ws/install/esda_control/lib/python3.10/site-packages/esda_control
copying /home/jokua/ESDA/ESDA/ros2_ws/build/esda_control/build/lib/esda_control/__init__.py -> /home/jokua/ESDA/ESDA/ros2_ws/install/esda_control/lib/python3.10/site-packages/esda_control
copying /home/jokua/ESDA/ESDA/ros2_ws/build/esda_control/build/lib/esda_control/paralellogram_steering_controller.py -> /home/jokua/ESDA/ESDA/ros2_ws/install/esda_control/lib/python3.10/site-packages/esda_control
byte-compiling /home/jokua/ESDA/ESDA/ros2_ws/install/esda_control/lib/python3.10/site-packages/esda_control/__init__.py to __init__.cpython-310.pyc
byte-compiling /home/jokua/ESDA/ESDA/ros2_ws/install/esda_control/lib/python3.10/site-packages/esda_control/paralellogram_steering_controller.py to paralellogram_steering_controller.cpython-310.pyc
running install_data
creating /home/jokua/ESDA/ESDA/ros2_ws/install/esda_control/share/ament_index
creating /home/jokua/ESDA/ESDA/ros2_ws/install/esda_control/share/ament_index/resource_index
creating /home/jokua/ESDA/ESDA/ros2_ws/install/esda_control/share/ament_index/resource_index/packages
copying resource/esda_control -> /home/jokua/ESDA/ESDA/ros2_ws/install/esda_control/share/ament_index/resource_index/packages
copying package.xml -> /home/jokua/ESDA/ESDA/ros2_ws/install/esda_control/share/esda_control
running install_egg_info
Copying ../../build/esda_control/esda_control.egg-info to /home/jokua/ESDA/ESDA/ros2_ws/install/esda_control/lib/python3.10/site-packages/esda_control-0.0.0-py3.10.egg-info
running install_scripts
writing list of installed files to '/home/jokua/ESDA/ESDA/ros2_ws/build/esda_control/install.log'
