[0.592s] Invoking command in '/home/samue/GitHub/ESDA/build/ros2_control_demo_example_9': AMENT_PREFIX_PATH=/home/samue/GitHub/ESDA/install/ros2_control_demo_testing:/home/samue/GitHub/ESDA/install/ros2_control_demo_description:${AMENT_PREFIX_PATH} CMAKE_PREFIX_PATH=/home/samue/GitHub/ESDA/install/ros2_control_demo_description:/home/samue/GitHub/ESDA/esda_ros2_control/install/diff_drive_asterius_hardware_interface:/home/samue/GitHub/ESDA/esda_ros2_control/install/diff_drive_asterius_controller:/opt/ros/humble PYTHONPATH=/home/samue/GitHub/ESDA/build/ros2_control_demo_testing:/home/samue/GitHub/ESDA/install/ros2_control_demo_testing/lib/python3.10/site-packages:${PYTHONPATH} /usr/bin/cmake /home/samue/GitHub/ESDA/ros2_control_demos/example_9 -DAMENT_CMAKE_SYMLINK_INSTALL=1 -DCMAKE_INSTALL_PREFIX=/home/samue/GitHub/ESDA/install/ros2_control_demo_example_9
[0.922s] -- The CXX compiler identification is GNU 11.4.0
[2.632s] -- Detecting CXX compiler ABI info
[3.034s] -- Detecting CXX compiler ABI info - done
[3.047s] -- Check for working CXX compiler: /usr/bin/c++ - skipped
[3.047s] -- Detecting CXX compile features
[3.048s] -- Detecting CXX compile features - done
[8.549s] [33mCMake Warning at CMakeLists.txt:20 (find_package):
[8.550s]   Could not find a configuration file for package "controller_manager" that
[8.550s]   is compatible with requested version "4.0.0".
[8.550s] 
[8.550s]   The following configuration files were considered but not accepted:
[8.550s] 
[8.550s]     /opt/ros/humble/share/controller_manager/cmake/controller_managerConfig.cmake, version: 2.41.0
[8.550s] 
[8.550s] 
[8.550s] [0m
[8.551s] [31mCMake Error at CMakeLists.txt:23 (message):
[8.551s]   ros2_control version 4.0.0 or higher is required.  Are you using the
[8.551s]   correct branch of the ros2_control_demos repository?
[8.551s] 
[8.551s] [0m
[8.551s] -- Configuring incomplete, errors occurred!
[8.551s] See also "/home/samue/GitHub/ESDA/build/ros2_control_demo_example_9/CMakeFiles/CMakeOutput.log".
