[0.732s] DEBUG:colcon:Command line arguments: ['/usr/bin/colcon', 'build', '--packages-select', 'ros2_control_demos']
[0.732s] DEBUG:colcon:Parsed command line arguments: Namespace(log_base=None, log_level=None, verb_name='build', build_base='build', install_base='install', merge_install=False, symlink_install=False, test_result_base=None, continue_on_error=False, executor='parallel', parallel_workers=20, event_handlers=None, ignore_user_meta=False, metas=['./colcon.meta'], base_paths=['.'], packages_ignore=None, packages_ignore_regex=None, paths=None, packages_up_to=None, packages_up_to_regex=None, packages_above=None, packages_above_and_dependencies=None, packages_above_depth=None, packages_select_by_dep=None, packages_skip_by_dep=None, packages_skip_up_to=None, packages_select_build_failed=False, packages_skip_build_finished=False, packages_select_test_failures=False, packages_skip_test_passed=False, packages_select=['ros2_control_demos'], packages_skip=None, packages_select_regex=None, packages_skip_regex=None, packages_start=None, packages_end=None, allow_overriding=[], cmake_args=None, cmake_target=None, cmake_target_skip_unavailable=False, cmake_clean_cache=False, cmake_clean_first=False, cmake_force_configure=False, ament_cmake_args=None, catkin_cmake_args=None, catkin_skip_building_tests=False, mixin_files=None, mixin=None, verb_parser=<colcon_mixin.mixin.mixin_argument.MixinArgumentDecorator object at 0x7fbbd75b63b0>, verb_extension=<colcon_core.verb.build.BuildVerb object at 0x7fbbd75b5e70>, main=<bound method BuildVerb.main of <colcon_core.verb.build.BuildVerb object at 0x7fbbd75b5e70>>, mixin_verb=('build',))
[0.892s] Level 1:colcon.colcon_core.package_discovery:discover_packages(colcon_meta) check parameters
[0.892s] Level 1:colcon.colcon_core.package_discovery:discover_packages(recursive) check parameters
[0.892s] Level 1:colcon.colcon_core.package_discovery:discover_packages(ignore) check parameters
[0.892s] Level 1:colcon.colcon_core.package_discovery:discover_packages(path) check parameters
[0.892s] Level 1:colcon.colcon_core.package_discovery:discover_packages(colcon_meta) discover
[0.892s] Level 1:colcon.colcon_core.package_discovery:discover_packages(recursive) discover
[0.892s] INFO:colcon.colcon_core.package_discovery:Crawling recursively for packages in '/home/samue/GitHub/ESDA'
[0.893s] Level 1:colcon.colcon_core.package_identification:_identify(.) by extensions ['ignore', 'ignore_ament_install']
[0.893s] Level 1:colcon.colcon_core.package_identification:_identify(.) by extension 'ignore'
[0.893s] Level 1:colcon.colcon_core.package_identification:_identify(.) by extension 'ignore_ament_install'
[0.893s] Level 1:colcon.colcon_core.package_identification:_identify(.) by extensions ['colcon_pkg']
[0.893s] Level 1:colcon.colcon_core.package_identification:_identify(.) by extension 'colcon_pkg'
[0.893s] Level 1:colcon.colcon_core.package_identification:_identify(.) by extensions ['colcon_meta']
[0.893s] Level 1:colcon.colcon_core.package_identification:_identify(.) by extension 'colcon_meta'
[0.893s] Level 1:colcon.colcon_core.package_identification:_identify(.) by extensions ['ros']
[0.893s] Level 1:colcon.colcon_core.package_identification:_identify(.) by extension 'ros'
[0.904s] Level 1:colcon.colcon_core.package_identification:_identify(.) by extensions ['cmake', 'python']
[0.904s] Level 1:colcon.colcon_core.package_identification:_identify(.) by extension 'cmake'
[0.904s] Level 1:colcon.colcon_core.package_identification:_identify(.) by extension 'python'
[0.904s] Level 1:colcon.colcon_core.package_identification:_identify(.) by extensions ['python_setup_py']
[0.904s] Level 1:colcon.colcon_core.package_identification:_identify(.) by extension 'python_setup_py'
[0.905s] Level 1:colcon.colcon_core.package_identification:_identify(build) by extensions ['ignore', 'ignore_ament_install']
[0.905s] Level 1:colcon.colcon_core.package_identification:_identify(build) by extension 'ignore'
[0.905s] Level 1:colcon.colcon_core.package_identification:_identify(build) ignored
[0.905s] Level 1:colcon.colcon_core.package_identification:_identify(esda_control) by extensions ['ignore', 'ignore_ament_install']
[0.905s] Level 1:colcon.colcon_core.package_identification:_identify(esda_control) by extension 'ignore'
[0.905s] Level 1:colcon.colcon_core.package_identification:_identify(esda_control) by extension 'ignore_ament_install'
[0.905s] Level 1:colcon.colcon_core.package_identification:_identify(esda_control) by extensions ['colcon_pkg']
[0.905s] Level 1:colcon.colcon_core.package_identification:_identify(esda_control) by extension 'colcon_pkg'
[0.905s] Level 1:colcon.colcon_core.package_identification:_identify(esda_control) by extensions ['colcon_meta']
[0.905s] Level 1:colcon.colcon_core.package_identification:_identify(esda_control) by extension 'colcon_meta'
[0.905s] Level 1:colcon.colcon_core.package_identification:_identify(esda_control) by extensions ['ros']
[0.905s] Level 1:colcon.colcon_core.package_identification:_identify(esda_control) by extension 'ros'
[0.908s] DEBUG:colcon.colcon_core.package_identification:Package 'esda_control' with type 'ros.ament_python' and name 'esda_control'
[0.908s] Level 1:colcon.colcon_core.package_identification:_identify(esda_launch) by extensions ['ignore', 'ignore_ament_install']
[0.909s] Level 1:colcon.colcon_core.package_identification:_identify(esda_launch) by extension 'ignore'
[0.909s] Level 1:colcon.colcon_core.package_identification:_identify(esda_launch) by extension 'ignore_ament_install'
[0.909s] Level 1:colcon.colcon_core.package_identification:_identify(esda_launch) by extensions ['colcon_pkg']
[0.909s] Level 1:colcon.colcon_core.package_identification:_identify(esda_launch) by extension 'colcon_pkg'
[0.909s] Level 1:colcon.colcon_core.package_identification:_identify(esda_launch) by extensions ['colcon_meta']
[0.909s] Level 1:colcon.colcon_core.package_identification:_identify(esda_launch) by extension 'colcon_meta'
[0.909s] Level 1:colcon.colcon_core.package_identification:_identify(esda_launch) by extensions ['ros']
[0.909s] Level 1:colcon.colcon_core.package_identification:_identify(esda_launch) by extension 'ros'
[0.910s] DEBUG:colcon.colcon_core.package_identification:Package 'esda_launch' with type 'ros.ament_python' and name 'esda_launch'
[0.910s] Level 1:colcon.colcon_core.package_identification:_identify(esda_ros2_control) by extensions ['ignore', 'ignore_ament_install']
[0.910s] Level 1:colcon.colcon_core.package_identification:_identify(esda_ros2_control) by extension 'ignore'
[0.910s] Level 1:colcon.colcon_core.package_identification:_identify(esda_ros2_control) by extension 'ignore_ament_install'
[0.910s] Level 1:colcon.colcon_core.package_identification:_identify(esda_ros2_control) by extensions ['colcon_pkg']
[0.910s] Level 1:colcon.colcon_core.package_identification:_identify(esda_ros2_control) by extension 'colcon_pkg'
[0.910s] Level 1:colcon.colcon_core.package_identification:_identify(esda_ros2_control) by extensions ['colcon_meta']
[0.910s] Level 1:colcon.colcon_core.package_identification:_identify(esda_ros2_control) by extension 'colcon_meta'
[0.910s] Level 1:colcon.colcon_core.package_identification:_identify(esda_ros2_control) by extensions ['ros']
[0.911s] Level 1:colcon.colcon_core.package_identification:_identify(esda_ros2_control) by extension 'ros'
[0.911s] Level 1:colcon.colcon_core.package_identification:_identify(esda_ros2_control) by extensions ['cmake', 'python']
[0.911s] Level 1:colcon.colcon_core.package_identification:_identify(esda_ros2_control) by extension 'cmake'
[0.911s] Level 1:colcon.colcon_core.package_identification:_identify(esda_ros2_control) by extension 'python'
[0.911s] Level 1:colcon.colcon_core.package_identification:_identify(esda_ros2_control) by extensions ['python_setup_py']
[0.911s] Level 1:colcon.colcon_core.package_identification:_identify(esda_ros2_control) by extension 'python_setup_py'
[0.911s] Level 1:colcon.colcon_core.package_identification:_identify(esda_ros2_control/build) by extensions ['ignore', 'ignore_ament_install']
[0.911s] Level 1:colcon.colcon_core.package_identification:_identify(esda_ros2_control/build) by extension 'ignore'
[0.911s] Level 1:colcon.colcon_core.package_identification:_identify(esda_ros2_control/build) ignored
[0.911s] Level 1:colcon.colcon_core.package_identification:_identify(esda_ros2_control/diff_drive_asterius_controller) by extensions ['ignore', 'ignore_ament_install']
[0.911s] Level 1:colcon.colcon_core.package_identification:_identify(esda_ros2_control/diff_drive_asterius_controller) by extension 'ignore'
[0.911s] Level 1:colcon.colcon_core.package_identification:_identify(esda_ros2_control/diff_drive_asterius_controller) by extension 'ignore_ament_install'
[0.911s] Level 1:colcon.colcon_core.package_identification:_identify(esda_ros2_control/diff_drive_asterius_controller) by extensions ['colcon_pkg']
[0.911s] Level 1:colcon.colcon_core.package_identification:_identify(esda_ros2_control/diff_drive_asterius_controller) by extension 'colcon_pkg'
[0.911s] Level 1:colcon.colcon_core.package_identification:_identify(esda_ros2_control/diff_drive_asterius_controller) by extensions ['colcon_meta']
[0.911s] Level 1:colcon.colcon_core.package_identification:_identify(esda_ros2_control/diff_drive_asterius_controller) by extension 'colcon_meta'
[0.911s] Level 1:colcon.colcon_core.package_identification:_identify(esda_ros2_control/diff_drive_asterius_controller) by extensions ['ros']
[0.911s] Level 1:colcon.colcon_core.package_identification:_identify(esda_ros2_control/diff_drive_asterius_controller) by extension 'ros'
[0.912s] DEBUG:colcon.colcon_core.package_identification:Package 'esda_ros2_control/diff_drive_asterius_controller' with type 'ros.ament_cmake' and name 'diff_drive_asterius_controller'
[0.913s] Level 1:colcon.colcon_core.package_identification:_identify(esda_ros2_control/diff_drive_asterius_hardware_interface) by extensions ['ignore', 'ignore_ament_install']
[0.913s] Level 1:colcon.colcon_core.package_identification:_identify(esda_ros2_control/diff_drive_asterius_hardware_interface) by extension 'ignore'
[0.913s] Level 1:colcon.colcon_core.package_identification:_identify(esda_ros2_control/diff_drive_asterius_hardware_interface) by extension 'ignore_ament_install'
[0.913s] Level 1:colcon.colcon_core.package_identification:_identify(esda_ros2_control/diff_drive_asterius_hardware_interface) by extensions ['colcon_pkg']
[0.913s] Level 1:colcon.colcon_core.package_identification:_identify(esda_ros2_control/diff_drive_asterius_hardware_interface) by extension 'colcon_pkg'
[0.913s] Level 1:colcon.colcon_core.package_identification:_identify(esda_ros2_control/diff_drive_asterius_hardware_interface) by extensions ['colcon_meta']
[0.913s] Level 1:colcon.colcon_core.package_identification:_identify(esda_ros2_control/diff_drive_asterius_hardware_interface) by extension 'colcon_meta'
[0.913s] Level 1:colcon.colcon_core.package_identification:_identify(esda_ros2_control/diff_drive_asterius_hardware_interface) by extensions ['ros']
[0.913s] Level 1:colcon.colcon_core.package_identification:_identify(esda_ros2_control/diff_drive_asterius_hardware_interface) by extension 'ros'
[0.914s] DEBUG:colcon.colcon_core.package_identification:Package 'esda_ros2_control/diff_drive_asterius_hardware_interface' with type 'ros.ament_cmake' and name 'diff_drive_asterius_hardware_interface'
[0.914s] Level 1:colcon.colcon_core.package_identification:_identify(esda_ros2_control/install) by extensions ['ignore', 'ignore_ament_install']
[0.914s] Level 1:colcon.colcon_core.package_identification:_identify(esda_ros2_control/install) by extension 'ignore'
[0.914s] Level 1:colcon.colcon_core.package_identification:_identify(esda_ros2_control/install) ignored
[0.914s] Level 1:colcon.colcon_core.package_identification:_identify(esda_ros2_control/log) by extensions ['ignore', 'ignore_ament_install']
[0.914s] Level 1:colcon.colcon_core.package_identification:_identify(esda_ros2_control/log) by extension 'ignore'
[0.914s] Level 1:colcon.colcon_core.package_identification:_identify(esda_ros2_control/log) ignored
[0.914s] Level 1:colcon.colcon_core.package_identification:_identify(esda_ros2_control/src) by extensions ['ignore', 'ignore_ament_install']
[0.915s] Level 1:colcon.colcon_core.package_identification:_identify(esda_ros2_control/src) by extension 'ignore'
[0.915s] Level 1:colcon.colcon_core.package_identification:_identify(esda_ros2_control/src) by extension 'ignore_ament_install'
[0.915s] Level 1:colcon.colcon_core.package_identification:_identify(esda_ros2_control/src) by extensions ['colcon_pkg']
[0.915s] Level 1:colcon.colcon_core.package_identification:_identify(esda_ros2_control/src) by extension 'colcon_pkg'
[0.915s] Level 1:colcon.colcon_core.package_identification:_identify(esda_ros2_control/src) by extensions ['colcon_meta']
[0.915s] Level 1:colcon.colcon_core.package_identification:_identify(esda_ros2_control/src) by extension 'colcon_meta'
[0.915s] Level 1:colcon.colcon_core.package_identification:_identify(esda_ros2_control/src) by extensions ['ros']
[0.915s] Level 1:colcon.colcon_core.package_identification:_identify(esda_ros2_control/src) by extension 'ros'
[0.915s] Level 1:colcon.colcon_core.package_identification:_identify(esda_ros2_control/src) by extensions ['cmake', 'python']
[0.915s] Level 1:colcon.colcon_core.package_identification:_identify(esda_ros2_control/src) by extension 'cmake'
[0.915s] Level 1:colcon.colcon_core.package_identification:_identify(esda_ros2_control/src) by extension 'python'
[0.915s] Level 1:colcon.colcon_core.package_identification:_identify(esda_ros2_control/src) by extensions ['python_setup_py']
[0.915s] Level 1:colcon.colcon_core.package_identification:_identify(esda_ros2_control/src) by extension 'python_setup_py'
[0.915s] Level 1:colcon.colcon_core.package_identification:_identify(esda_sim) by extensions ['ignore', 'ignore_ament_install']
[0.915s] Level 1:colcon.colcon_core.package_identification:_identify(esda_sim) by extension 'ignore'
[0.915s] Level 1:colcon.colcon_core.package_identification:_identify(esda_sim) by extension 'ignore_ament_install'
[0.915s] Level 1:colcon.colcon_core.package_identification:_identify(esda_sim) by extensions ['colcon_pkg']
[0.915s] Level 1:colcon.colcon_core.package_identification:_identify(esda_sim) by extension 'colcon_pkg'
[0.915s] Level 1:colcon.colcon_core.package_identification:_identify(esda_sim) by extensions ['colcon_meta']
[0.915s] Level 1:colcon.colcon_core.package_identification:_identify(esda_sim) by extension 'colcon_meta'
[0.915s] Level 1:colcon.colcon_core.package_identification:_identify(esda_sim) by extensions ['ros']
[0.915s] Level 1:colcon.colcon_core.package_identification:_identify(esda_sim) by extension 'ros'
[0.917s] DEBUG:colcon.colcon_core.package_identification:Package 'esda_sim' with type 'ros.ament_python' and name 'esda_sim'
[0.917s] Level 1:colcon.colcon_core.package_identification:_identify(esda_zed_cam) by extensions ['ignore', 'ignore_ament_install']
[0.917s] Level 1:colcon.colcon_core.package_identification:_identify(esda_zed_cam) by extension 'ignore'
[0.917s] Level 1:colcon.colcon_core.package_identification:_identify(esda_zed_cam) by extension 'ignore_ament_install'
[0.917s] Level 1:colcon.colcon_core.package_identification:_identify(esda_zed_cam) by extensions ['colcon_pkg']
[0.917s] Level 1:colcon.colcon_core.package_identification:_identify(esda_zed_cam) by extension 'colcon_pkg'
[0.917s] Level 1:colcon.colcon_core.package_identification:_identify(esda_zed_cam) by extensions ['colcon_meta']
[0.917s] Level 1:colcon.colcon_core.package_identification:_identify(esda_zed_cam) by extension 'colcon_meta'
[0.917s] Level 1:colcon.colcon_core.package_identification:_identify(esda_zed_cam) by extensions ['ros']
[0.917s] Level 1:colcon.colcon_core.package_identification:_identify(esda_zed_cam) by extension 'ros'
[0.918s] DEBUG:colcon.colcon_core.package_identification:Package 'esda_zed_cam' with type 'ros.ament_python' and name 'esda_zed_cam'
[0.918s] Level 1:colcon.colcon_core.package_identification:_identify(install) by extensions ['ignore', 'ignore_ament_install']
[0.919s] Level 1:colcon.colcon_core.package_identification:_identify(install) by extension 'ignore'
[0.919s] Level 1:colcon.colcon_core.package_identification:_identify(install) ignored
[0.919s] Level 1:colcon.colcon_core.package_identification:_identify(log) by extensions ['ignore', 'ignore_ament_install']
[0.919s] Level 1:colcon.colcon_core.package_identification:_identify(log) by extension 'ignore'
[0.919s] Level 1:colcon.colcon_core.package_identification:_identify(log) ignored
[0.919s] Level 1:colcon.colcon_core.package_identification:_identify(ros2_control_demos) by extensions ['ignore', 'ignore_ament_install']
[0.919s] Level 1:colcon.colcon_core.package_identification:_identify(ros2_control_demos) by extension 'ignore'
[0.919s] Level 1:colcon.colcon_core.package_identification:_identify(ros2_control_demos) by extension 'ignore_ament_install'
[0.919s] Level 1:colcon.colcon_core.package_identification:_identify(ros2_control_demos) by extensions ['colcon_pkg']
[0.919s] Level 1:colcon.colcon_core.package_identification:_identify(ros2_control_demos) by extension 'colcon_pkg'
[0.919s] Level 1:colcon.colcon_core.package_identification:_identify(ros2_control_demos) by extensions ['colcon_meta']
[0.919s] Level 1:colcon.colcon_core.package_identification:_identify(ros2_control_demos) by extension 'colcon_meta'
[0.919s] Level 1:colcon.colcon_core.package_identification:_identify(ros2_control_demos) by extensions ['ros']
[0.919s] Level 1:colcon.colcon_core.package_identification:_identify(ros2_control_demos) by extension 'ros'
[0.919s] Level 1:colcon.colcon_core.package_identification:_identify(ros2_control_demos) by extensions ['cmake', 'python']
[0.919s] Level 1:colcon.colcon_core.package_identification:_identify(ros2_control_demos) by extension 'cmake'
[0.919s] Level 1:colcon.colcon_core.package_identification:_identify(ros2_control_demos) by extension 'python'
[0.919s] Level 1:colcon.colcon_core.package_identification:_identify(ros2_control_demos) by extensions ['python_setup_py']
[0.919s] Level 1:colcon.colcon_core.package_identification:_identify(ros2_control_demos) by extension 'python_setup_py'
[0.920s] Level 1:colcon.colcon_core.package_identification:_identify(ros2_control_demos/Dockerfile) by extensions ['ignore', 'ignore_ament_install']
[0.920s] Level 1:colcon.colcon_core.package_identification:_identify(ros2_control_demos/Dockerfile) by extension 'ignore'
[0.920s] Level 1:colcon.colcon_core.package_identification:_identify(ros2_control_demos/Dockerfile) by extension 'ignore_ament_install'
[0.920s] Level 1:colcon.colcon_core.package_identification:_identify(ros2_control_demos/Dockerfile) by extensions ['colcon_pkg']
[0.920s] Level 1:colcon.colcon_core.package_identification:_identify(ros2_control_demos/Dockerfile) by extension 'colcon_pkg'
[0.920s] Level 1:colcon.colcon_core.package_identification:_identify(ros2_control_demos/Dockerfile) by extensions ['colcon_meta']
[0.920s] Level 1:colcon.colcon_core.package_identification:_identify(ros2_control_demos/Dockerfile) by extension 'colcon_meta'
[0.920s] Level 1:colcon.colcon_core.package_identification:_identify(ros2_control_demos/Dockerfile) by extensions ['ros']
[0.920s] Level 1:colcon.colcon_core.package_identification:_identify(ros2_control_demos/Dockerfile) by extension 'ros'
[0.920s] Level 1:colcon.colcon_core.package_identification:_identify(ros2_control_demos/Dockerfile) by extensions ['cmake', 'python']
[0.920s] Level 1:colcon.colcon_core.package_identification:_identify(ros2_control_demos/Dockerfile) by extension 'cmake'
[0.920s] Level 1:colcon.colcon_core.package_identification:_identify(ros2_control_demos/Dockerfile) by extension 'python'
[0.920s] Level 1:colcon.colcon_core.package_identification:_identify(ros2_control_demos/Dockerfile) by extensions ['python_setup_py']
[0.920s] Level 1:colcon.colcon_core.package_identification:_identify(ros2_control_demos/Dockerfile) by extension 'python_setup_py'
[0.920s] Level 1:colcon.colcon_core.package_identification:_identify(ros2_control_demos/doc) by extensions ['ignore', 'ignore_ament_install']
[0.920s] Level 1:colcon.colcon_core.package_identification:_identify(ros2_control_demos/doc) by extension 'ignore'
[0.920s] Level 1:colcon.colcon_core.package_identification:_identify(ros2_control_demos/doc) by extension 'ignore_ament_install'
[0.920s] Level 1:colcon.colcon_core.package_identification:_identify(ros2_control_demos/doc) by extensions ['colcon_pkg']
[0.920s] Level 1:colcon.colcon_core.package_identification:_identify(ros2_control_demos/doc) by extension 'colcon_pkg'
[0.920s] Level 1:colcon.colcon_core.package_identification:_identify(ros2_control_demos/doc) by extensions ['colcon_meta']
[0.920s] Level 1:colcon.colcon_core.package_identification:_identify(ros2_control_demos/doc) by extension 'colcon_meta'
[0.920s] Level 1:colcon.colcon_core.package_identification:_identify(ros2_control_demos/doc) by extensions ['ros']
[0.920s] Level 1:colcon.colcon_core.package_identification:_identify(ros2_control_demos/doc) by extension 'ros'
[0.920s] Level 1:colcon.colcon_core.package_identification:_identify(ros2_control_demos/doc) by extensions ['cmake', 'python']
[0.920s] Level 1:colcon.colcon_core.package_identification:_identify(ros2_control_demos/doc) by extension 'cmake'
[0.920s] Level 1:colcon.colcon_core.package_identification:_identify(ros2_control_demos/doc) by extension 'python'
[0.920s] Level 1:colcon.colcon_core.package_identification:_identify(ros2_control_demos/doc) by extensions ['python_setup_py']
[0.921s] Level 1:colcon.colcon_core.package_identification:_identify(ros2_control_demos/doc) by extension 'python_setup_py'
[0.921s] Level 1:colcon.colcon_core.package_identification:_identify(ros2_control_demos/example_1) by extensions ['ignore', 'ignore_ament_install']
[0.921s] Level 1:colcon.colcon_core.package_identification:_identify(ros2_control_demos/example_1) by extension 'ignore'
[0.921s] Level 1:colcon.colcon_core.package_identification:_identify(ros2_control_demos/example_1) by extension 'ignore_ament_install'
[0.921s] Level 1:colcon.colcon_core.package_identification:_identify(ros2_control_demos/example_1) by extensions ['colcon_pkg']
[0.921s] Level 1:colcon.colcon_core.package_identification:_identify(ros2_control_demos/example_1) by extension 'colcon_pkg'
[0.921s] Level 1:colcon.colcon_core.package_identification:_identify(ros2_control_demos/example_1) by extensions ['colcon_meta']
[0.921s] Level 1:colcon.colcon_core.package_identification:_identify(ros2_control_demos/example_1) by extension 'colcon_meta'
[0.921s] Level 1:colcon.colcon_core.package_identification:_identify(ros2_control_demos/example_1) by extensions ['ros']
[0.921s] Level 1:colcon.colcon_core.package_identification:_identify(ros2_control_demos/example_1) by extension 'ros'
[0.922s] DEBUG:colcon.colcon_core.package_identification:Package 'ros2_control_demos/example_1' with type 'ros.ament_cmake' and name 'ros2_control_demo_example_1'
[0.922s] Level 1:colcon.colcon_core.package_identification:_identify(ros2_control_demos/example_10) by extensions ['ignore', 'ignore_ament_install']
[0.922s] Level 1:colcon.colcon_core.package_identification:_identify(ros2_control_demos/example_10) by extension 'ignore'
[0.922s] Level 1:colcon.colcon_core.package_identification:_identify(ros2_control_demos/example_10) by extension 'ignore_ament_install'
[0.922s] Level 1:colcon.colcon_core.package_identification:_identify(ros2_control_demos/example_10) by extensions ['colcon_pkg']
[0.922s] Level 1:colcon.colcon_core.package_identification:_identify(ros2_control_demos/example_10) by extension 'colcon_pkg'
[0.922s] Level 1:colcon.colcon_core.package_identification:_identify(ros2_control_demos/example_10) by extensions ['colcon_meta']
[0.922s] Level 1:colcon.colcon_core.package_identification:_identify(ros2_control_demos/example_10) by extension 'colcon_meta'
[0.922s] Level 1:colcon.colcon_core.package_identification:_identify(ros2_control_demos/example_10) by extensions ['ros']
[0.922s] Level 1:colcon.colcon_core.package_identification:_identify(ros2_control_demos/example_10) by extension 'ros'
[0.923s] DEBUG:colcon.colcon_core.package_identification:Package 'ros2_control_demos/example_10' with type 'ros.ament_cmake' and name 'ros2_control_demo_example_10'
[0.923s] Level 1:colcon.colcon_core.package_identification:_identify(ros2_control_demos/example_11) by extensions ['ignore', 'ignore_ament_install']
[0.923s] Level 1:colcon.colcon_core.package_identification:_identify(ros2_control_demos/example_11) by extension 'ignore'
[0.923s] Level 1:colcon.colcon_core.package_identification:_identify(ros2_control_demos/example_11) by extension 'ignore_ament_install'
[0.923s] Level 1:colcon.colcon_core.package_identification:_identify(ros2_control_demos/example_11) by extensions ['colcon_pkg']
[0.923s] Level 1:colcon.colcon_core.package_identification:_identify(ros2_control_demos/example_11) by extension 'colcon_pkg'
[0.923s] Level 1:colcon.colcon_core.package_identification:_identify(ros2_control_demos/example_11) by extensions ['colcon_meta']
[0.923s] Level 1:colcon.colcon_core.package_identification:_identify(ros2_control_demos/example_11) by extension 'colcon_meta'
[0.924s] Level 1:colcon.colcon_core.package_identification:_identify(ros2_control_demos/example_11) by extensions ['ros']
[0.924s] Level 1:colcon.colcon_core.package_identification:_identify(ros2_control_demos/example_11) by extension 'ros'
[0.925s] DEBUG:colcon.colcon_core.package_identification:Package 'ros2_control_demos/example_11' with type 'ros.ament_cmake' and name 'ros2_control_demo_example_11'
[0.925s] Level 1:colcon.colcon_core.package_identification:_identify(ros2_control_demos/example_12) by extensions ['ignore', 'ignore_ament_install']
[0.925s] Level 1:colcon.colcon_core.package_identification:_identify(ros2_control_demos/example_12) by extension 'ignore'
[0.925s] Level 1:colcon.colcon_core.package_identification:_identify(ros2_control_demos/example_12) by extension 'ignore_ament_install'
[0.925s] Level 1:colcon.colcon_core.package_identification:_identify(ros2_control_demos/example_12) by extensions ['colcon_pkg']
[0.925s] Level 1:colcon.colcon_core.package_identification:_identify(ros2_control_demos/example_12) by extension 'colcon_pkg'
[0.925s] Level 1:colcon.colcon_core.package_identification:_identify(ros2_control_demos/example_12) by extensions ['colcon_meta']
[0.925s] Level 1:colcon.colcon_core.package_identification:_identify(ros2_control_demos/example_12) by extension 'colcon_meta'
[0.925s] Level 1:colcon.colcon_core.package_identification:_identify(ros2_control_demos/example_12) by extensions ['ros']
[0.925s] Level 1:colcon.colcon_core.package_identification:_identify(ros2_control_demos/example_12) by extension 'ros'
[0.926s] DEBUG:colcon.colcon_core.package_identification:Package 'ros2_control_demos/example_12' with type 'ros.ament_cmake' and name 'ros2_control_demo_example_12'
[0.926s] Level 1:colcon.colcon_core.package_identification:_identify(ros2_control_demos/example_14) by extensions ['ignore', 'ignore_ament_install']
[0.926s] Level 1:colcon.colcon_core.package_identification:_identify(ros2_control_demos/example_14) by extension 'ignore'
[0.926s] Level 1:colcon.colcon_core.package_identification:_identify(ros2_control_demos/example_14) by extension 'ignore_ament_install'
[0.926s] Level 1:colcon.colcon_core.package_identification:_identify(ros2_control_demos/example_14) by extensions ['colcon_pkg']
[0.926s] Level 1:colcon.colcon_core.package_identification:_identify(ros2_control_demos/example_14) by extension 'colcon_pkg'
[0.926s] Level 1:colcon.colcon_core.package_identification:_identify(ros2_control_demos/example_14) by extensions ['colcon_meta']
[0.926s] Level 1:colcon.colcon_core.package_identification:_identify(ros2_control_demos/example_14) by extension 'colcon_meta'
[0.927s] Level 1:colcon.colcon_core.package_identification:_identify(ros2_control_demos/example_14) by extensions ['ros']
[0.927s] Level 1:colcon.colcon_core.package_identification:_identify(ros2_control_demos/example_14) by extension 'ros'
[0.927s] DEBUG:colcon.colcon_core.package_identification:Package 'ros2_control_demos/example_14' with type 'ros.ament_cmake' and name 'ros2_control_demo_example_14'
[0.928s] Level 1:colcon.colcon_core.package_identification:_identify(ros2_control_demos/example_15) by extensions ['ignore', 'ignore_ament_install']
[0.928s] Level 1:colcon.colcon_core.package_identification:_identify(ros2_control_demos/example_15) by extension 'ignore'
[0.928s] Level 1:colcon.colcon_core.package_identification:_identify(ros2_control_demos/example_15) by extension 'ignore_ament_install'
[0.928s] Level 1:colcon.colcon_core.package_identification:_identify(ros2_control_demos/example_15) by extensions ['colcon_pkg']
[0.928s] Level 1:colcon.colcon_core.package_identification:_identify(ros2_control_demos/example_15) by extension 'colcon_pkg'
[0.928s] Level 1:colcon.colcon_core.package_identification:_identify(ros2_control_demos/example_15) by extensions ['colcon_meta']
[0.928s] Level 1:colcon.colcon_core.package_identification:_identify(ros2_control_demos/example_15) by extension 'colcon_meta'
[0.928s] Level 1:colcon.colcon_core.package_identification:_identify(ros2_control_demos/example_15) by extensions ['ros']
[0.928s] Level 1:colcon.colcon_core.package_identification:_identify(ros2_control_demos/example_15) by extension 'ros'
[0.929s] DEBUG:colcon.colcon_core.package_identification:Package 'ros2_control_demos/example_15' with type 'ros.ament_cmake' and name 'ros2_control_demo_example_15'
[0.929s] Level 1:colcon.colcon_core.package_identification:_identify(ros2_control_demos/example_2) by extensions ['ignore', 'ignore_ament_install']
[0.929s] Level 1:colcon.colcon_core.package_identification:_identify(ros2_control_demos/example_2) by extension 'ignore'
[0.929s] Level 1:colcon.colcon_core.package_identification:_identify(ros2_control_demos/example_2) by extension 'ignore_ament_install'
[0.929s] Level 1:colcon.colcon_core.package_identification:_identify(ros2_control_demos/example_2) by extensions ['colcon_pkg']
[0.929s] Level 1:colcon.colcon_core.package_identification:_identify(ros2_control_demos/example_2) by extension 'colcon_pkg'
[0.929s] Level 1:colcon.colcon_core.package_identification:_identify(ros2_control_demos/example_2) by extensions ['colcon_meta']
[0.929s] Level 1:colcon.colcon_core.package_identification:_identify(ros2_control_demos/example_2) by extension 'colcon_meta'
[0.929s] Level 1:colcon.colcon_core.package_identification:_identify(ros2_control_demos/example_2) by extensions ['ros']
[0.929s] Level 1:colcon.colcon_core.package_identification:_identify(ros2_control_demos/example_2) by extension 'ros'
[0.930s] DEBUG:colcon.colcon_core.package_identification:Package 'ros2_control_demos/example_2' with type 'ros.ament_cmake' and name 'ros2_control_demo_example_2'
[0.930s] Level 1:colcon.colcon_core.package_identification:_identify(ros2_control_demos/example_3) by extensions ['ignore', 'ignore_ament_install']
[0.930s] Level 1:colcon.colcon_core.package_identification:_identify(ros2_control_demos/example_3) by extension 'ignore'
[0.930s] Level 1:colcon.colcon_core.package_identification:_identify(ros2_control_demos/example_3) by extension 'ignore_ament_install'
[0.930s] Level 1:colcon.colcon_core.package_identification:_identify(ros2_control_demos/example_3) by extensions ['colcon_pkg']
[0.930s] Level 1:colcon.colcon_core.package_identification:_identify(ros2_control_demos/example_3) by extension 'colcon_pkg'
[0.930s] Level 1:colcon.colcon_core.package_identification:_identify(ros2_control_demos/example_3) by extensions ['colcon_meta']
[0.930s] Level 1:colcon.colcon_core.package_identification:_identify(ros2_control_demos/example_3) by extension 'colcon_meta'
[0.930s] Level 1:colcon.colcon_core.package_identification:_identify(ros2_control_demos/example_3) by extensions ['ros']
[0.930s] Level 1:colcon.colcon_core.package_identification:_identify(ros2_control_demos/example_3) by extension 'ros'
[0.931s] DEBUG:colcon.colcon_core.package_identification:Package 'ros2_control_demos/example_3' with type 'ros.ament_cmake' and name 'ros2_control_demo_example_3'
[0.932s] Level 1:colcon.colcon_core.package_identification:_identify(ros2_control_demos/example_4) by extensions ['ignore', 'ignore_ament_install']
[0.932s] Level 1:colcon.colcon_core.package_identification:_identify(ros2_control_demos/example_4) by extension 'ignore'
[0.932s] Level 1:colcon.colcon_core.package_identification:_identify(ros2_control_demos/example_4) by extension 'ignore_ament_install'
[0.932s] Level 1:colcon.colcon_core.package_identification:_identify(ros2_control_demos/example_4) by extensions ['colcon_pkg']
[0.932s] Level 1:colcon.colcon_core.package_identification:_identify(ros2_control_demos/example_4) by extension 'colcon_pkg'
[0.932s] Level 1:colcon.colcon_core.package_identification:_identify(ros2_control_demos/example_4) by extensions ['colcon_meta']
[0.932s] Level 1:colcon.colcon_core.package_identification:_identify(ros2_control_demos/example_4) by extension 'colcon_meta'
[0.932s] Level 1:colcon.colcon_core.package_identification:_identify(ros2_control_demos/example_4) by extensions ['ros']
[0.932s] Level 1:colcon.colcon_core.package_identification:_identify(ros2_control_demos/example_4) by extension 'ros'
[0.933s] DEBUG:colcon.colcon_core.package_identification:Package 'ros2_control_demos/example_4' with type 'ros.ament_cmake' and name 'ros2_control_demo_example_4'
[0.933s] Level 1:colcon.colcon_core.package_identification:_identify(ros2_control_demos/example_5) by extensions ['ignore', 'ignore_ament_install']
[0.933s] Level 1:colcon.colcon_core.package_identification:_identify(ros2_control_demos/example_5) by extension 'ignore'
[0.933s] Level 1:colcon.colcon_core.package_identification:_identify(ros2_control_demos/example_5) by extension 'ignore_ament_install'
[0.933s] Level 1:colcon.colcon_core.package_identification:_identify(ros2_control_demos/example_5) by extensions ['colcon_pkg']
[0.933s] Level 1:colcon.colcon_core.package_identification:_identify(ros2_control_demos/example_5) by extension 'colcon_pkg'
[0.933s] Level 1:colcon.colcon_core.package_identification:_identify(ros2_control_demos/example_5) by extensions ['colcon_meta']
[0.933s] Level 1:colcon.colcon_core.package_identification:_identify(ros2_control_demos/example_5) by extension 'colcon_meta'
[0.933s] Level 1:colcon.colcon_core.package_identification:_identify(ros2_control_demos/example_5) by extensions ['ros']
[0.934s] Level 1:colcon.colcon_core.package_identification:_identify(ros2_control_demos/example_5) by extension 'ros'
[0.934s] DEBUG:colcon.colcon_core.package_identification:Package 'ros2_control_demos/example_5' with type 'ros.ament_cmake' and name 'ros2_control_demo_example_5'
[0.935s] Level 1:colcon.colcon_core.package_identification:_identify(ros2_control_demos/example_6) by extensions ['ignore', 'ignore_ament_install']
[0.935s] Level 1:colcon.colcon_core.package_identification:_identify(ros2_control_demos/example_6) by extension 'ignore'
[0.935s] Level 1:colcon.colcon_core.package_identification:_identify(ros2_control_demos/example_6) by extension 'ignore_ament_install'
[0.935s] Level 1:colcon.colcon_core.package_identification:_identify(ros2_control_demos/example_6) by extensions ['colcon_pkg']
[0.935s] Level 1:colcon.colcon_core.package_identification:_identify(ros2_control_demos/example_6) by extension 'colcon_pkg'
[0.935s] Level 1:colcon.colcon_core.package_identification:_identify(ros2_control_demos/example_6) by extensions ['colcon_meta']
[0.935s] Level 1:colcon.colcon_core.package_identification:_identify(ros2_control_demos/example_6) by extension 'colcon_meta'
[0.935s] Level 1:colcon.colcon_core.package_identification:_identify(ros2_control_demos/example_6) by extensions ['ros']
[0.935s] Level 1:colcon.colcon_core.package_identification:_identify(ros2_control_demos/example_6) by extension 'ros'
[0.936s] DEBUG:colcon.colcon_core.package_identification:Package 'ros2_control_demos/example_6' with type 'ros.ament_cmake' and name 'ros2_control_demo_example_6'
[0.936s] Level 1:colcon.colcon_core.package_identification:_identify(ros2_control_demos/example_7) by extensions ['ignore', 'ignore_ament_install']
[0.936s] Level 1:colcon.colcon_core.package_identification:_identify(ros2_control_demos/example_7) by extension 'ignore'
[0.936s] Level 1:colcon.colcon_core.package_identification:_identify(ros2_control_demos/example_7) by extension 'ignore_ament_install'
[0.936s] Level 1:colcon.colcon_core.package_identification:_identify(ros2_control_demos/example_7) by extensions ['colcon_pkg']
[0.936s] Level 1:colcon.colcon_core.package_identification:_identify(ros2_control_demos/example_7) by extension 'colcon_pkg'
[0.936s] Level 1:colcon.colcon_core.package_identification:_identify(ros2_control_demos/example_7) by extensions ['colcon_meta']
[0.936s] Level 1:colcon.colcon_core.package_identification:_identify(ros2_control_demos/example_7) by extension 'colcon_meta'
[0.936s] Level 1:colcon.colcon_core.package_identification:_identify(ros2_control_demos/example_7) by extensions ['ros']
[0.936s] Level 1:colcon.colcon_core.package_identification:_identify(ros2_control_demos/example_7) by extension 'ros'
[0.939s] DEBUG:colcon.colcon_core.package_identification:Package 'ros2_control_demos/example_7' with type 'ros.ament_cmake' and name 'ros2_control_demo_example_7'
[0.941s] Level 1:colcon.colcon_core.package_identification:_identify(ros2_control_demos/example_8) by extensions ['ignore', 'ignore_ament_install']
[0.941s] Level 1:colcon.colcon_core.package_identification:_identify(ros2_control_demos/example_8) by extension 'ignore'
[0.941s] Level 1:colcon.colcon_core.package_identification:_identify(ros2_control_demos/example_8) by extension 'ignore_ament_install'
[0.941s] Level 1:colcon.colcon_core.package_identification:_identify(ros2_control_demos/example_8) by extensions ['colcon_pkg']
[0.941s] Level 1:colcon.colcon_core.package_identification:_identify(ros2_control_demos/example_8) by extension 'colcon_pkg'
[0.942s] Level 1:colcon.colcon_core.package_identification:_identify(ros2_control_demos/example_8) by extensions ['colcon_meta']
[0.942s] Level 1:colcon.colcon_core.package_identification:_identify(ros2_control_demos/example_8) by extension 'colcon_meta'
[0.942s] Level 1:colcon.colcon_core.package_identification:_identify(ros2_control_demos/example_8) by extensions ['ros']
[0.942s] Level 1:colcon.colcon_core.package_identification:_identify(ros2_control_demos/example_8) by extension 'ros'
[0.950s] DEBUG:colcon.colcon_core.package_identification:Package 'ros2_control_demos/example_8' with type 'ros.ament_cmake' and name 'ros2_control_demo_example_8'
[0.950s] Level 1:colcon.colcon_core.package_identification:_identify(ros2_control_demos/example_9) by extensions ['ignore', 'ignore_ament_install']
[0.951s] Level 1:colcon.colcon_core.package_identification:_identify(ros2_control_demos/example_9) by extension 'ignore'
[0.951s] Level 1:colcon.colcon_core.package_identification:_identify(ros2_control_demos/example_9) by extension 'ignore_ament_install'
[0.951s] Level 1:colcon.colcon_core.package_identification:_identify(ros2_control_demos/example_9) by extensions ['colcon_pkg']
[0.951s] Level 1:colcon.colcon_core.package_identification:_identify(ros2_control_demos/example_9) by extension 'colcon_pkg'
[0.951s] Level 1:colcon.colcon_core.package_identification:_identify(ros2_control_demos/example_9) by extensions ['colcon_meta']
[0.951s] Level 1:colcon.colcon_core.package_identification:_identify(ros2_control_demos/example_9) by extension 'colcon_meta'
[0.952s] Level 1:colcon.colcon_core.package_identification:_identify(ros2_control_demos/example_9) by extensions ['ros']
[0.952s] Level 1:colcon.colcon_core.package_identification:_identify(ros2_control_demos/example_9) by extension 'ros'
[0.954s] DEBUG:colcon.colcon_core.package_identification:Package 'ros2_control_demos/example_9' with type 'ros.ament_cmake' and name 'ros2_control_demo_example_9'
[0.954s] Level 1:colcon.colcon_core.package_identification:_identify(ros2_control_demos/ros2_control_demo_description) by extensions ['ignore', 'ignore_ament_install']
[0.955s] Level 1:colcon.colcon_core.package_identification:_identify(ros2_control_demos/ros2_control_demo_description) by extension 'ignore'
[0.955s] Level 1:colcon.colcon_core.package_identification:_identify(ros2_control_demos/ros2_control_demo_description) by extension 'ignore_ament_install'
[0.955s] Level 1:colcon.colcon_core.package_identification:_identify(ros2_control_demos/ros2_control_demo_description) by extensions ['colcon_pkg']
[0.955s] Level 1:colcon.colcon_core.package_identification:_identify(ros2_control_demos/ros2_control_demo_description) by extension 'colcon_pkg'
[0.955s] Level 1:colcon.colcon_core.package_identification:_identify(ros2_control_demos/ros2_control_demo_description) by extensions ['colcon_meta']
[0.955s] Level 1:colcon.colcon_core.package_identification:_identify(ros2_control_demos/ros2_control_demo_description) by extension 'colcon_meta'
[0.955s] Level 1:colcon.colcon_core.package_identification:_identify(ros2_control_demos/ros2_control_demo_description) by extensions ['ros']
[0.955s] Level 1:colcon.colcon_core.package_identification:_identify(ros2_control_demos/ros2_control_demo_description) by extension 'ros'
[0.956s] DEBUG:colcon.colcon_core.package_identification:Package 'ros2_control_demos/ros2_control_demo_description' with type 'ros.ament_cmake' and name 'ros2_control_demo_description'
[0.956s] Level 1:colcon.colcon_core.package_identification:_identify(ros2_control_demos/ros2_control_demo_testing) by extensions ['ignore', 'ignore_ament_install']
[0.956s] Level 1:colcon.colcon_core.package_identification:_identify(ros2_control_demos/ros2_control_demo_testing) by extension 'ignore'
[0.956s] Level 1:colcon.colcon_core.package_identification:_identify(ros2_control_demos/ros2_control_demo_testing) by extension 'ignore_ament_install'
[0.956s] Level 1:colcon.colcon_core.package_identification:_identify(ros2_control_demos/ros2_control_demo_testing) by extensions ['colcon_pkg']
[0.956s] Level 1:colcon.colcon_core.package_identification:_identify(ros2_control_demos/ros2_control_demo_testing) by extension 'colcon_pkg'
[0.956s] Level 1:colcon.colcon_core.package_identification:_identify(ros2_control_demos/ros2_control_demo_testing) by extensions ['colcon_meta']
[0.956s] Level 1:colcon.colcon_core.package_identification:_identify(ros2_control_demos/ros2_control_demo_testing) by extension 'colcon_meta'
[0.956s] Level 1:colcon.colcon_core.package_identification:_identify(ros2_control_demos/ros2_control_demo_testing) by extensions ['ros']
[0.956s] Level 1:colcon.colcon_core.package_identification:_identify(ros2_control_demos/ros2_control_demo_testing) by extension 'ros'
[0.957s] DEBUG:colcon.colcon_core.package_identification:Package 'ros2_control_demos/ros2_control_demo_testing' with type 'ros.ament_python' and name 'ros2_control_demo_testing'
[0.957s] Level 1:colcon.colcon_core.package_identification:_identify(ros2_control_demos/ros2_control_demos) by extensions ['ignore', 'ignore_ament_install']
[0.957s] Level 1:colcon.colcon_core.package_identification:_identify(ros2_control_demos/ros2_control_demos) by extension 'ignore'
[0.957s] Level 1:colcon.colcon_core.package_identification:_identify(ros2_control_demos/ros2_control_demos) by extension 'ignore_ament_install'
[0.957s] Level 1:colcon.colcon_core.package_identification:_identify(ros2_control_demos/ros2_control_demos) by extensions ['colcon_pkg']
[0.957s] Level 1:colcon.colcon_core.package_identification:_identify(ros2_control_demos/ros2_control_demos) by extension 'colcon_pkg'
[0.957s] Level 1:colcon.colcon_core.package_identification:_identify(ros2_control_demos/ros2_control_demos) by extensions ['colcon_meta']
[0.957s] Level 1:colcon.colcon_core.package_identification:_identify(ros2_control_demos/ros2_control_demos) by extension 'colcon_meta'
[0.957s] Level 1:colcon.colcon_core.package_identification:_identify(ros2_control_demos/ros2_control_demos) by extensions ['ros']
[0.957s] Level 1:colcon.colcon_core.package_identification:_identify(ros2_control_demos/ros2_control_demos) by extension 'ros'
[0.958s] DEBUG:colcon.colcon_core.package_identification:Package 'ros2_control_demos/ros2_control_demos' with type 'ros.ament_cmake' and name 'ros2_control_demos'
[0.958s] Level 1:colcon.colcon_core.package_discovery:discover_packages(recursive) using defaults
[0.958s] Level 1:colcon.colcon_core.package_discovery:discover_packages(ignore) discover
[0.958s] Level 1:colcon.colcon_core.package_discovery:discover_packages(ignore) using defaults
[0.958s] Level 1:colcon.colcon_core.package_discovery:discover_packages(path) discover
[0.958s] Level 1:colcon.colcon_core.package_discovery:discover_packages(path) using defaults
[0.997s] INFO:colcon.colcon_core.package_selection:Skipping not selected package 'diff_drive_asterius_controller' in 'esda_ros2_control/diff_drive_asterius_controller'
[0.997s] INFO:colcon.colcon_core.package_selection:Skipping not selected package 'esda_control' in 'esda_control'
[0.997s] INFO:colcon.colcon_core.package_selection:Skipping not selected package 'esda_launch' in 'esda_launch'
[0.997s] INFO:colcon.colcon_core.package_selection:Skipping not selected package 'esda_sim' in 'esda_sim'
[0.997s] INFO:colcon.colcon_core.package_selection:Skipping not selected package 'esda_zed_cam' in 'esda_zed_cam'
[0.997s] INFO:colcon.colcon_core.package_selection:Skipping not selected package 'ros2_control_demo_description' in 'ros2_control_demos/ros2_control_demo_description'
[0.997s] INFO:colcon.colcon_core.package_selection:Skipping not selected package 'ros2_control_demo_testing' in 'ros2_control_demos/ros2_control_demo_testing'
[0.997s] INFO:colcon.colcon_core.package_selection:Skipping not selected package 'diff_drive_asterius_hardware_interface' in 'esda_ros2_control/diff_drive_asterius_hardware_interface'
[0.997s] INFO:colcon.colcon_core.package_selection:Skipping not selected package 'ros2_control_demo_example_1' in 'ros2_control_demos/example_1'
[0.997s] INFO:colcon.colcon_core.package_selection:Skipping not selected package 'ros2_control_demo_example_10' in 'ros2_control_demos/example_10'
[0.997s] INFO:colcon.colcon_core.package_selection:Skipping not selected package 'ros2_control_demo_example_11' in 'ros2_control_demos/example_11'
[0.997s] INFO:colcon.colcon_core.package_selection:Skipping not selected package 'ros2_control_demo_example_12' in 'ros2_control_demos/example_12'
[0.997s] INFO:colcon.colcon_core.package_selection:Skipping not selected package 'ros2_control_demo_example_14' in 'ros2_control_demos/example_14'
[0.997s] INFO:colcon.colcon_core.package_selection:Skipping not selected package 'ros2_control_demo_example_2' in 'ros2_control_demos/example_2'
[0.997s] INFO:colcon.colcon_core.package_selection:Skipping not selected package 'ros2_control_demo_example_3' in 'ros2_control_demos/example_3'
[0.997s] INFO:colcon.colcon_core.package_selection:Skipping not selected package 'ros2_control_demo_example_4' in 'ros2_control_demos/example_4'
[0.997s] INFO:colcon.colcon_core.package_selection:Skipping not selected package 'ros2_control_demo_example_5' in 'ros2_control_demos/example_5'
[0.997s] INFO:colcon.colcon_core.package_selection:Skipping not selected package 'ros2_control_demo_example_6' in 'ros2_control_demos/example_6'
[0.997s] INFO:colcon.colcon_core.package_selection:Skipping not selected package 'ros2_control_demo_example_7' in 'ros2_control_demos/example_7'
[0.997s] INFO:colcon.colcon_core.package_selection:Skipping not selected package 'ros2_control_demo_example_8' in 'ros2_control_demos/example_8'
[0.997s] INFO:colcon.colcon_core.package_selection:Skipping not selected package 'ros2_control_demo_example_9' in 'ros2_control_demos/example_9'
[0.997s] INFO:colcon.colcon_core.package_selection:Skipping not selected package 'ros2_control_demo_example_15' in 'ros2_control_demos/example_15'
[0.997s] Level 1:colcon.colcon_core.package_discovery:discover_packages(prefix_path) check parameters
[0.997s] Level 1:colcon.colcon_core.package_discovery:discover_packages(prefix_path) discover
[0.999s] DEBUG:colcon.colcon_installed_package_information.package_discovery:Found 2 installed packages in /home/samue/GitHub/ESDA/esda_ros2_control/install
[1.000s] DEBUG:colcon.colcon_installed_package_information.package_discovery:Found 360 installed packages in /opt/ros/humble
[1.002s] Level 1:colcon.colcon_core.package_discovery:discover_packages(prefix_path) using defaults
[1.042s] Level 5:colcon.colcon_core.verb:set package 'ros2_control_demos' build argument 'cmake_args' from command line to 'None'
[1.042s] Level 5:colcon.colcon_core.verb:set package 'ros2_control_demos' build argument 'cmake_target' from command line to 'None'
[1.042s] Level 5:colcon.colcon_core.verb:set package 'ros2_control_demos' build argument 'cmake_target_skip_unavailable' from command line to 'False'
[1.042s] Level 5:colcon.colcon_core.verb:set package 'ros2_control_demos' build argument 'cmake_clean_cache' from command line to 'False'
[1.042s] Level 5:colcon.colcon_core.verb:set package 'ros2_control_demos' build argument 'cmake_clean_first' from command line to 'False'
[1.042s] Level 5:colcon.colcon_core.verb:set package 'ros2_control_demos' build argument 'cmake_force_configure' from command line to 'False'
[1.042s] Level 5:colcon.colcon_core.verb:set package 'ros2_control_demos' build argument 'ament_cmake_args' from command line to 'None'
[1.042s] Level 5:colcon.colcon_core.verb:set package 'ros2_control_demos' build argument 'catkin_cmake_args' from command line to 'None'
[1.042s] Level 5:colcon.colcon_core.verb:set package 'ros2_control_demos' build argument 'catkin_skip_building_tests' from command line to 'False'
[1.042s] DEBUG:colcon.colcon_core.verb:Building package 'ros2_control_demos' with the following arguments: {'ament_cmake_args': None, 'build_base': '/home/samue/GitHub/ESDA/build/ros2_control_demos', 'catkin_cmake_args': None, 'catkin_skip_building_tests': False, 'cmake_args': None, 'cmake_clean_cache': False, 'cmake_clean_first': False, 'cmake_force_configure': False, 'cmake_target': None, 'cmake_target_skip_unavailable': False, 'install_base': '/home/samue/GitHub/ESDA/install/ros2_control_demos', 'merge_install': False, 'path': '/home/samue/GitHub/ESDA/ros2_control_demos/ros2_control_demos', 'symlink_install': False, 'test_result_base': None}
[1.042s] INFO:colcon.colcon_core.executor:Executing jobs using 'parallel' executor
[1.044s] DEBUG:colcon.colcon_parallel_executor.executor.parallel:run_until_complete
[1.045s] INFO:colcon.colcon_ros.task.ament_cmake.build:Building ROS package in '/home/samue/GitHub/ESDA/ros2_control_demos/ros2_control_demos' with build type 'ament_cmake'
[1.045s] INFO:colcon.colcon_cmake.task.cmake.build:Building CMake package in '/home/samue/GitHub/ESDA/ros2_control_demos/ros2_control_demos'
[1.047s] INFO:colcon.colcon_core.plugin_system:Skipping extension 'colcon_core.shell.bat': Not used on non-Windows systems
[1.047s] INFO:colcon.colcon_core.shell:Skip shell extension 'powershell' for command environment: Not usable outside of PowerShell
[1.047s] DEBUG:colcon.colcon_core.shell:Skip shell extension 'dsv' for command environment
[1.049s] ERROR:colcon.colcon_cmake.task.cmake.build:Failed to find the following files:
- /home/samue/GitHub/ESDA/install/ros2_control_demo_description/share/ros2_control_demo_description/package.sh
- /home/samue/GitHub/ESDA/install/ros2_control_demo_testing/share/ros2_control_demo_testing/package.sh
- /home/samue/GitHub/ESDA/install/ros2_control_demo_example_1/share/ros2_control_demo_example_1/package.sh
- /home/samue/GitHub/ESDA/install/ros2_control_demo_example_10/share/ros2_control_demo_example_10/package.sh
- /home/samue/GitHub/ESDA/install/ros2_control_demo_example_11/share/ros2_control_demo_example_11/package.sh
- /home/samue/GitHub/ESDA/install/ros2_control_demo_example_12/share/ros2_control_demo_example_12/package.sh
- /home/samue/GitHub/ESDA/install/ros2_control_demo_example_14/share/ros2_control_demo_example_14/package.sh
- /home/samue/GitHub/ESDA/install/ros2_control_demo_example_2/share/ros2_control_demo_example_2/package.sh
- /home/samue/GitHub/ESDA/install/ros2_control_demo_example_3/share/ros2_control_demo_example_3/package.sh
- /home/samue/GitHub/ESDA/install/ros2_control_demo_example_4/share/ros2_control_demo_example_4/package.sh
- /home/samue/GitHub/ESDA/install/ros2_control_demo_example_5/share/ros2_control_demo_example_5/package.sh
- /home/samue/GitHub/ESDA/install/ros2_control_demo_example_6/share/ros2_control_demo_example_6/package.sh
- /home/samue/GitHub/ESDA/install/ros2_control_demo_example_7/share/ros2_control_demo_example_7/package.sh
- /home/samue/GitHub/ESDA/install/ros2_control_demo_example_8/share/ros2_control_demo_example_8/package.sh
- /home/samue/GitHub/ESDA/install/ros2_control_demo_example_9/share/ros2_control_demo_example_9/package.sh
- /home/samue/GitHub/ESDA/install/ros2_control_demo_example_15/share/ros2_control_demo_example_15/package.sh
Check that the following packages have been built:
- ros2_control_demo_description
- ros2_control_demo_testing
- ros2_control_demo_example_1
- ros2_control_demo_example_10
- ros2_control_demo_example_11
- ros2_control_demo_example_12
- ros2_control_demo_example_14
- ros2_control_demo_example_2
- ros2_control_demo_example_3
- ros2_control_demo_example_4
- ros2_control_demo_example_5
- ros2_control_demo_example_6
- ros2_control_demo_example_7
- ros2_control_demo_example_8
- ros2_control_demo_example_9
- ros2_control_demo_example_15
[1.049s] Level 1:colcon.colcon_core.environment:create_environment_scripts_only(ros2_control_demos)
[1.051s] Level 1:colcon.colcon_core.environment:checking '/home/samue/GitHub/ESDA/install/ros2_control_demos' for CMake module files
[1.052s] Level 1:colcon.colcon_core.environment:checking '/home/samue/GitHub/ESDA/install/ros2_control_demos' for CMake config files
[1.052s] Level 1:colcon.colcon_core.environment:checking '/home/samue/GitHub/ESDA/install/ros2_control_demos/bin'
[1.052s] Level 1:colcon.colcon_core.environment:checking '/home/samue/GitHub/ESDA/install/ros2_control_demos/lib/pkgconfig/ros2_control_demos.pc'
[1.052s] Level 1:colcon.colcon_core.environment:checking '/home/samue/GitHub/ESDA/install/ros2_control_demos/lib/python3.10/site-packages'
[1.052s] Level 1:colcon.colcon_core.environment:checking '/home/samue/GitHub/ESDA/install/ros2_control_demos/bin'
[1.053s] INFO:colcon.colcon_core.shell:Creating package script '/home/samue/GitHub/ESDA/install/ros2_control_demos/share/ros2_control_demos/package.ps1'
[1.054s] INFO:colcon.colcon_core.shell:Creating package descriptor '/home/samue/GitHub/ESDA/install/ros2_control_demos/share/ros2_control_demos/package.dsv'
[1.054s] INFO:colcon.colcon_core.shell:Creating package script '/home/samue/GitHub/ESDA/install/ros2_control_demos/share/ros2_control_demos/package.sh'
[1.055s] INFO:colcon.colcon_core.shell:Creating package script '/home/samue/GitHub/ESDA/install/ros2_control_demos/share/ros2_control_demos/package.bash'
[1.055s] INFO:colcon.colcon_core.shell:Creating package script '/home/samue/GitHub/ESDA/install/ros2_control_demos/share/ros2_control_demos/package.zsh'
[1.056s] Level 1:colcon.colcon_core.environment:create_file_with_runtime_dependencies(/home/samue/GitHub/ESDA/install/ros2_control_demos/share/colcon-core/packages/ros2_control_demos)
[1.068s] DEBUG:colcon.colcon_parallel_executor.executor.parallel:closing loop
[1.068s] DEBUG:colcon.colcon_parallel_executor.executor.parallel:loop closed
[1.068s] DEBUG:colcon.colcon_parallel_executor.executor.parallel:run_until_complete finished with '1'
[1.068s] DEBUG:colcon.colcon_core.event_reactor:joining thread
[1.357s] INFO:colcon.colcon_core.plugin_system:Skipping extension 'colcon_notification.desktop_notification.notify_send': Could not find 'notify-send'
[1.358s] INFO:colcon.colcon_core.plugin_system:Skipping extension 'colcon_notification.desktop_notification.terminal_notifier': Not used on non-Darwin systems
[1.358s] INFO:colcon.colcon_core.plugin_system:Skipping extension 'colcon_notification.desktop_notification.win32': Not used on non-Windows systems
[1.358s] INFO:colcon.colcon_notification.desktop_notification:Sending desktop notification using 'notify2'
[1.360s] DEBUG:colcon.colcon_notification.desktop_notification.notify2:Failed to initialize notify2: org.freedesktop.DBus.Error.ServiceUnknown: The name org.freedesktop.Notifications was not provided by any .service files
[1.361s] DEBUG:colcon.colcon_core.event_reactor:joined thread
[1.361s] INFO:colcon.colcon_core.shell:Creating prefix script '/home/samue/GitHub/ESDA/install/local_setup.ps1'
[1.362s] INFO:colcon.colcon_core.shell:Creating prefix util module '/home/samue/GitHub/ESDA/install/_local_setup_util_ps1.py'
[1.364s] INFO:colcon.colcon_core.shell:Creating prefix chain script '/home/samue/GitHub/ESDA/install/setup.ps1'
[1.365s] INFO:colcon.colcon_core.shell:Creating prefix script '/home/samue/GitHub/ESDA/install/local_setup.sh'
[1.366s] INFO:colcon.colcon_core.shell:Creating prefix util module '/home/samue/GitHub/ESDA/install/_local_setup_util_sh.py'
[1.366s] INFO:colcon.colcon_core.shell:Creating prefix chain script '/home/samue/GitHub/ESDA/install/setup.sh'
[1.368s] INFO:colcon.colcon_core.shell:Creating prefix script '/home/samue/GitHub/ESDA/install/local_setup.bash'
[1.368s] INFO:colcon.colcon_core.shell:Creating prefix chain script '/home/samue/GitHub/ESDA/install/setup.bash'
[1.369s] INFO:colcon.colcon_core.shell:Creating prefix script '/home/samue/GitHub/ESDA/install/local_setup.zsh'
[1.370s] INFO:colcon.colcon_core.shell:Creating prefix chain script '/home/samue/GitHub/ESDA/install/setup.zsh'
