/home/samue/GitHub/ESDA/install/esda_launch/lib/python3.10/site-packages/esda_launch/initial_datum_setter.py
/home/samue/GitHub/ESDA/install/esda_launch/lib/python3.10/site-packages/esda_launch/__init__.py
/home/samue/GitHub/ESDA/install/esda_launch/lib/python3.10/site-packages/esda_launch/__pycache__/initial_datum_setter.cpython-310.pyc
/home/samue/GitHub/ESDA/install/esda_launch/lib/python3.10/site-packages/esda_launch/__pycache__/__init__.cpython-310.pyc
/home/samue/GitHub/ESDA/install/esda_launch/share/ament_index/resource_index/packages/esda_launch
/home/samue/GitHub/ESDA/install/esda_launch/share/esda_launch/package.xml
/home/samue/GitHub/ESDA/install/esda_launch/share/esda_launch/config/VLP16-driver-config.yaml
/home/samue/GitHub/ESDA/install/esda_launch/share/esda_launch/config/robot_loc_dual_efk_config.yaml
/home/samue/GitHub/ESDA/install/esda_launch/share/esda_launch/config/swiftnav-config.yaml
/home/samue/GitHub/ESDA/install/esda_launch/share/esda_launch/launch/sensors_launch.py
/home/samue/GitHub/ESDA/install/esda_launch/share/esda_launch/launch/localization_launch.py
/home/samue/GitHub/ESDA/install/esda_launch/share/esda_launch/launch/perception_launch.py
/home/samue/GitHub/ESDA/install/esda_launch/share/esda_launch/launch/esda_launch.py
/home/samue/GitHub/ESDA/install/esda_launch/lib/python3.10/site-packages/esda_launch-0.0.0-py3.10.egg-info/dependency_links.txt
/home/samue/GitHub/ESDA/install/esda_launch/lib/python3.10/site-packages/esda_launch-0.0.0-py3.10.egg-info/entry_points.txt
/home/samue/GitHub/ESDA/install/esda_launch/lib/python3.10/site-packages/esda_launch-0.0.0-py3.10.egg-info/PKG-INFO
/home/samue/GitHub/ESDA/install/esda_launch/lib/python3.10/site-packages/esda_launch-0.0.0-py3.10.egg-info/zip-safe
/home/samue/GitHub/ESDA/install/esda_launch/lib/python3.10/site-packages/esda_launch-0.0.0-py3.10.egg-info/requires.txt
/home/samue/GitHub/ESDA/install/esda_launch/lib/python3.10/site-packages/esda_launch-0.0.0-py3.10.egg-info/SOURCES.txt
/home/samue/GitHub/ESDA/install/esda_launch/lib/python3.10/site-packages/esda_launch-0.0.0-py3.10.egg-info/top_level.txt
/home/samue/GitHub/ESDA/install/esda_launch/lib/esda_launch/datum_setter_node
