[0.435s] DEBUG:colcon:Command line arguments: ['/usr/bin/colcon', 'build']
[0.435s] DEBUG:colcon:Parsed command line arguments: Namespace(log_base=None, log_level=None, verb_name='build', build_base='build', install_base='install', merge_install=False, symlink_install=False, test_result_base=None, continue_on_error=False, executor='parallel', parallel_workers=20, event_handlers=None, ignore_user_meta=False, metas=['./colcon.meta'], base_paths=['.'], packages_ignore=None, packages_ignore_regex=None, paths=None, packages_up_to=None, packages_up_to_regex=None, packages_above=None, packages_above_and_dependencies=None, packages_above_depth=None, packages_select_by_dep=None, packages_skip_by_dep=None, packages_skip_up_to=None, packages_select_build_failed=False, packages_skip_build_finished=False, packages_select_test_failures=False, packages_skip_test_passed=False, packages_select=None, packages_skip=None, packages_select_regex=None, packages_skip_regex=None, packages_start=None, packages_end=None, allow_overriding=[], cmake_args=None, cmake_target=None, cmake_target_skip_unavailable=False, cmake_clean_cache=False, cmake_clean_first=False, cmake_force_configure=False, ament_cmake_args=None, catkin_cmake_args=None, catkin_skip_building_tests=False, mixin_files=None, mixin=None, verb_parser=<colcon_mixin.mixin.mixin_argument.MixinArgumentDecorator object at 0x7fdba19361d0>, verb_extension=<colcon_core.verb.build.BuildVerb object at 0x7fdba1935c90>, main=<bound method BuildVerb.main of <colcon_core.verb.build.BuildVerb object at 0x7fdba1935c90>>, mixin_verb=('build',))
[0.687s] Level 1:colcon.colcon_core.package_discovery:discover_packages(colcon_meta) check parameters
[0.687s] Level 1:colcon.colcon_core.package_discovery:discover_packages(recursive) check parameters
[0.687s] Level 1:colcon.colcon_core.package_discovery:discover_packages(ignore) check parameters
[0.687s] Level 1:colcon.colcon_core.package_discovery:discover_packages(path) check parameters
[0.688s] Level 1:colcon.colcon_core.package_discovery:discover_packages(colcon_meta) discover
[0.688s] Level 1:colcon.colcon_core.package_discovery:discover_packages(recursive) discover
[0.688s] INFO:colcon.colcon_core.package_discovery:Crawling recursively for packages in '/home/samue/GitHub/ESDA'
[0.688s] Level 1:colcon.colcon_core.package_identification:_identify(.) by extensions ['ignore', 'ignore_ament_install']
[0.688s] Level 1:colcon.colcon_core.package_identification:_identify(.) by extension 'ignore'
[0.688s] Level 1:colcon.colcon_core.package_identification:_identify(.) by extension 'ignore_ament_install'
[0.688s] Level 1:colcon.colcon_core.package_identification:_identify(.) by extensions ['colcon_pkg']
[0.688s] Level 1:colcon.colcon_core.package_identification:_identify(.) by extension 'colcon_pkg'
[0.688s] Level 1:colcon.colcon_core.package_identification:_identify(.) by extensions ['colcon_meta']
[0.688s] Level 1:colcon.colcon_core.package_identification:_identify(.) by extension 'colcon_meta'
[0.688s] Level 1:colcon.colcon_core.package_identification:_identify(.) by extensions ['ros']
[0.688s] Level 1:colcon.colcon_core.package_identification:_identify(.) by extension 'ros'
[0.708s] Level 1:colcon.colcon_core.package_identification:_identify(.) by extensions ['cmake', 'python']
[0.708s] Level 1:colcon.colcon_core.package_identification:_identify(.) by extension 'cmake'
[0.708s] Level 1:colcon.colcon_core.package_identification:_identify(.) by extension 'python'
[0.708s] Level 1:colcon.colcon_core.package_identification:_identify(.) by extensions ['python_setup_py']
[0.708s] Level 1:colcon.colcon_core.package_identification:_identify(.) by extension 'python_setup_py'
[0.708s] Level 1:colcon.colcon_core.package_identification:_identify(build) by extensions ['ignore', 'ignore_ament_install']
[0.708s] Level 1:colcon.colcon_core.package_identification:_identify(build) by extension 'ignore'
[0.708s] Level 1:colcon.colcon_core.package_identification:_identify(build) ignored
[0.709s] Level 1:colcon.colcon_core.package_identification:_identify(esda_control) by extensions ['ignore', 'ignore_ament_install']
[0.709s] Level 1:colcon.colcon_core.package_identification:_identify(esda_control) by extension 'ignore'
[0.709s] Level 1:colcon.colcon_core.package_identification:_identify(esda_control) by extension 'ignore_ament_install'
[0.709s] Level 1:colcon.colcon_core.package_identification:_identify(esda_control) by extensions ['colcon_pkg']
[0.709s] Level 1:colcon.colcon_core.package_identification:_identify(esda_control) by extension 'colcon_pkg'
[0.709s] Level 1:colcon.colcon_core.package_identification:_identify(esda_control) by extensions ['colcon_meta']
[0.709s] Level 1:colcon.colcon_core.package_identification:_identify(esda_control) by extension 'colcon_meta'
[0.709s] Level 1:colcon.colcon_core.package_identification:_identify(esda_control) by extensions ['ros']
[0.710s] Level 1:colcon.colcon_core.package_identification:_identify(esda_control) by extension 'ros'
[0.714s] DEBUG:colcon.colcon_core.package_identification:Package 'esda_control' with type 'ros.ament_python' and name 'esda_control'
[0.715s] Level 1:colcon.colcon_core.package_identification:_identify(esda_launch) by extensions ['ignore', 'ignore_ament_install']
[0.715s] Level 1:colcon.colcon_core.package_identification:_identify(esda_launch) by extension 'ignore'
[0.715s] Level 1:colcon.colcon_core.package_identification:_identify(esda_launch) by extension 'ignore_ament_install'
[0.716s] Level 1:colcon.colcon_core.package_identification:_identify(esda_launch) by extensions ['colcon_pkg']
[0.716s] Level 1:colcon.colcon_core.package_identification:_identify(esda_launch) by extension 'colcon_pkg'
[0.716s] Level 1:colcon.colcon_core.package_identification:_identify(esda_launch) by extensions ['colcon_meta']
[0.717s] Level 1:colcon.colcon_core.package_identification:_identify(esda_launch) by extension 'colcon_meta'
[0.717s] Level 1:colcon.colcon_core.package_identification:_identify(esda_launch) by extensions ['ros']
[0.717s] Level 1:colcon.colcon_core.package_identification:_identify(esda_launch) by extension 'ros'
[0.718s] DEBUG:colcon.colcon_core.package_identification:Package 'esda_launch' with type 'ros.ament_python' and name 'esda_launch'
[0.718s] Level 1:colcon.colcon_core.package_identification:_identify(esda_sim) by extensions ['ignore', 'ignore_ament_install']
[0.719s] Level 1:colcon.colcon_core.package_identification:_identify(esda_sim) by extension 'ignore'
[0.719s] Level 1:colcon.colcon_core.package_identification:_identify(esda_sim) by extension 'ignore_ament_install'
[0.719s] Level 1:colcon.colcon_core.package_identification:_identify(esda_sim) by extensions ['colcon_pkg']
[0.719s] Level 1:colcon.colcon_core.package_identification:_identify(esda_sim) by extension 'colcon_pkg'
[0.719s] Level 1:colcon.colcon_core.package_identification:_identify(esda_sim) by extensions ['colcon_meta']
[0.719s] Level 1:colcon.colcon_core.package_identification:_identify(esda_sim) by extension 'colcon_meta'
[0.719s] Level 1:colcon.colcon_core.package_identification:_identify(esda_sim) by extensions ['ros']
[0.719s] Level 1:colcon.colcon_core.package_identification:_identify(esda_sim) by extension 'ros'
[0.721s] DEBUG:colcon.colcon_core.package_identification:Package 'esda_sim' with type 'ros.ament_python' and name 'esda_sim'
[0.721s] Level 1:colcon.colcon_core.package_identification:_identify(esda_zed_cam) by extensions ['ignore', 'ignore_ament_install']
[0.721s] Level 1:colcon.colcon_core.package_identification:_identify(esda_zed_cam) by extension 'ignore'
[0.721s] Level 1:colcon.colcon_core.package_identification:_identify(esda_zed_cam) by extension 'ignore_ament_install'
[0.721s] Level 1:colcon.colcon_core.package_identification:_identify(esda_zed_cam) by extensions ['colcon_pkg']
[0.721s] Level 1:colcon.colcon_core.package_identification:_identify(esda_zed_cam) by extension 'colcon_pkg'
[0.721s] Level 1:colcon.colcon_core.package_identification:_identify(esda_zed_cam) by extensions ['colcon_meta']
[0.721s] Level 1:colcon.colcon_core.package_identification:_identify(esda_zed_cam) by extension 'colcon_meta'
[0.721s] Level 1:colcon.colcon_core.package_identification:_identify(esda_zed_cam) by extensions ['ros']
[0.721s] Level 1:colcon.colcon_core.package_identification:_identify(esda_zed_cam) by extension 'ros'
[0.722s] DEBUG:colcon.colcon_core.package_identification:Package 'esda_zed_cam' with type 'ros.ament_python' and name 'esda_zed_cam'
[0.722s] Level 1:colcon.colcon_core.package_identification:_identify(install) by extensions ['ignore', 'ignore_ament_install']
[0.722s] Level 1:colcon.colcon_core.package_identification:_identify(install) by extension 'ignore'
[0.722s] Level 1:colcon.colcon_core.package_identification:_identify(install) ignored
[0.723s] Level 1:colcon.colcon_core.package_identification:_identify(log) by extensions ['ignore', 'ignore_ament_install']
[0.723s] Level 1:colcon.colcon_core.package_identification:_identify(log) by extension 'ignore'
[0.723s] Level 1:colcon.colcon_core.package_identification:_identify(log) ignored
[0.723s] Level 1:colcon.colcon_core.package_identification:_identify(zed-ros-2-wrapper) by extensions ['ignore', 'ignore_ament_install']
[0.723s] Level 1:colcon.colcon_core.package_identification:_identify(zed-ros-2-wrapper) by extension 'ignore'
[0.723s] Level 1:colcon.colcon_core.package_identification:_identify(zed-ros-2-wrapper) by extension 'ignore_ament_install'
[0.723s] Level 1:colcon.colcon_core.package_identification:_identify(zed-ros-2-wrapper) by extensions ['colcon_pkg']
[0.723s] Level 1:colcon.colcon_core.package_identification:_identify(zed-ros-2-wrapper) by extension 'colcon_pkg'
[0.723s] Level 1:colcon.colcon_core.package_identification:_identify(zed-ros-2-wrapper) by extensions ['colcon_meta']
[0.723s] Level 1:colcon.colcon_core.package_identification:_identify(zed-ros-2-wrapper) by extension 'colcon_meta'
[0.723s] Level 1:colcon.colcon_core.package_identification:_identify(zed-ros-2-wrapper) by extensions ['ros']
[0.723s] Level 1:colcon.colcon_core.package_identification:_identify(zed-ros-2-wrapper) by extension 'ros'
[0.723s] Level 1:colcon.colcon_core.package_identification:_identify(zed-ros-2-wrapper) by extensions ['cmake', 'python']
[0.723s] Level 1:colcon.colcon_core.package_identification:_identify(zed-ros-2-wrapper) by extension 'cmake'
[0.723s] Level 1:colcon.colcon_core.package_identification:_identify(zed-ros-2-wrapper) by extension 'python'
[0.723s] Level 1:colcon.colcon_core.package_identification:_identify(zed-ros-2-wrapper) by extensions ['python_setup_py']
[0.723s] Level 1:colcon.colcon_core.package_identification:_identify(zed-ros-2-wrapper) by extension 'python_setup_py'
[0.724s] Level 1:colcon.colcon_core.package_discovery:discover_packages(recursive) using defaults
[0.724s] Level 1:colcon.colcon_core.package_discovery:discover_packages(ignore) discover
[0.724s] Level 1:colcon.colcon_core.package_discovery:discover_packages(ignore) using defaults
[0.724s] Level 1:colcon.colcon_core.package_discovery:discover_packages(path) discover
[0.724s] Level 1:colcon.colcon_core.package_discovery:discover_packages(path) using defaults
[0.759s] Level 1:colcon.colcon_core.package_discovery:discover_packages(prefix_path) check parameters
[0.760s] Level 1:colcon.colcon_core.package_discovery:discover_packages(prefix_path) discover
[0.762s] DEBUG:colcon.colcon_installed_package_information.package_discovery:Found 4 installed packages in /home/samue/GitHub/ESDA/install
[0.764s] DEBUG:colcon.colcon_installed_package_information.package_discovery:Found 361 installed packages in /opt/ros/humble
[0.788s] Level 1:colcon.colcon_core.package_discovery:discover_packages(prefix_path) using defaults
[0.870s] Level 5:colcon.colcon_core.verb:set package 'esda_control' build argument 'cmake_args' from command line to 'None'
[0.870s] Level 5:colcon.colcon_core.verb:set package 'esda_control' build argument 'cmake_target' from command line to 'None'
[0.870s] Level 5:colcon.colcon_core.verb:set package 'esda_control' build argument 'cmake_target_skip_unavailable' from command line to 'False'
[0.871s] Level 5:colcon.colcon_core.verb:set package 'esda_control' build argument 'cmake_clean_cache' from command line to 'False'
[0.871s] Level 5:colcon.colcon_core.verb:set package 'esda_control' build argument 'cmake_clean_first' from command line to 'False'
[0.871s] Level 5:colcon.colcon_core.verb:set package 'esda_control' build argument 'cmake_force_configure' from command line to 'False'
[0.871s] Level 5:colcon.colcon_core.verb:set package 'esda_control' build argument 'ament_cmake_args' from command line to 'None'
[0.871s] Level 5:colcon.colcon_core.verb:set package 'esda_control' build argument 'catkin_cmake_args' from command line to 'None'
[0.871s] Level 5:colcon.colcon_core.verb:set package 'esda_control' build argument 'catkin_skip_building_tests' from command line to 'False'
[0.871s] DEBUG:colcon.colcon_core.verb:Building package 'esda_control' with the following arguments: {'ament_cmake_args': None, 'build_base': '/home/samue/GitHub/ESDA/build/esda_control', 'catkin_cmake_args': None, 'catkin_skip_building_tests': False, 'cmake_args': None, 'cmake_clean_cache': False, 'cmake_clean_first': False, 'cmake_force_configure': False, 'cmake_target': None, 'cmake_target_skip_unavailable': False, 'install_base': '/home/samue/GitHub/ESDA/install/esda_control', 'merge_install': False, 'path': '/home/samue/GitHub/ESDA/esda_control', 'symlink_install': False, 'test_result_base': None}
[0.871s] Level 5:colcon.colcon_core.verb:set package 'esda_launch' build argument 'cmake_args' from command line to 'None'
[0.871s] Level 5:colcon.colcon_core.verb:set package 'esda_launch' build argument 'cmake_target' from command line to 'None'
[0.871s] Level 5:colcon.colcon_core.verb:set package 'esda_launch' build argument 'cmake_target_skip_unavailable' from command line to 'False'
[0.871s] Level 5:colcon.colcon_core.verb:set package 'esda_launch' build argument 'cmake_clean_cache' from command line to 'False'
[0.871s] Level 5:colcon.colcon_core.verb:set package 'esda_launch' build argument 'cmake_clean_first' from command line to 'False'
[0.872s] Level 5:colcon.colcon_core.verb:set package 'esda_launch' build argument 'cmake_force_configure' from command line to 'False'
[0.872s] Level 5:colcon.colcon_core.verb:set package 'esda_launch' build argument 'ament_cmake_args' from command line to 'None'
[0.872s] Level 5:colcon.colcon_core.verb:set package 'esda_launch' build argument 'catkin_cmake_args' from command line to 'None'
[0.872s] Level 5:colcon.colcon_core.verb:set package 'esda_launch' build argument 'catkin_skip_building_tests' from command line to 'False'
[0.872s] DEBUG:colcon.colcon_core.verb:Building package 'esda_launch' with the following arguments: {'ament_cmake_args': None, 'build_base': '/home/samue/GitHub/ESDA/build/esda_launch', 'catkin_cmake_args': None, 'catkin_skip_building_tests': False, 'cmake_args': None, 'cmake_clean_cache': False, 'cmake_clean_first': False, 'cmake_force_configure': False, 'cmake_target': None, 'cmake_target_skip_unavailable': False, 'install_base': '/home/samue/GitHub/ESDA/install/esda_launch', 'merge_install': False, 'path': '/home/samue/GitHub/ESDA/esda_launch', 'symlink_install': False, 'test_result_base': None}
[0.872s] Level 5:colcon.colcon_core.verb:set package 'esda_sim' build argument 'cmake_args' from command line to 'None'
[0.872s] Level 5:colcon.colcon_core.verb:set package 'esda_sim' build argument 'cmake_target' from command line to 'None'
[0.872s] Level 5:colcon.colcon_core.verb:set package 'esda_sim' build argument 'cmake_target_skip_unavailable' from command line to 'False'
[0.872s] Level 5:colcon.colcon_core.verb:set package 'esda_sim' build argument 'cmake_clean_cache' from command line to 'False'
[0.872s] Level 5:colcon.colcon_core.verb:set package 'esda_sim' build argument 'cmake_clean_first' from command line to 'False'
[0.872s] Level 5:colcon.colcon_core.verb:set package 'esda_sim' build argument 'cmake_force_configure' from command line to 'False'
[0.872s] Level 5:colcon.colcon_core.verb:set package 'esda_sim' build argument 'ament_cmake_args' from command line to 'None'
[0.873s] Level 5:colcon.colcon_core.verb:set package 'esda_sim' build argument 'catkin_cmake_args' from command line to 'None'
[0.873s] Level 5:colcon.colcon_core.verb:set package 'esda_sim' build argument 'catkin_skip_building_tests' from command line to 'False'
[0.874s] DEBUG:colcon.colcon_core.verb:Building package 'esda_sim' with the following arguments: {'ament_cmake_args': None, 'build_base': '/home/samue/GitHub/ESDA/build/esda_sim', 'catkin_cmake_args': None, 'catkin_skip_building_tests': False, 'cmake_args': None, 'cmake_clean_cache': False, 'cmake_clean_first': False, 'cmake_force_configure': False, 'cmake_target': None, 'cmake_target_skip_unavailable': False, 'install_base': '/home/samue/GitHub/ESDA/install/esda_sim', 'merge_install': False, 'path': '/home/samue/GitHub/ESDA/esda_sim', 'symlink_install': False, 'test_result_base': None}
[0.874s] Level 5:colcon.colcon_core.verb:set package 'esda_zed_cam' build argument 'cmake_args' from command line to 'None'
[0.874s] Level 5:colcon.colcon_core.verb:set package 'esda_zed_cam' build argument 'cmake_target' from command line to 'None'
[0.875s] Level 5:colcon.colcon_core.verb:set package 'esda_zed_cam' build argument 'cmake_target_skip_unavailable' from command line to 'False'
[0.875s] Level 5:colcon.colcon_core.verb:set package 'esda_zed_cam' build argument 'cmake_clean_cache' from command line to 'False'
[0.875s] Level 5:colcon.colcon_core.verb:set package 'esda_zed_cam' build argument 'cmake_clean_first' from command line to 'False'
[0.875s] Level 5:colcon.colcon_core.verb:set package 'esda_zed_cam' build argument 'cmake_force_configure' from command line to 'False'
[0.875s] Level 5:colcon.colcon_core.verb:set package 'esda_zed_cam' build argument 'ament_cmake_args' from command line to 'None'
[0.875s] Level 5:colcon.colcon_core.verb:set package 'esda_zed_cam' build argument 'catkin_cmake_args' from command line to 'None'
[0.875s] Level 5:colcon.colcon_core.verb:set package 'esda_zed_cam' build argument 'catkin_skip_building_tests' from command line to 'False'
[0.875s] DEBUG:colcon.colcon_core.verb:Building package 'esda_zed_cam' with the following arguments: {'ament_cmake_args': None, 'build_base': '/home/samue/GitHub/ESDA/build/esda_zed_cam', 'catkin_cmake_args': None, 'catkin_skip_building_tests': False, 'cmake_args': None, 'cmake_clean_cache': False, 'cmake_clean_first': False, 'cmake_force_configure': False, 'cmake_target': None, 'cmake_target_skip_unavailable': False, 'install_base': '/home/samue/GitHub/ESDA/install/esda_zed_cam', 'merge_install': False, 'path': '/home/samue/GitHub/ESDA/esda_zed_cam', 'symlink_install': False, 'test_result_base': None}
[0.875s] INFO:colcon.colcon_core.executor:Executing jobs using 'parallel' executor
[0.876s] DEBUG:colcon.colcon_parallel_executor.executor.parallel:run_until_complete
[0.877s] INFO:colcon.colcon_ros.task.ament_python.build:Building ROS package in '/home/samue/GitHub/ESDA/esda_control' with build type 'ament_python'
[0.877s] Level 1:colcon.colcon_core.shell:create_environment_hook('esda_control', 'ament_prefix_path')
[0.881s] INFO:colcon.colcon_core.plugin_system:Skipping extension 'colcon_core.shell.bat': Not used on non-Windows systems
[0.881s] INFO:colcon.colcon_core.shell:Creating environment hook '/home/samue/GitHub/ESDA/install/esda_control/share/esda_control/hook/ament_prefix_path.ps1'
[0.883s] INFO:colcon.colcon_core.shell:Creating environment descriptor '/home/samue/GitHub/ESDA/install/esda_control/share/esda_control/hook/ament_prefix_path.dsv'
[0.883s] INFO:colcon.colcon_core.shell:Creating environment hook '/home/samue/GitHub/ESDA/install/esda_control/share/esda_control/hook/ament_prefix_path.sh'
[0.886s] INFO:colcon.colcon_core.shell:Skip shell extension 'powershell' for command environment: Not usable outside of PowerShell
[0.886s] DEBUG:colcon.colcon_core.shell:Skip shell extension 'dsv' for command environment
[0.893s] INFO:colcon.colcon_ros.task.ament_python.build:Building ROS package in '/home/samue/GitHub/ESDA/esda_launch' with build type 'ament_python'
[0.894s] Level 1:colcon.colcon_core.shell:create_environment_hook('esda_launch', 'ament_prefix_path')
[0.895s] INFO:colcon.colcon_core.shell:Creating environment hook '/home/samue/GitHub/ESDA/install/esda_launch/share/esda_launch/hook/ament_prefix_path.ps1'
[0.896s] INFO:colcon.colcon_core.shell:Creating environment descriptor '/home/samue/GitHub/ESDA/install/esda_launch/share/esda_launch/hook/ament_prefix_path.dsv'
[0.896s] INFO:colcon.colcon_core.shell:Creating environment hook '/home/samue/GitHub/ESDA/install/esda_launch/share/esda_launch/hook/ament_prefix_path.sh'
[0.897s] INFO:colcon.colcon_core.shell:Skip shell extension 'powershell' for command environment: Not usable outside of PowerShell
[0.897s] DEBUG:colcon.colcon_core.shell:Skip shell extension 'dsv' for command environment
[0.902s] INFO:colcon.colcon_ros.task.ament_python.build:Building ROS package in '/home/samue/GitHub/ESDA/esda_sim' with build type 'ament_python'
[0.903s] Level 1:colcon.colcon_core.shell:create_environment_hook('esda_sim', 'ament_prefix_path')
[0.904s] INFO:colcon.colcon_core.shell:Creating environment hook '/home/samue/GitHub/ESDA/install/esda_sim/share/esda_sim/hook/ament_prefix_path.ps1'
[0.906s] INFO:colcon.colcon_core.shell:Creating environment descriptor '/home/samue/GitHub/ESDA/install/esda_sim/share/esda_sim/hook/ament_prefix_path.dsv'
[0.907s] INFO:colcon.colcon_core.shell:Creating environment hook '/home/samue/GitHub/ESDA/install/esda_sim/share/esda_sim/hook/ament_prefix_path.sh'
[0.909s] INFO:colcon.colcon_core.shell:Skip shell extension 'powershell' for command environment: Not usable outside of PowerShell
[0.909s] DEBUG:colcon.colcon_core.shell:Skip shell extension 'dsv' for command environment
[0.916s] INFO:colcon.colcon_ros.task.ament_python.build:Building ROS package in '/home/samue/GitHub/ESDA/esda_zed_cam' with build type 'ament_python'
[0.917s] Level 1:colcon.colcon_core.shell:create_environment_hook('esda_zed_cam', 'ament_prefix_path')
[0.918s] INFO:colcon.colcon_core.shell:Creating environment hook '/home/samue/GitHub/ESDA/install/esda_zed_cam/share/esda_zed_cam/hook/ament_prefix_path.ps1'
[0.920s] INFO:colcon.colcon_core.shell:Creating environment descriptor '/home/samue/GitHub/ESDA/install/esda_zed_cam/share/esda_zed_cam/hook/ament_prefix_path.dsv'
[0.921s] INFO:colcon.colcon_core.shell:Creating environment hook '/home/samue/GitHub/ESDA/install/esda_zed_cam/share/esda_zed_cam/hook/ament_prefix_path.sh'
[0.922s] INFO:colcon.colcon_core.shell:Skip shell extension 'powershell' for command environment: Not usable outside of PowerShell
[0.922s] DEBUG:colcon.colcon_core.shell:Skip shell extension 'dsv' for command environment
[1.355s] INFO:colcon.colcon_core.task.python.build:Building Python package in '/home/samue/GitHub/ESDA/esda_control'
[1.355s] INFO:colcon.colcon_core.shell:Skip shell extension 'powershell' for command environment: Not usable outside of PowerShell
[1.355s] DEBUG:colcon.colcon_core.shell:Skip shell extension 'dsv' for command environment
[1.789s] INFO:colcon.colcon_core.task.python.build:Building Python package in '/home/samue/GitHub/ESDA/esda_launch'
[1.790s] INFO:colcon.colcon_core.shell:Skip shell extension 'powershell' for command environment: Not usable outside of PowerShell
[1.791s] DEBUG:colcon.colcon_core.shell:Skip shell extension 'dsv' for command environment
[2.229s] INFO:colcon.colcon_core.task.python.build:Building Python package in '/home/samue/GitHub/ESDA/esda_sim'
[2.230s] INFO:colcon.colcon_core.shell:Skip shell extension 'powershell' for command environment: Not usable outside of PowerShell
[2.230s] DEBUG:colcon.colcon_core.shell:Skip shell extension 'dsv' for command environment
[2.664s] INFO:colcon.colcon_core.task.python.build:Building Python package in '/home/samue/GitHub/ESDA/esda_zed_cam'
[2.665s] INFO:colcon.colcon_core.shell:Skip shell extension 'powershell' for command environment: Not usable outside of PowerShell
[2.665s] DEBUG:colcon.colcon_core.shell:Skip shell extension 'dsv' for command environment
[3.387s] DEBUG:colcon.colcon_core.event_handler.log_command:Invoking command in '/home/samue/GitHub/ESDA/esda_control': PYTHONPATH=/home/samue/GitHub/ESDA/build/esda_control/prefix_override:/usr/lib/python3/dist-packages/colcon_core/task/python/colcon_distutils_commands:/home/samue/GitHub/ESDA/install/esda_control/lib/python3.10/site-packages:${PYTHONPATH} /usr/bin/python3 -W ignore:setup.py install is deprecated setup.py egg_info --egg-base ../build/esda_control build --build-base /home/samue/GitHub/ESDA/build/esda_control/build install --record /home/samue/GitHub/ESDA/build/esda_control/install.log --single-version-externally-managed install_data
[3.408s] DEBUG:colcon.colcon_core.event_handler.log_command:Invoking command in '/home/samue/GitHub/ESDA/esda_sim': PYTHONPATH=/home/samue/GitHub/ESDA/build/esda_sim/prefix_override:/usr/lib/python3/dist-packages/colcon_core/task/python/colcon_distutils_commands:/home/samue/GitHub/ESDA/install/esda_sim/lib/python3.10/site-packages:${PYTHONPATH} /usr/bin/python3 -W ignore:setup.py install is deprecated setup.py egg_info --egg-base ../build/esda_sim build --build-base /home/samue/GitHub/ESDA/build/esda_sim/build install --record /home/samue/GitHub/ESDA/build/esda_sim/install.log --single-version-externally-managed install_data
[3.421s] DEBUG:colcon.colcon_core.event_handler.log_command:Invoking command in '/home/samue/GitHub/ESDA/esda_launch': PYTHONPATH=/home/samue/GitHub/ESDA/build/esda_launch/prefix_override:/usr/lib/python3/dist-packages/colcon_core/task/python/colcon_distutils_commands:/home/samue/GitHub/ESDA/install/esda_launch/lib/python3.10/site-packages:${PYTHONPATH} /usr/bin/python3 -W ignore:setup.py install is deprecated setup.py egg_info --egg-base ../build/esda_launch build --build-base /home/samue/GitHub/ESDA/build/esda_launch/build install --record /home/samue/GitHub/ESDA/build/esda_launch/install.log --single-version-externally-managed install_data
[3.424s] DEBUG:colcon.colcon_core.event_handler.log_command:Invoking command in '/home/samue/GitHub/ESDA/esda_zed_cam': PYTHONPATH=/home/samue/GitHub/ESDA/build/esda_zed_cam/prefix_override:/usr/lib/python3/dist-packages/colcon_core/task/python/colcon_distutils_commands:/home/samue/GitHub/ESDA/install/esda_zed_cam/lib/python3.10/site-packages:${PYTHONPATH} /usr/bin/python3 -W ignore:setup.py install is deprecated setup.py egg_info --egg-base ../build/esda_zed_cam build --build-base /home/samue/GitHub/ESDA/build/esda_zed_cam/build install --record /home/samue/GitHub/ESDA/build/esda_zed_cam/install.log --single-version-externally-managed install_data
[3.996s] DEBUG:colcon.colcon_core.event_handler.log_command:Invoked command in '/home/samue/GitHub/ESDA/esda_control' returned '0': PYTHONPATH=/home/samue/GitHub/ESDA/build/esda_control/prefix_override:/usr/lib/python3/dist-packages/colcon_core/task/python/colcon_distutils_commands:/home/samue/GitHub/ESDA/install/esda_control/lib/python3.10/site-packages:${PYTHONPATH} /usr/bin/python3 -W ignore:setup.py install is deprecated setup.py egg_info --egg-base ../build/esda_control build --build-base /home/samue/GitHub/ESDA/build/esda_control/build install --record /home/samue/GitHub/ESDA/build/esda_control/install.log --single-version-externally-managed install_data
[4.001s] Level 1:colcon.colcon_core.environment:checking '/home/samue/GitHub/ESDA/install/esda_control' for CMake module files
[4.003s] Level 1:colcon.colcon_core.environment:checking '/home/samue/GitHub/ESDA/install/esda_control' for CMake config files
[4.004s] Level 1:colcon.colcon_core.environment:checking '/home/samue/GitHub/ESDA/install/esda_control/lib'
[4.004s] Level 1:colcon.colcon_core.environment:checking '/home/samue/GitHub/ESDA/install/esda_control/bin'
[4.005s] Level 1:colcon.colcon_core.environment:checking '/home/samue/GitHub/ESDA/install/esda_control/lib/pkgconfig/esda_control.pc'
[4.005s] Level 1:colcon.colcon_core.environment:checking '/home/samue/GitHub/ESDA/install/esda_control/lib/python3.10/site-packages'
[4.005s] Level 1:colcon.colcon_core.shell:create_environment_hook('esda_control', 'pythonpath')
[4.006s] INFO:colcon.colcon_core.shell:Creating environment hook '/home/samue/GitHub/ESDA/install/esda_control/share/esda_control/hook/pythonpath.ps1'
[4.006s] INFO:colcon.colcon_core.shell:Creating environment descriptor '/home/samue/GitHub/ESDA/install/esda_control/share/esda_control/hook/pythonpath.dsv'
[4.007s] INFO:colcon.colcon_core.shell:Creating environment hook '/home/samue/GitHub/ESDA/install/esda_control/share/esda_control/hook/pythonpath.sh'
[4.008s] Level 1:colcon.colcon_core.environment:checking '/home/samue/GitHub/ESDA/install/esda_control/bin'
[4.008s] Level 1:colcon.colcon_core.environment:create_environment_scripts_only(esda_control)
[4.009s] INFO:colcon.colcon_core.shell:Creating package script '/home/samue/GitHub/ESDA/install/esda_control/share/esda_control/package.ps1'
[4.011s] INFO:colcon.colcon_core.shell:Creating package descriptor '/home/samue/GitHub/ESDA/install/esda_control/share/esda_control/package.dsv'
[4.014s] INFO:colcon.colcon_core.shell:Creating package script '/home/samue/GitHub/ESDA/install/esda_control/share/esda_control/package.sh'
[4.015s] INFO:colcon.colcon_core.shell:Creating package script '/home/samue/GitHub/ESDA/install/esda_control/share/esda_control/package.bash'
[4.016s] INFO:colcon.colcon_core.shell:Creating package script '/home/samue/GitHub/ESDA/install/esda_control/share/esda_control/package.zsh'
[4.017s] Level 1:colcon.colcon_core.environment:create_file_with_runtime_dependencies(/home/samue/GitHub/ESDA/install/esda_control/share/colcon-core/packages/esda_control)
[4.023s] Level 1:colcon.colcon_core.environment:checking '/home/samue/GitHub/ESDA/install/esda_launch' for CMake module files
[4.026s] DEBUG:colcon.colcon_core.event_handler.log_command:Invoked command in '/home/samue/GitHub/ESDA/esda_launch' returned '0': PYTHONPATH=/home/samue/GitHub/ESDA/build/esda_launch/prefix_override:/usr/lib/python3/dist-packages/colcon_core/task/python/colcon_distutils_commands:/home/samue/GitHub/ESDA/install/esda_launch/lib/python3.10/site-packages:${PYTHONPATH} /usr/bin/python3 -W ignore:setup.py install is deprecated setup.py egg_info --egg-base ../build/esda_launch build --build-base /home/samue/GitHub/ESDA/build/esda_launch/build install --record /home/samue/GitHub/ESDA/build/esda_launch/install.log --single-version-externally-managed install_data
[4.027s] Level 1:colcon.colcon_core.environment:checking '/home/samue/GitHub/ESDA/install/esda_launch' for CMake config files
[4.029s] Level 1:colcon.colcon_core.environment:checking '/home/samue/GitHub/ESDA/install/esda_launch/lib'
[4.029s] Level 1:colcon.colcon_core.environment:checking '/home/samue/GitHub/ESDA/install/esda_launch/bin'
[4.029s] Level 1:colcon.colcon_core.environment:checking '/home/samue/GitHub/ESDA/install/esda_launch/lib/pkgconfig/esda_launch.pc'
[4.029s] Level 1:colcon.colcon_core.environment:checking '/home/samue/GitHub/ESDA/install/esda_launch/lib/python3.10/site-packages'
[4.030s] Level 1:colcon.colcon_core.shell:create_environment_hook('esda_launch', 'pythonpath')
[4.030s] INFO:colcon.colcon_core.shell:Creating environment hook '/home/samue/GitHub/ESDA/install/esda_launch/share/esda_launch/hook/pythonpath.ps1'
[4.031s] INFO:colcon.colcon_core.shell:Creating environment descriptor '/home/samue/GitHub/ESDA/install/esda_launch/share/esda_launch/hook/pythonpath.dsv'
[4.031s] INFO:colcon.colcon_core.shell:Creating environment hook '/home/samue/GitHub/ESDA/install/esda_launch/share/esda_launch/hook/pythonpath.sh'
[4.032s] Level 1:colcon.colcon_core.environment:checking '/home/samue/GitHub/ESDA/install/esda_launch/bin'
[4.032s] Level 1:colcon.colcon_core.environment:create_environment_scripts_only(esda_launch)
[4.033s] INFO:colcon.colcon_core.shell:Creating package script '/home/samue/GitHub/ESDA/install/esda_launch/share/esda_launch/package.ps1'
[4.034s] INFO:colcon.colcon_core.shell:Creating package descriptor '/home/samue/GitHub/ESDA/install/esda_launch/share/esda_launch/package.dsv'
[4.035s] INFO:colcon.colcon_core.shell:Creating package script '/home/samue/GitHub/ESDA/install/esda_launch/share/esda_launch/package.sh'
[4.036s] INFO:colcon.colcon_core.shell:Creating package script '/home/samue/GitHub/ESDA/install/esda_launch/share/esda_launch/package.bash'
[4.037s] INFO:colcon.colcon_core.shell:Creating package script '/home/samue/GitHub/ESDA/install/esda_launch/share/esda_launch/package.zsh'
[4.039s] Level 1:colcon.colcon_core.environment:create_file_with_runtime_dependencies(/home/samue/GitHub/ESDA/install/esda_launch/share/colcon-core/packages/esda_launch)
[4.040s] Level 1:colcon.colcon_core.environment:checking '/home/samue/GitHub/ESDA/install/esda_sim' for CMake module files
[4.044s] Level 1:colcon.colcon_core.environment:checking '/home/samue/GitHub/ESDA/install/esda_sim' for CMake config files
[4.045s] DEBUG:colcon.colcon_core.event_handler.log_command:Invoked command in '/home/samue/GitHub/ESDA/esda_sim' returned '0': PYTHONPATH=/home/samue/GitHub/ESDA/build/esda_sim/prefix_override:/usr/lib/python3/dist-packages/colcon_core/task/python/colcon_distutils_commands:/home/samue/GitHub/ESDA/install/esda_sim/lib/python3.10/site-packages:${PYTHONPATH} /usr/bin/python3 -W ignore:setup.py install is deprecated setup.py egg_info --egg-base ../build/esda_sim build --build-base /home/samue/GitHub/ESDA/build/esda_sim/build install --record /home/samue/GitHub/ESDA/build/esda_sim/install.log --single-version-externally-managed install_data
[4.046s] Level 1:colcon.colcon_core.environment:checking '/home/samue/GitHub/ESDA/install/esda_sim/lib'
[4.046s] Level 1:colcon.colcon_core.environment:checking '/home/samue/GitHub/ESDA/install/esda_sim/bin'
[4.047s] Level 1:colcon.colcon_core.environment:checking '/home/samue/GitHub/ESDA/install/esda_sim/lib/pkgconfig/esda_sim.pc'
[4.047s] Level 1:colcon.colcon_core.environment:checking '/home/samue/GitHub/ESDA/install/esda_sim/lib/python3.10/site-packages'
[4.047s] Level 1:colcon.colcon_core.shell:create_environment_hook('esda_sim', 'pythonpath')
[4.048s] INFO:colcon.colcon_core.shell:Creating environment hook '/home/samue/GitHub/ESDA/install/esda_sim/share/esda_sim/hook/pythonpath.ps1'
[4.049s] INFO:colcon.colcon_core.shell:Creating environment descriptor '/home/samue/GitHub/ESDA/install/esda_sim/share/esda_sim/hook/pythonpath.dsv'
[4.049s] INFO:colcon.colcon_core.shell:Creating environment hook '/home/samue/GitHub/ESDA/install/esda_sim/share/esda_sim/hook/pythonpath.sh'
[4.050s] Level 1:colcon.colcon_core.environment:checking '/home/samue/GitHub/ESDA/install/esda_sim/bin'
[4.050s] Level 1:colcon.colcon_core.environment:create_environment_scripts_only(esda_sim)
[4.050s] INFO:colcon.colcon_core.shell:Creating package script '/home/samue/GitHub/ESDA/install/esda_sim/share/esda_sim/package.ps1'
[4.051s] INFO:colcon.colcon_core.shell:Creating package descriptor '/home/samue/GitHub/ESDA/install/esda_sim/share/esda_sim/package.dsv'
[4.052s] INFO:colcon.colcon_core.shell:Creating package script '/home/samue/GitHub/ESDA/install/esda_sim/share/esda_sim/package.sh'
[4.053s] INFO:colcon.colcon_core.shell:Creating package script '/home/samue/GitHub/ESDA/install/esda_sim/share/esda_sim/package.bash'
[4.053s] INFO:colcon.colcon_core.shell:Creating package script '/home/samue/GitHub/ESDA/install/esda_sim/share/esda_sim/package.zsh'
[4.054s] Level 1:colcon.colcon_core.environment:create_file_with_runtime_dependencies(/home/samue/GitHub/ESDA/install/esda_sim/share/colcon-core/packages/esda_sim)
[4.056s] Level 1:colcon.colcon_core.environment:checking '/home/samue/GitHub/ESDA/install/esda_zed_cam' for CMake module files
[4.058s] DEBUG:colcon.colcon_core.event_handler.log_command:Invoked command in '/home/samue/GitHub/ESDA/esda_zed_cam' returned '0': PYTHONPATH=/home/samue/GitHub/ESDA/build/esda_zed_cam/prefix_override:/usr/lib/python3/dist-packages/colcon_core/task/python/colcon_distutils_commands:/home/samue/GitHub/ESDA/install/esda_zed_cam/lib/python3.10/site-packages:${PYTHONPATH} /usr/bin/python3 -W ignore:setup.py install is deprecated setup.py egg_info --egg-base ../build/esda_zed_cam build --build-base /home/samue/GitHub/ESDA/build/esda_zed_cam/build install --record /home/samue/GitHub/ESDA/build/esda_zed_cam/install.log --single-version-externally-managed install_data
[4.058s] Level 1:colcon.colcon_core.environment:checking '/home/samue/GitHub/ESDA/install/esda_zed_cam' for CMake config files
[4.059s] Level 1:colcon.colcon_core.environment:checking '/home/samue/GitHub/ESDA/install/esda_zed_cam/lib'
[4.059s] Level 1:colcon.colcon_core.environment:checking '/home/samue/GitHub/ESDA/install/esda_zed_cam/bin'
[4.059s] Level 1:colcon.colcon_core.environment:checking '/home/samue/GitHub/ESDA/install/esda_zed_cam/lib/pkgconfig/esda_zed_cam.pc'
[4.060s] Level 1:colcon.colcon_core.environment:checking '/home/samue/GitHub/ESDA/install/esda_zed_cam/lib/python3.10/site-packages'
[4.060s] Level 1:colcon.colcon_core.shell:create_environment_hook('esda_zed_cam', 'pythonpath')
[4.061s] INFO:colcon.colcon_core.shell:Creating environment hook '/home/samue/GitHub/ESDA/install/esda_zed_cam/share/esda_zed_cam/hook/pythonpath.ps1'
[4.062s] INFO:colcon.colcon_core.shell:Creating environment descriptor '/home/samue/GitHub/ESDA/install/esda_zed_cam/share/esda_zed_cam/hook/pythonpath.dsv'
[4.063s] INFO:colcon.colcon_core.shell:Creating environment hook '/home/samue/GitHub/ESDA/install/esda_zed_cam/share/esda_zed_cam/hook/pythonpath.sh'
[4.065s] Level 1:colcon.colcon_core.environment:checking '/home/samue/GitHub/ESDA/install/esda_zed_cam/bin'
[4.065s] Level 1:colcon.colcon_core.environment:create_environment_scripts_only(esda_zed_cam)
[4.065s] INFO:colcon.colcon_core.shell:Creating package script '/home/samue/GitHub/ESDA/install/esda_zed_cam/share/esda_zed_cam/package.ps1'
[4.066s] INFO:colcon.colcon_core.shell:Creating package descriptor '/home/samue/GitHub/ESDA/install/esda_zed_cam/share/esda_zed_cam/package.dsv'
[4.067s] INFO:colcon.colcon_core.shell:Creating package script '/home/samue/GitHub/ESDA/install/esda_zed_cam/share/esda_zed_cam/package.sh'
[4.068s] INFO:colcon.colcon_core.shell:Creating package script '/home/samue/GitHub/ESDA/install/esda_zed_cam/share/esda_zed_cam/package.bash'
[4.068s] INFO:colcon.colcon_core.shell:Creating package script '/home/samue/GitHub/ESDA/install/esda_zed_cam/share/esda_zed_cam/package.zsh'
[4.069s] Level 1:colcon.colcon_core.environment:create_file_with_runtime_dependencies(/home/samue/GitHub/ESDA/install/esda_zed_cam/share/colcon-core/packages/esda_zed_cam)
[4.069s] DEBUG:colcon.colcon_parallel_executor.executor.parallel:closing loop
[4.071s] DEBUG:colcon.colcon_parallel_executor.executor.parallel:loop closed
[4.072s] DEBUG:colcon.colcon_parallel_executor.executor.parallel:run_until_complete finished with '0'
[4.073s] DEBUG:colcon.colcon_core.event_reactor:joining thread
[4.208s] INFO:colcon.colcon_core.plugin_system:Skipping extension 'colcon_notification.desktop_notification.notify_send': Could not find 'notify-send'
[4.208s] INFO:colcon.colcon_core.plugin_system:Skipping extension 'colcon_notification.desktop_notification.terminal_notifier': Not used on non-Darwin systems
[4.209s] INFO:colcon.colcon_core.plugin_system:Skipping extension 'colcon_notification.desktop_notification.win32': Not used on non-Windows systems
[4.209s] INFO:colcon.colcon_notification.desktop_notification:Sending desktop notification using 'notify2'
[4.211s] DEBUG:colcon.colcon_notification.desktop_notification.notify2:Failed to initialize notify2: org.freedesktop.DBus.Error.ServiceUnknown: The name org.freedesktop.Notifications was not provided by any .service files
[4.211s] DEBUG:colcon.colcon_core.event_reactor:joined thread
[4.212s] INFO:colcon.colcon_core.shell:Creating prefix script '/home/samue/GitHub/ESDA/install/local_setup.ps1'
[4.213s] INFO:colcon.colcon_core.shell:Creating prefix util module '/home/samue/GitHub/ESDA/install/_local_setup_util_ps1.py'
[4.216s] INFO:colcon.colcon_core.shell:Creating prefix chain script '/home/samue/GitHub/ESDA/install/setup.ps1'
[4.217s] INFO:colcon.colcon_core.shell:Creating prefix script '/home/samue/GitHub/ESDA/install/local_setup.sh'
[4.218s] INFO:colcon.colcon_core.shell:Creating prefix util module '/home/samue/GitHub/ESDA/install/_local_setup_util_sh.py'
[4.219s] INFO:colcon.colcon_core.shell:Creating prefix chain script '/home/samue/GitHub/ESDA/install/setup.sh'
[4.221s] INFO:colcon.colcon_core.shell:Creating prefix script '/home/samue/GitHub/ESDA/install/local_setup.bash'
[4.222s] INFO:colcon.colcon_core.shell:Creating prefix chain script '/home/samue/GitHub/ESDA/install/setup.bash'
[4.223s] INFO:colcon.colcon_core.shell:Creating prefix script '/home/samue/GitHub/ESDA/install/local_setup.zsh'
[4.224s] INFO:colcon.colcon_core.shell:Creating prefix chain script '/home/samue/GitHub/ESDA/install/setup.zsh'
