[1.620s] Invoking command in '/home/samue/GitHub/ESDA/esda_zed_cam': PYTHONPATH=/home/samue/GitHub/ESDA/build/esda_zed_cam/prefix_override:/usr/lib/python3/dist-packages/colcon_core/task/python/colcon_distutils_commands:/home/samue/GitHub/ESDA/install/esda_zed_cam/lib/python3.10/site-packages:${PYTHONPATH} /usr/bin/python3 -W ignore:setup.py install is deprecated setup.py egg_info --egg-base ../build/esda_zed_cam build --build-base /home/samue/GitHub/ESDA/build/esda_zed_cam/build install --record /home/samue/GitHub/ESDA/build/esda_zed_cam/install.log --single-version-externally-managed install_data
[1.874s] running egg_info
[1.875s] writing ../build/esda_zed_cam/esda_zed_cam.egg-info/PKG-INFO
[1.875s] writing dependency_links to ../build/esda_zed_cam/esda_zed_cam.egg-info/dependency_links.txt
[1.875s] writing entry points to ../build/esda_zed_cam/esda_zed_cam.egg-info/entry_points.txt
[1.875s] writing requirements to ../build/esda_zed_cam/esda_zed_cam.egg-info/requires.txt
[1.875s] writing top-level names to ../build/esda_zed_cam/esda_zed_cam.egg-info/top_level.txt
[1.878s] reading manifest file '../build/esda_zed_cam/esda_zed_cam.egg-info/SOURCES.txt'
[1.880s] writing manifest file '../build/esda_zed_cam/esda_zed_cam.egg-info/SOURCES.txt'
[1.880s] running build
[1.880s] running build_py
[1.880s] running install
[1.881s] running install_lib
[1.883s] running install_data
[1.883s] running install_egg_info
[1.885s] removing '/home/samue/GitHub/ESDA/install/esda_zed_cam/lib/python3.10/site-packages/esda_zed_cam-0.0.0-py3.10.egg-info' (and everything under it)
[1.886s] Copying ../build/esda_zed_cam/esda_zed_cam.egg-info to /home/samue/GitHub/ESDA/install/esda_zed_cam/lib/python3.10/site-packages/esda_zed_cam-0.0.0-py3.10.egg-info
[1.887s] running install_scripts
[1.916s] Installing lane_detect script to /home/samue/GitHub/ESDA/install/esda_zed_cam/lib/esda_zed_cam
[1.917s] writing list of installed files to '/home/samue/GitHub/ESDA/build/esda_zed_cam/install.log'
[1.966s] Invoked command in '/home/samue/GitHub/ESDA/esda_zed_cam' returned '0': PYTHONPATH=/home/samue/GitHub/ESDA/build/esda_zed_cam/prefix_override:/usr/lib/python3/dist-packages/colcon_core/task/python/colcon_distutils_commands:/home/samue/GitHub/ESDA/install/esda_zed_cam/lib/python3.10/site-packages:${PYTHONPATH} /usr/bin/python3 -W ignore:setup.py install is deprecated setup.py egg_info --egg-base ../build/esda_zed_cam build --build-base /home/samue/GitHub/ESDA/build/esda_zed_cam/build install --record /home/samue/GitHub/ESDA/build/esda_zed_cam/install.log --single-version-externally-managed install_data
