running egg_info
writing ../build/esda_launch/esda_launch.egg-info/PKG-INFO
writing dependency_links to ../build/esda_launch/esda_launch.egg-info/dependency_links.txt
writing entry points to ../build/esda_launch/esda_launch.egg-info/entry_points.txt
writing requirements to ../build/esda_launch/esda_launch.egg-info/requires.txt
writing top-level names to ../build/esda_launch/esda_launch.egg-info/top_level.txt
reading manifest file '../build/esda_launch/esda_launch.egg-info/SOURCES.txt'
adding license file 'LICENSE'
writing manifest file '../build/esda_launch/esda_launch.egg-info/SOURCES.txt'
running build
running build_py
running install
running install_lib
running install_data
copying package.xml -> /home/samue/GitHub/ESDA/install/esda_launch/share/esda_launch
copying launch/sensors_launch.py -> /home/samue/GitHub/ESDA/install/esda_launch/share/esda_launch/launch/
copying launch/esda_launch.py -> /home/samue/GitHub/ESDA/install/esda_launch/share/esda_launch/launch/
running install_egg_info
removing '/home/samue/GitHub/ESDA/install/esda_launch/lib/python3.10/site-packages/esda_launch-0.0.0-py3.10.egg-info' (and everything under it)
Copying ../build/esda_launch/esda_launch.egg-info to /home/samue/GitHub/ESDA/install/esda_launch/lib/python3.10/site-packages/esda_launch-0.0.0-py3.10.egg-info
running install_scripts
Installing datum_setter_node script to /home/samue/GitHub/ESDA/install/esda_launch/lib/esda_launch
writing list of installed files to '/home/samue/GitHub/ESDA/build/esda_launch/install.log'
