[1.676s] Invoking command in '/home/samue/GitHub/ESDA/esda_launch': PYTHONPATH=/home/samue/GitHub/ESDA/build/esda_launch/prefix_override:/usr/lib/python3/dist-packages/colcon_core/task/python/colcon_distutils_commands:/home/samue/GitHub/ESDA/install/esda_launch/lib/python3.10/site-packages:${PYTHONPATH} /usr/bin/python3 -W ignore:setup.py install is deprecated setup.py egg_info --egg-base ../build/esda_launch build --build-base /home/samue/GitHub/ESDA/build/esda_launch/build install --record /home/samue/GitHub/ESDA/build/esda_launch/install.log --single-version-externally-managed install_data
[1.935s] running egg_info
[1.936s] writing ../build/esda_launch/esda_launch.egg-info/PKG-INFO
[1.937s] writing dependency_links to ../build/esda_launch/esda_launch.egg-info/dependency_links.txt
[1.937s] writing entry points to ../build/esda_launch/esda_launch.egg-info/entry_points.txt
[1.937s] writing requirements to ../build/esda_launch/esda_launch.egg-info/requires.txt
[1.937s] writing top-level names to ../build/esda_launch/esda_launch.egg-info/top_level.txt
[1.940s] reading manifest file '../build/esda_launch/esda_launch.egg-info/SOURCES.txt'
[1.940s] adding license file 'LICENSE'
[1.942s] writing manifest file '../build/esda_launch/esda_launch.egg-info/SOURCES.txt'
[1.942s] running build
[1.943s] running build_py
[1.943s] running install
[1.946s] running install_lib
[1.946s] running install_data
[1.946s] copying package.xml -> /home/samue/GitHub/ESDA/install/esda_launch/share/esda_launch
[1.947s] copying launch/sensors_launch.py -> /home/samue/GitHub/ESDA/install/esda_launch/share/esda_launch/launch/
[1.947s] copying launch/esda_launch.py -> /home/samue/GitHub/ESDA/install/esda_launch/share/esda_launch/launch/
[1.948s] running install_egg_info
[1.948s] removing '/home/samue/GitHub/ESDA/install/esda_launch/lib/python3.10/site-packages/esda_launch-0.0.0-py3.10.egg-info' (and everything under it)
[1.948s] Copying ../build/esda_launch/esda_launch.egg-info to /home/samue/GitHub/ESDA/install/esda_launch/lib/python3.10/site-packages/esda_launch-0.0.0-py3.10.egg-info
[1.949s] running install_scripts
[1.969s] Installing datum_setter_node script to /home/samue/GitHub/ESDA/install/esda_launch/lib/esda_launch
[1.969s] writing list of installed files to '/home/samue/GitHub/ESDA/build/esda_launch/install.log'
[2.027s] Invoked command in '/home/samue/GitHub/ESDA/esda_launch' returned '0': PYTHONPATH=/home/samue/GitHub/ESDA/build/esda_launch/prefix_override:/usr/lib/python3/dist-packages/colcon_core/task/python/colcon_distutils_commands:/home/samue/GitHub/ESDA/install/esda_launch/lib/python3.10/site-packages:${PYTHONPATH} /usr/bin/python3 -W ignore:setup.py install is deprecated setup.py egg_info --egg-base ../build/esda_launch build --build-base /home/samue/GitHub/ESDA/build/esda_launch/build install --record /home/samue/GitHub/ESDA/build/esda_launch/install.log --single-version-externally-managed install_data
