/home/samue/GitHub/ESDA/install/esda_sim/lib/python3.10/site-packages/esda_sim/__init__.py
/home/samue/GitHub/ESDA/install/esda_sim/lib/python3.10/site-packages/esda_sim/__pycache__/__init__.cpython-310.pyc
/home/samue/GitHub/ESDA/install/esda_sim/share/ament_index/resource_index/packages/esda_sim
/home/samue/GitHub/ESDA/install/esda_sim/share/esda_sim/package.xml
/home/samue/GitHub/ESDA/install/esda_sim/share/esda_sim/description/esda.urdf.xacro
/home/samue/GitHub/ESDA/install/esda_sim/share/esda_sim/description/wheels.xacro
/home/samue/GitHub/ESDA/install/esda_sim/share/esda_sim/description/drive_wheels.xacro
/home/samue/GitHub/ESDA/install/esda_sim/share/esda_sim/description/caster_wheels.xacro
/home/samue/GitHub/ESDA/install/esda_sim/share/esda_sim/description/esda_core.xacro
/home/samue/GitHub/ESDA/install/esda_sim/share/esda_sim/description/util/inertial_macros.xacro
/home/samue/GitHub/ESDA/install/esda_sim/share/esda_sim/description/util/materials.xacro
/home/samue/GitHub/ESDA/install/esda_sim/share/esda_sim/description/control/ros2_control.xacro
/home/samue/GitHub/ESDA/install/esda_sim/share/esda_sim/description/control/gazebo_diff_control.xacro
/home/samue/GitHub/ESDA/install/esda_sim/share/esda_sim/description/control/gazebo_ackermann_control.xacro
/home/samue/GitHub/ESDA/install/esda_sim/share/esda_sim/description/sensors/camera.xacro
/home/samue/GitHub/ESDA/install/esda_sim/share/esda_sim/description/sensors/lidar.xacro
/home/samue/GitHub/ESDA/install/esda_sim/share/esda_sim/description/sensors/piksi.xacro
/home/samue/GitHub/ESDA/install/esda_sim/share/esda_sim/launch/esda_simulation_launch.py
/home/samue/GitHub/ESDA/install/esda_sim/share/esda_sim/launch/rsp.launch.py
/home/samue/GitHub/ESDA/install/esda_sim/share/esda_sim/launch/launch_sim.launch.py
/home/samue/GitHub/ESDA/install/esda_sim/share/esda_sim/config/ros2_control_config.yaml
/home/samue/GitHub/ESDA/install/esda_sim/lib/python3.10/site-packages/esda_sim-0.0.0-py3.10.egg-info/dependency_links.txt
/home/samue/GitHub/ESDA/install/esda_sim/lib/python3.10/site-packages/esda_sim-0.0.0-py3.10.egg-info/entry_points.txt
/home/samue/GitHub/ESDA/install/esda_sim/lib/python3.10/site-packages/esda_sim-0.0.0-py3.10.egg-info/PKG-INFO
/home/samue/GitHub/ESDA/install/esda_sim/lib/python3.10/site-packages/esda_sim-0.0.0-py3.10.egg-info/zip-safe
/home/samue/GitHub/ESDA/install/esda_sim/lib/python3.10/site-packages/esda_sim-0.0.0-py3.10.egg-info/requires.txt
/home/samue/GitHub/ESDA/install/esda_sim/lib/python3.10/site-packages/esda_sim-0.0.0-py3.10.egg-info/SOURCES.txt
/home/samue/GitHub/ESDA/install/esda_sim/lib/python3.10/site-packages/esda_sim-0.0.0-py3.10.egg-info/top_level.txt
