running egg_info
writing ../build/esda_zed_cam/esda_zed_cam.egg-info/PKG-INFO
writing dependency_links to ../build/esda_zed_cam/esda_zed_cam.egg-info/dependency_links.txt
writing entry points to ../build/esda_zed_cam/esda_zed_cam.egg-info/entry_points.txt
writing requirements to ../build/esda_zed_cam/esda_zed_cam.egg-info/requires.txt
writing top-level names to ../build/esda_zed_cam/esda_zed_cam.egg-info/top_level.txt
reading manifest file '../build/esda_zed_cam/esda_zed_cam.egg-info/SOURCES.txt'
writing manifest file '../build/esda_zed_cam/esda_zed_cam.egg-info/SOURCES.txt'
running build
running build_py
copying esda_zed_cam/zed_cam_detect.py -> /home/samue/GitHub/ESDA/build/esda_zed_cam/build/lib/esda_zed_cam
running install
running install_lib
copying /home/samue/GitHub/ESDA/build/esda_zed_cam/build/lib/esda_zed_cam/zed_cam_detect.py -> /home/samue/GitHub/ESDA/install/esda_zed_cam/lib/python3.10/site-packages/esda_zed_cam
byte-compiling /home/samue/GitHub/ESDA/install/esda_zed_cam/lib/python3.10/site-packages/esda_zed_cam/zed_cam_detect.py to zed_cam_detect.cpython-310.pyc
running install_data
running install_egg_info
removing '/home/samue/GitHub/ESDA/install/esda_zed_cam/lib/python3.10/site-packages/esda_zed_cam-0.0.0-py3.10.egg-info' (and everything under it)
Copying ../build/esda_zed_cam/esda_zed_cam.egg-info to /home/samue/GitHub/ESDA/install/esda_zed_cam/lib/python3.10/site-packages/esda_zed_cam-0.0.0-py3.10.egg-info
running install_scripts
Installing lane_detect script to /home/samue/GitHub/ESDA/install/esda_zed_cam/lib/esda_zed_cam
writing list of installed files to '/home/samue/GitHub/ESDA/build/esda_zed_cam/install.log'
