[1.648s] Invoking command in '/home/samue/GitHub/ESDA/esda_zed_cam': PYTHONPATH=/home/samue/GitHub/ESDA/build/esda_zed_cam/prefix_override:/usr/lib/python3/dist-packages/colcon_core/task/python/colcon_distutils_commands:/home/samue/GitHub/ESDA/install/esda_zed_cam/lib/python3.10/site-packages:${PYTHONPATH} /usr/bin/python3 -W ignore:setup.py install is deprecated setup.py egg_info --egg-base ../build/esda_zed_cam build --build-base /home/samue/GitHub/ESDA/build/esda_zed_cam/build install --record /home/samue/GitHub/ESDA/build/esda_zed_cam/install.log --single-version-externally-managed install_data
[1.923s] running egg_info
[1.926s] writing ../build/esda_zed_cam/esda_zed_cam.egg-info/PKG-INFO
[1.926s] writing dependency_links to ../build/esda_zed_cam/esda_zed_cam.egg-info/dependency_links.txt
[1.926s] writing entry points to ../build/esda_zed_cam/esda_zed_cam.egg-info/entry_points.txt
[1.926s] writing requirements to ../build/esda_zed_cam/esda_zed_cam.egg-info/requires.txt
[1.927s] writing top-level names to ../build/esda_zed_cam/esda_zed_cam.egg-info/top_level.txt
[1.929s] reading manifest file '../build/esda_zed_cam/esda_zed_cam.egg-info/SOURCES.txt'
[1.932s] writing manifest file '../build/esda_zed_cam/esda_zed_cam.egg-info/SOURCES.txt'
[1.933s] running build
[1.933s] running build_py
[1.933s] copying esda_zed_cam/zed_cam_detect.py -> /home/samue/GitHub/ESDA/build/esda_zed_cam/build/lib/esda_zed_cam
[1.933s] running install
[1.933s] running install_lib
[1.934s] copying /home/samue/GitHub/ESDA/build/esda_zed_cam/build/lib/esda_zed_cam/zed_cam_detect.py -> /home/samue/GitHub/ESDA/install/esda_zed_cam/lib/python3.10/site-packages/esda_zed_cam
[1.934s] byte-compiling /home/samue/GitHub/ESDA/install/esda_zed_cam/lib/python3.10/site-packages/esda_zed_cam/zed_cam_detect.py to zed_cam_detect.cpython-310.pyc
[1.934s] running install_data
[1.934s] running install_egg_info
[1.936s] removing '/home/samue/GitHub/ESDA/install/esda_zed_cam/lib/python3.10/site-packages/esda_zed_cam-0.0.0-py3.10.egg-info' (and everything under it)
[1.937s] Copying ../build/esda_zed_cam/esda_zed_cam.egg-info to /home/samue/GitHub/ESDA/install/esda_zed_cam/lib/python3.10/site-packages/esda_zed_cam-0.0.0-py3.10.egg-info
[1.938s] running install_scripts
[1.965s] Installing lane_detect script to /home/samue/GitHub/ESDA/install/esda_zed_cam/lib/esda_zed_cam
[1.965s] writing list of installed files to '/home/samue/GitHub/ESDA/build/esda_zed_cam/install.log'
[2.031s] Invoked command in '/home/samue/GitHub/ESDA/esda_zed_cam' returned '0': PYTHONPATH=/home/samue/GitHub/ESDA/build/esda_zed_cam/prefix_override:/usr/lib/python3/dist-packages/colcon_core/task/python/colcon_distutils_commands:/home/samue/GitHub/ESDA/install/esda_zed_cam/lib/python3.10/site-packages:${PYTHONPATH} /usr/bin/python3 -W ignore:setup.py install is deprecated setup.py egg_info --egg-base ../build/esda_zed_cam build --build-base /home/samue/GitHub/ESDA/build/esda_zed_cam/build install --record /home/samue/GitHub/ESDA/build/esda_zed_cam/install.log --single-version-externally-managed install_data
