/home/samue/GitHub/ESDA/install/esda_zed_cam/lib/python3.10/site-packages/esda_zed_cam/camera_interface.py
/home/samue/GitHub/ESDA/install/esda_zed_cam/lib/python3.10/site-packages/esda_zed_cam/detection.py
/home/samue/GitHub/ESDA/install/esda_zed_cam/lib/python3.10/site-packages/esda_zed_cam/distance_test.py
/home/samue/GitHub/ESDA/install/esda_zed_cam/lib/python3.10/site-packages/esda_zed_cam/zed_cam_detect.py
/home/samue/GitHub/ESDA/install/esda_zed_cam/lib/python3.10/site-packages/esda_zed_cam/point_cloud_test.py
/home/samue/GitHub/ESDA/install/esda_zed_cam/lib/python3.10/site-packages/esda_zed_cam/lane_detection.py
/home/samue/GitHub/ESDA/install/esda_zed_cam/lib/python3.10/site-packages/esda_zed_cam/__init__.py
/home/samue/GitHub/ESDA/install/esda_zed_cam/lib/python3.10/site-packages/esda_zed_cam/__pycache__/camera_interface.cpython-310.pyc
/home/samue/GitHub/ESDA/install/esda_zed_cam/lib/python3.10/site-packages/esda_zed_cam/__pycache__/detection.cpython-310.pyc
/home/samue/GitHub/ESDA/install/esda_zed_cam/lib/python3.10/site-packages/esda_zed_cam/__pycache__/distance_test.cpython-310.pyc
/home/samue/GitHub/ESDA/install/esda_zed_cam/lib/python3.10/site-packages/esda_zed_cam/__pycache__/zed_cam_detect.cpython-310.pyc
/home/samue/GitHub/ESDA/install/esda_zed_cam/lib/python3.10/site-packages/esda_zed_cam/__pycache__/point_cloud_test.cpython-310.pyc
/home/samue/GitHub/ESDA/install/esda_zed_cam/lib/python3.10/site-packages/esda_zed_cam/__pycache__/lane_detection.cpython-310.pyc
/home/samue/GitHub/ESDA/install/esda_zed_cam/lib/python3.10/site-packages/esda_zed_cam/__pycache__/__init__.cpython-310.pyc
/home/samue/GitHub/ESDA/install/esda_zed_cam/share/ament_index/resource_index/packages/esda_zed_cam
/home/samue/GitHub/ESDA/install/esda_zed_cam/share/esda_zed_cam/package.xml
/home/samue/GitHub/ESDA/install/esda_zed_cam/lib/python3.10/site-packages/esda_zed_cam-0.0.0-py3.10.egg-info/dependency_links.txt
/home/samue/GitHub/ESDA/install/esda_zed_cam/lib/python3.10/site-packages/esda_zed_cam-0.0.0-py3.10.egg-info/entry_points.txt
/home/samue/GitHub/ESDA/install/esda_zed_cam/lib/python3.10/site-packages/esda_zed_cam-0.0.0-py3.10.egg-info/PKG-INFO
/home/samue/GitHub/ESDA/install/esda_zed_cam/lib/python3.10/site-packages/esda_zed_cam-0.0.0-py3.10.egg-info/zip-safe
/home/samue/GitHub/ESDA/install/esda_zed_cam/lib/python3.10/site-packages/esda_zed_cam-0.0.0-py3.10.egg-info/requires.txt
/home/samue/GitHub/ESDA/install/esda_zed_cam/lib/python3.10/site-packages/esda_zed_cam-0.0.0-py3.10.egg-info/SOURCES.txt
/home/samue/GitHub/ESDA/install/esda_zed_cam/lib/python3.10/site-packages/esda_zed_cam-0.0.0-py3.10.egg-info/top_level.txt
/home/samue/GitHub/ESDA/install/esda_zed_cam/lib/esda_zed_cam/lane_detect
