[0.614s] Invoking command in '/home/samue/GitHub/ESDA/build/diff_drive_asterius_hardware_interface': AMENT_PREFIX_PATH=/home/samue/GitHub/ESDA/install/ros2_control_demo_testing:/home/samue/GitHub/ESDA/install/ros2_control_demo_description:${AMENT_PREFIX_PATH} CMAKE_PREFIX_PATH=/home/samue/GitHub/ESDA/install/ros2_control_demo_description:/home/samue/GitHub/ESDA/esda_ros2_control/install/diff_drive_asterius_hardware_interface:/home/samue/GitHub/ESDA/esda_ros2_control/install/diff_drive_asterius_controller:/opt/ros/humble PYTHONPATH=/home/samue/GitHub/ESDA/build/ros2_control_demo_testing:/home/samue/GitHub/ESDA/install/ros2_control_demo_testing/lib/python3.10/site-packages:${PYTHONPATH} /usr/bin/cmake /home/samue/GitHub/ESDA/esda_ros2_control/diff_drive_asterius_hardware_interface -DAMENT_CMAKE_SYMLINK_INSTALL=1 -DCMAKE_INSTALL_PREFIX=/home/samue/GitHub/ESDA/install/diff_drive_asterius_hardware_interface
[5.378s] -- The CXX compiler identification is GNU 11.4.0
[5.378s] -- Detecting CXX compiler ABI info
[5.378s] -- Detecting CXX compiler ABI info - done
[5.378s] -- Check for working CXX compiler: /usr/bin/c++ - skipped
[5.378s] -- Detecting CXX compile features
[5.378s] -- Detecting CXX compile features - done
[5.378s] -- Found ament_cmake: 1.3.9 (/opt/ros/humble/share/ament_cmake/cmake)
[5.378s] -- Found Python3: /usr/bin/python3 (found version "3.10.12") found components: Interpreter 
[5.378s] -- Override CMake install command with custom implementation using symlinks instead of copying resources
[5.378s] -- Found hardware_interface: 2.43.1 (/opt/ros/humble/share/hardware_interface/cmake)
[5.378s] -- Found rosidl_generator_c: 3.1.5 (/opt/ros/humble/share/rosidl_generator_c/cmake)
[5.378s] -- Found rosidl_adapter: 3.1.5 (/opt/ros/humble/share/rosidl_adapter/cmake)
[5.378s] -- Found rosidl_generator_cpp: 3.1.5 (/opt/ros/humble/share/rosidl_generator_cpp/cmake)
[5.378s] -- Using all available rosidl_typesupport_c: rosidl_typesupport_fastrtps_c;rosidl_typesupport_introspection_c
[5.378s] -- Using all available rosidl_typesupport_cpp: rosidl_typesupport_fastrtps_cpp;rosidl_typesupport_introspection_cpp
[10.818s] -- Found rmw_implementation_cmake: 6.1.2 (/opt/ros/humble/share/rmw_implementation_cmake/cmake)
[10.822s] -- Found rmw_cyclonedds_cpp: 1.3.4 (/opt/ros/humble/share/rmw_cyclonedds_cpp/cmake)
[10.909s] -- Using RMW implementation 'rmw_cyclonedds_cpp' as default
[10.923s] -- Looking for C++ include pthread.h
[11.286s] -- Looking for C++ include pthread.h - found
[11.287s] -- Performing Test CMAKE_HAVE_LIBC_PTHREAD
[11.661s] -- Performing Test CMAKE_HAVE_LIBC_PTHREAD - Success
[11.664s] -- Found Threads: TRUE  
[12.037s] -- Found ament_cmake_pytest: 1.3.9 (/opt/ros/humble/share/ament_cmake_pytest/cmake)
[13.760s] -- Configuring done
[13.783s] -- Generating done
[13.785s] -- Build files have been written to: /home/samue/GitHub/ESDA/build/diff_drive_asterius_hardware_interface
