[0.641s] Invoking command in '/home/samue/GitHub/ESDA/build/ros2_control_demo_example_6': AMENT_PREFIX_PATH=/home/samue/GitHub/ESDA/install/ros2_control_demo_testing:/home/samue/GitHub/ESDA/install/ros2_control_demo_description:${AMENT_PREFIX_PATH} CMAKE_PREFIX_PATH=/home/samue/GitHub/ESDA/install/ros2_control_demo_description:/home/samue/GitHub/ESDA/esda_ros2_control/install/diff_drive_asterius_hardware_interface:/home/samue/GitHub/ESDA/esda_ros2_control/install/diff_drive_asterius_controller:/opt/ros/humble PYTHONPATH=/home/samue/GitHub/ESDA/build/ros2_control_demo_testing:/home/samue/GitHub/ESDA/install/ros2_control_demo_testing/lib/python3.10/site-packages:${PYTHONPATH} /usr/bin/cmake /home/samue/GitHub/ESDA/ros2_control_demos/example_6 -DAMENT_CMAKE_SYMLINK_INSTALL=1 -DCMAKE_INSTALL_PREFIX=/home/samue/GitHub/ESDA/install/ros2_control_demo_example_6
[5.291s] -- The CXX compiler identification is GNU 11.4.0
[5.292s] -- Detecting CXX compiler ABI info
[5.292s] -- Detecting CXX compiler ABI info - done
[5.292s] -- Check for working CXX compiler: /usr/bin/c++ - skipped
[5.292s] -- Detecting CXX compile features
[5.293s] -- Detecting CXX compile features - done
[5.616s] [33mCMake Warning at CMakeLists.txt:20 (find_package):
[5.617s]   Could not find a configuration file for package "controller_manager" that
[5.617s]   is compatible with requested version "4.0.0".
[5.617s] 
[5.617s]   The following configuration files were considered but not accepted:
[5.617s] 
[5.617s]     /opt/ros/humble/share/controller_manager/cmake/controller_managerConfig.cmake, version: 2.41.0
[5.617s] 
[5.617s] 
[5.617s] [0m
[5.617s] [31mCMake Error at CMakeLists.txt:23 (message):
[5.617s]   ros2_control version 4.0.0 or higher is required.  Are you using the
[5.617s]   correct branch of the ros2_control_demos repository?
[5.617s] 
[5.617s] [0m
[5.617s] -- Configuring incomplete, errors occurred!
[5.617s] See also "/home/samue/GitHub/ESDA/build/ros2_control_demo_example_6/CMakeFiles/CMakeOutput.log".
