running egg_info
creating ../build/esda_control/esda_control.egg-info
writing ../build/esda_control/esda_control.egg-info/PKG-INFO
writing dependency_links to ../build/esda_control/esda_control.egg-info/dependency_links.txt
writing entry points to ../build/esda_control/esda_control.egg-info/entry_points.txt
writing requirements to ../build/esda_control/esda_control.egg-info/requires.txt
writing top-level names to ../build/esda_control/esda_control.egg-info/top_level.txt
writing manifest file '../build/esda_control/esda_control.egg-info/SOURCES.txt'
reading manifest file '../build/esda_control/esda_control.egg-info/SOURCES.txt'
writing manifest file '../build/esda_control/esda_control.egg-info/SOURCES.txt'
running build
running build_py
creating /home/samue/GitHub/ESDA/build/esda_control/build
creating /home/samue/GitHub/ESDA/build/esda_control/build/lib
creating /home/samue/GitHub/ESDA/build/esda_control/build/lib/esda_control
copying esda_control/parallelogram_steering_controller.py -> /home/samue/GitHub/ESDA/build/esda_control/build/lib/esda_control
copying esda_control/mcu_interface.py -> /home/samue/GitHub/ESDA/build/esda_control/build/lib/esda_control
copying esda_control/test_mcu_interface.py -> /home/samue/GitHub/ESDA/build/esda_control/build/lib/esda_control
copying esda_control/testsend.py -> /home/samue/GitHub/ESDA/build/esda_control/build/lib/esda_control
copying esda_control/dummy_twist.py -> /home/samue/GitHub/ESDA/build/esda_control/build/lib/esda_control
copying esda_control/__init__.py -> /home/samue/GitHub/ESDA/build/esda_control/build/lib/esda_control
running install
running install_lib
creating /home/samue/GitHub/ESDA/install/esda_control/lib/python3.10/site-packages/esda_control
copying /home/samue/GitHub/ESDA/build/esda_control/build/lib/esda_control/parallelogram_steering_controller.py -> /home/samue/GitHub/ESDA/install/esda_control/lib/python3.10/site-packages/esda_control
copying /home/samue/GitHub/ESDA/build/esda_control/build/lib/esda_control/mcu_interface.py -> /home/samue/GitHub/ESDA/install/esda_control/lib/python3.10/site-packages/esda_control
copying /home/samue/GitHub/ESDA/build/esda_control/build/lib/esda_control/test_mcu_interface.py -> /home/samue/GitHub/ESDA/install/esda_control/lib/python3.10/site-packages/esda_control
copying /home/samue/GitHub/ESDA/build/esda_control/build/lib/esda_control/testsend.py -> /home/samue/GitHub/ESDA/install/esda_control/lib/python3.10/site-packages/esda_control
copying /home/samue/GitHub/ESDA/build/esda_control/build/lib/esda_control/dummy_twist.py -> /home/samue/GitHub/ESDA/install/esda_control/lib/python3.10/site-packages/esda_control
copying /home/samue/GitHub/ESDA/build/esda_control/build/lib/esda_control/__init__.py -> /home/samue/GitHub/ESDA/install/esda_control/lib/python3.10/site-packages/esda_control
byte-compiling /home/samue/GitHub/ESDA/install/esda_control/lib/python3.10/site-packages/esda_control/parallelogram_steering_controller.py to parallelogram_steering_controller.cpython-310.pyc
byte-compiling /home/samue/GitHub/ESDA/install/esda_control/lib/python3.10/site-packages/esda_control/mcu_interface.py to mcu_interface.cpython-310.pyc
byte-compiling /home/samue/GitHub/ESDA/install/esda_control/lib/python3.10/site-packages/esda_control/test_mcu_interface.py to test_mcu_interface.cpython-310.pyc
byte-compiling /home/samue/GitHub/ESDA/install/esda_control/lib/python3.10/site-packages/esda_control/testsend.py to testsend.cpython-310.pyc
byte-compiling /home/samue/GitHub/ESDA/install/esda_control/lib/python3.10/site-packages/esda_control/dummy_twist.py to dummy_twist.cpython-310.pyc
byte-compiling /home/samue/GitHub/ESDA/install/esda_control/lib/python3.10/site-packages/esda_control/__init__.py to __init__.cpython-310.pyc
running install_data
creating /home/samue/GitHub/ESDA/install/esda_control/share/ament_index
creating /home/samue/GitHub/ESDA/install/esda_control/share/ament_index/resource_index
creating /home/samue/GitHub/ESDA/install/esda_control/share/ament_index/resource_index/packages
copying resource/esda_control -> /home/samue/GitHub/ESDA/install/esda_control/share/ament_index/resource_index/packages
copying package.xml -> /home/samue/GitHub/ESDA/install/esda_control/share/esda_control
creating /home/samue/GitHub/ESDA/install/esda_control/share/esda_control/launch
copying launch/control_launch.py -> /home/samue/GitHub/ESDA/install/esda_control/share/esda_control/launch
running install_egg_info
Copying ../build/esda_control/esda_control.egg-info to /home/samue/GitHub/ESDA/install/esda_control/lib/python3.10/site-packages/esda_control-0.0.0-py3.10.egg-info
running install_scripts
Installing dynamixel_sdk_node script to /home/samue/GitHub/ESDA/install/esda_control/lib/esda_control
Installing mcu_interface script to /home/samue/GitHub/ESDA/install/esda_control/lib/esda_control
Installing parallelogram_steering_controller script to /home/samue/GitHub/ESDA/install/esda_control/lib/esda_control
Installing test_mcu_interface script to /home/samue/GitHub/ESDA/install/esda_control/lib/esda_control
writing list of installed files to '/home/samue/GitHub/ESDA/build/esda_control/install.log'
