/home/samue/GitHub/ESDA/install/esda_control/lib/python3.10/site-packages/esda_control/parallelogram_steering_controller.py
/home/samue/GitHub/ESDA/install/esda_control/lib/python3.10/site-packages/esda_control/mcu_interface.py
/home/samue/GitHub/ESDA/install/esda_control/lib/python3.10/site-packages/esda_control/test_mcu_interface.py
/home/samue/GitHub/ESDA/install/esda_control/lib/python3.10/site-packages/esda_control/testsend.py
/home/samue/GitHub/ESDA/install/esda_control/lib/python3.10/site-packages/esda_control/dummy_twist.py
/home/samue/GitHub/ESDA/install/esda_control/lib/python3.10/site-packages/esda_control/__init__.py
/home/samue/GitHub/ESDA/install/esda_control/lib/python3.10/site-packages/esda_control/__pycache__/parallelogram_steering_controller.cpython-310.pyc
/home/samue/GitHub/ESDA/install/esda_control/lib/python3.10/site-packages/esda_control/__pycache__/mcu_interface.cpython-310.pyc
/home/samue/GitHub/ESDA/install/esda_control/lib/python3.10/site-packages/esda_control/__pycache__/test_mcu_interface.cpython-310.pyc
/home/samue/GitHub/ESDA/install/esda_control/lib/python3.10/site-packages/esda_control/__pycache__/testsend.cpython-310.pyc
/home/samue/GitHub/ESDA/install/esda_control/lib/python3.10/site-packages/esda_control/__pycache__/dummy_twist.cpython-310.pyc
/home/samue/GitHub/ESDA/install/esda_control/lib/python3.10/site-packages/esda_control/__pycache__/__init__.cpython-310.pyc
/home/samue/GitHub/ESDA/install/esda_control/share/ament_index/resource_index/packages/esda_control
/home/samue/GitHub/ESDA/install/esda_control/share/esda_control/package.xml
/home/samue/GitHub/ESDA/install/esda_control/share/esda_control/launch/control_launch.py
/home/samue/GitHub/ESDA/install/esda_control/lib/python3.10/site-packages/esda_control-0.0.0-py3.10.egg-info/dependency_links.txt
/home/samue/GitHub/ESDA/install/esda_control/lib/python3.10/site-packages/esda_control-0.0.0-py3.10.egg-info/entry_points.txt
/home/samue/GitHub/ESDA/install/esda_control/lib/python3.10/site-packages/esda_control-0.0.0-py3.10.egg-info/PKG-INFO
/home/samue/GitHub/ESDA/install/esda_control/lib/python3.10/site-packages/esda_control-0.0.0-py3.10.egg-info/zip-safe
/home/samue/GitHub/ESDA/install/esda_control/lib/python3.10/site-packages/esda_control-0.0.0-py3.10.egg-info/requires.txt
/home/samue/GitHub/ESDA/install/esda_control/lib/python3.10/site-packages/esda_control-0.0.0-py3.10.egg-info/SOURCES.txt
/home/samue/GitHub/ESDA/install/esda_control/lib/python3.10/site-packages/esda_control-0.0.0-py3.10.egg-info/top_level.txt
/home/samue/GitHub/ESDA/install/esda_control/lib/esda_control/dynamixel_sdk_node
/home/samue/GitHub/ESDA/install/esda_control/lib/esda_control/mcu_interface
/home/samue/GitHub/ESDA/install/esda_control/lib/esda_control/parallelogram_steering_controller
/home/samue/GitHub/ESDA/install/esda_control/lib/esda_control/test_mcu_interface
