[2.099s] Invoking command in '/home/samue/GitHub/ESDA/esda_launch': PYTHONPATH=/home/samue/GitHub/ESDA/build/esda_launch/prefix_override:/usr/lib/python3/dist-packages/colcon_core/task/python/colcon_distutils_commands:/home/samue/GitHub/ESDA/install/esda_launch/lib/python3.10/site-packages:${PYTHONPATH} /usr/bin/python3 -W ignore:setup.py install is deprecated setup.py egg_info --egg-base ../build/esda_launch build --build-base /home/samue/GitHub/ESDA/build/esda_launch/build install --record /home/samue/GitHub/ESDA/build/esda_launch/install.log --single-version-externally-managed install_data
[2.467s] running egg_info
[2.468s] writing ../build/esda_launch/esda_launch.egg-info/PKG-INFO
[2.469s] writing dependency_links to ../build/esda_launch/esda_launch.egg-info/dependency_links.txt
[2.470s] writing entry points to ../build/esda_launch/esda_launch.egg-info/entry_points.txt
[2.470s] writing requirements to ../build/esda_launch/esda_launch.egg-info/requires.txt
[2.470s] writing top-level names to ../build/esda_launch/esda_launch.egg-info/top_level.txt
[2.474s] reading manifest file '../build/esda_launch/esda_launch.egg-info/SOURCES.txt'
[2.474s] adding license file 'LICENSE'
[2.475s] writing manifest file '../build/esda_launch/esda_launch.egg-info/SOURCES.txt'
[2.475s] running build
[2.475s] running build_py
[2.476s] running install
[2.478s] running install_lib
[2.481s] running install_data
[2.481s] running install_egg_info
[2.485s] removing '/home/samue/GitHub/ESDA/install/esda_launch/lib/python3.10/site-packages/esda_launch-0.0.0-py3.10.egg-info' (and everything under it)
[2.485s] Copying ../build/esda_launch/esda_launch.egg-info to /home/samue/GitHub/ESDA/install/esda_launch/lib/python3.10/site-packages/esda_launch-0.0.0-py3.10.egg-info
[2.486s] running install_scripts
[2.530s] Installing datum_setter_node script to /home/samue/GitHub/ESDA/install/esda_launch/lib/esda_launch
[2.531s] writing list of installed files to '/home/samue/GitHub/ESDA/build/esda_launch/install.log'
[2.575s] Invoked command in '/home/samue/GitHub/ESDA/esda_launch' returned '0': PYTHONPATH=/home/samue/GitHub/ESDA/build/esda_launch/prefix_override:/usr/lib/python3/dist-packages/colcon_core/task/python/colcon_distutils_commands:/home/samue/GitHub/ESDA/install/esda_launch/lib/python3.10/site-packages:${PYTHONPATH} /usr/bin/python3 -W ignore:setup.py install is deprecated setup.py egg_info --egg-base ../build/esda_launch build --build-base /home/samue/GitHub/ESDA/build/esda_launch/build install --record /home/samue/GitHub/ESDA/build/esda_launch/install.log --single-version-externally-managed install_data
