[0.109s] Invoking command in '/home/samue/GitHub/ESDA/build/ros2_control_demo_description': CMAKE_PREFIX_PATH=${CMAKE_PREFIX_PATH}:/opt/ros/humble /usr/bin/cmake /home/samue/GitHub/ESDA/ros2_control_demos/ros2_control_demo_description -DAMENT_CMAKE_SYMLINK_INSTALL=1 -DCMAKE_INSTALL_PREFIX=/home/samue/GitHub/ESDA/install/ros2_control_demo_description
[1.254s] -- The C compiler identification is GNU 11.4.0
[1.313s] -- The CXX compiler identification is GNU 11.4.0
[2.078s] -- Detecting C compiler ABI info
[2.333s] -- Detecting C compiler ABI info - done
[2.338s] -- Check for working C compiler: /usr/bin/cc - skipped
[2.339s] -- Detecting C compile features
[2.339s] -- Detecting C compile features - done
[2.341s] -- Detecting CXX compiler ABI info
[2.564s] -- Detecting CXX compiler ABI info - done
[2.570s] -- Check for working CXX compiler: /usr/bin/c++ - skipped
[2.570s] -- Detecting CXX compile features
[2.571s] -- Detecting CXX compile features - done
[2.572s] -- Found ament_cmake: 1.3.9 (/opt/ros/humble/share/ament_cmake/cmake)
[2.702s] -- Found Python3: /usr/bin/python3 (found version "3.10.12") found components: Interpreter 
[2.775s] -- Override CMake install command with custom implementation using symlinks instead of copying resources
[2.877s] -- Configuring done
[2.882s] -- Generating done
[2.883s] -- Build files have been written to: /home/samue/GitHub/ESDA/build/ros2_control_demo_description
[2.893s] Invoked command in '/home/samue/GitHub/ESDA/build/ros2_control_demo_description' returned '0': CMAKE_PREFIX_PATH=${CMAKE_PREFIX_PATH}:/opt/ros/humble /usr/bin/cmake /home/samue/GitHub/ESDA/ros2_control_demos/ros2_control_demo_description -DAMENT_CMAKE_SYMLINK_INSTALL=1 -DCMAKE_INSTALL_PREFIX=/home/samue/GitHub/ESDA/install/ros2_control_demo_description
[2.898s] Invoking command in '/home/samue/GitHub/ESDA/build/ros2_control_demo_description': CMAKE_PREFIX_PATH=${CMAKE_PREFIX_PATH}:/opt/ros/humble /usr/bin/cmake --build /home/samue/GitHub/ESDA/build/ros2_control_demo_description -- -j20 -l20
[2.990s] Invoked command in '/home/samue/GitHub/ESDA/build/ros2_control_demo_description' returned '0': CMAKE_PREFIX_PATH=${CMAKE_PREFIX_PATH}:/opt/ros/humble /usr/bin/cmake --build /home/samue/GitHub/ESDA/build/ros2_control_demo_description -- -j20 -l20
[3.023s] Invoking command in '/home/samue/GitHub/ESDA/build/ros2_control_demo_description': CMAKE_PREFIX_PATH=${CMAKE_PREFIX_PATH}:/opt/ros/humble /usr/bin/cmake --install /home/samue/GitHub/ESDA/build/ros2_control_demo_description
[3.029s] -- Install configuration: ""
[3.030s] -- Execute custom install script
[3.031s] -- Symlinking: /home/samue/GitHub/ESDA/install/ros2_control_demo_description/share/ros2_control_demo_description/rrbot/urdf/rrbot.materials.xacro
[3.040s] -- Symlinking: /home/samue/GitHub/ESDA/install/ros2_control_demo_description/share/ros2_control_demo_description/rrbot/urdf/rrbot_description.urdf.xacro
[3.048s] -- Symlinking: /home/samue/GitHub/ESDA/install/ros2_control_demo_description/share/ros2_control_demo_description/rrbot/rviz/rrbot.rviz
[3.059s] -- Symlinking: /home/samue/GitHub/ESDA/install/ros2_control_demo_description/share/ros2_control_demo_description/diffbot/urdf/diffbot.materials.xacro
[3.067s] -- Symlinking: /home/samue/GitHub/ESDA/install/ros2_control_demo_description/share/ros2_control_demo_description/diffbot/urdf/diffbot_description.urdf.xacro
[3.077s] -- Symlinking: /home/samue/GitHub/ESDA/install/ros2_control_demo_description/share/ros2_control_demo_description/diffbot/rviz/diffbot.rviz
[3.084s] -- Symlinking: /home/samue/GitHub/ESDA/install/ros2_control_demo_description/share/ros2_control_demo_description/diffbot/rviz/diffbot_view.rviz
[3.093s] -- Symlinking: /home/samue/GitHub/ESDA/install/ros2_control_demo_description/share/ros2_control_demo_description/carlikebot/urdf/carlikebot.materials.xacro
[3.102s] -- Symlinking: /home/samue/GitHub/ESDA/install/ros2_control_demo_description/share/ros2_control_demo_description/carlikebot/urdf/carlikebot_description.urdf.xacro
[3.118s] -- Symlinking: /home/samue/GitHub/ESDA/install/ros2_control_demo_description/share/ros2_control_demo_description/carlikebot/rviz/carlikebot.rviz
[3.141s] -- Symlinking: /home/samue/GitHub/ESDA/install/ros2_control_demo_description/share/ros2_control_demo_description/carlikebot/rviz/carlikebot_view.rviz
[3.155s] -- Symlinking: /home/samue/GitHub/ESDA/install/ros2_control_demo_description/share/ros2_control_demo_description/r6bot/meshes/collision/link_0.stl
[3.172s] -- Symlinking: /home/samue/GitHub/ESDA/install/ros2_control_demo_description/share/ros2_control_demo_description/r6bot/meshes/collision/link_1.stl
[3.183s] -- Symlinking: /home/samue/GitHub/ESDA/install/ros2_control_demo_description/share/ros2_control_demo_description/r6bot/meshes/collision/link_2.stl
[3.192s] -- Symlinking: /home/samue/GitHub/ESDA/install/ros2_control_demo_description/share/ros2_control_demo_description/r6bot/meshes/collision/link_3.stl
[3.200s] -- Symlinking: /home/samue/GitHub/ESDA/install/ros2_control_demo_description/share/ros2_control_demo_description/r6bot/meshes/collision/link_4.stl
[3.208s] -- Symlinking: /home/samue/GitHub/ESDA/install/ros2_control_demo_description/share/ros2_control_demo_description/r6bot/meshes/collision/link_5.stl
[3.216s] -- Symlinking: /home/samue/GitHub/ESDA/install/ros2_control_demo_description/share/ros2_control_demo_description/r6bot/meshes/collision/link_6.stl
[3.225s] -- Symlinking: /home/samue/GitHub/ESDA/install/ros2_control_demo_description/share/ros2_control_demo_description/r6bot/meshes/visual/link_0.dae
[3.232s] -- Symlinking: /home/samue/GitHub/ESDA/install/ros2_control_demo_description/share/ros2_control_demo_description/r6bot/meshes/visual/link_1.dae
[3.242s] -- Symlinking: /home/samue/GitHub/ESDA/install/ros2_control_demo_description/share/ros2_control_demo_description/r6bot/meshes/visual/link_2.dae
[3.251s] -- Symlinking: /home/samue/GitHub/ESDA/install/ros2_control_demo_description/share/ros2_control_demo_description/r6bot/meshes/visual/link_3.dae
[3.261s] -- Symlinking: /home/samue/GitHub/ESDA/install/ros2_control_demo_description/share/ros2_control_demo_description/r6bot/meshes/visual/link_4.dae
[3.268s] -- Symlinking: /home/samue/GitHub/ESDA/install/ros2_control_demo_description/share/ros2_control_demo_description/r6bot/meshes/visual/link_5.dae
[3.277s] -- Symlinking: /home/samue/GitHub/ESDA/install/ros2_control_demo_description/share/ros2_control_demo_description/r6bot/meshes/visual/link_6.dae
[3.285s] -- Symlinking: /home/samue/GitHub/ESDA/install/ros2_control_demo_description/share/ros2_control_demo_description/r6bot/srdf/r6bot.srdf
[3.294s] -- Symlinking: /home/samue/GitHub/ESDA/install/ros2_control_demo_description/share/ros2_control_demo_description/r6bot/urdf/inc/create_link.xacro
[3.303s] -- Symlinking: /home/samue/GitHub/ESDA/install/ros2_control_demo_description/share/ros2_control_demo_description/r6bot/urdf/r6bot_description.urdf.xacro
[3.319s] -- Symlinking: /home/samue/GitHub/ESDA/install/ros2_control_demo_description/share/ros2_control_demo_description/r6bot/rviz/view_robot.rviz
[3.338s] -- Symlinking: /home/samue/GitHub/ESDA/install/ros2_control_demo_description/share/ament_index/resource_index/package_run_dependencies/ros2_control_demo_description
[3.358s] -- Symlinking: /home/samue/GitHub/ESDA/install/ros2_control_demo_description/share/ament_index/resource_index/parent_prefix_path/ros2_control_demo_description
[3.376s] -- Symlinking: /home/samue/GitHub/ESDA/install/ros2_control_demo_description/share/ros2_control_demo_description/environment/ament_prefix_path.sh
[3.392s] -- Symlinking: /home/samue/GitHub/ESDA/install/ros2_control_demo_description/share/ros2_control_demo_description/environment/ament_prefix_path.dsv
[3.406s] -- Symlinking: /home/samue/GitHub/ESDA/install/ros2_control_demo_description/share/ros2_control_demo_description/environment/path.sh
[3.418s] -- Symlinking: /home/samue/GitHub/ESDA/install/ros2_control_demo_description/share/ros2_control_demo_description/environment/path.dsv
[3.430s] -- Symlinking: /home/samue/GitHub/ESDA/install/ros2_control_demo_description/share/ros2_control_demo_description/local_setup.bash
[3.442s] -- Symlinking: /home/samue/GitHub/ESDA/install/ros2_control_demo_description/share/ros2_control_demo_description/local_setup.sh
[3.450s] -- Symlinking: /home/samue/GitHub/ESDA/install/ros2_control_demo_description/share/ros2_control_demo_description/local_setup.zsh
[3.459s] -- Symlinking: /home/samue/GitHub/ESDA/install/ros2_control_demo_description/share/ros2_control_demo_description/local_setup.dsv
[3.467s] -- Symlinking: /home/samue/GitHub/ESDA/install/ros2_control_demo_description/share/ros2_control_demo_description/package.dsv
[3.476s] -- Symlinking: /home/samue/GitHub/ESDA/install/ros2_control_demo_description/share/ament_index/resource_index/packages/ros2_control_demo_description
[3.487s] -- Symlinking: /home/samue/GitHub/ESDA/install/ros2_control_demo_description/share/ros2_control_demo_description/cmake/ros2_control_demo_descriptionConfig.cmake
[3.499s] -- Symlinking: /home/samue/GitHub/ESDA/install/ros2_control_demo_description/share/ros2_control_demo_description/cmake/ros2_control_demo_descriptionConfig-version.cmake
[3.511s] -- Symlinking: /home/samue/GitHub/ESDA/install/ros2_control_demo_description/share/ros2_control_demo_description/package.xml
[3.541s] Invoked command in '/home/samue/GitHub/ESDA/build/ros2_control_demo_description' returned '0': CMAKE_PREFIX_PATH=${CMAKE_PREFIX_PATH}:/opt/ros/humble /usr/bin/cmake --install /home/samue/GitHub/ESDA/build/ros2_control_demo_description
