running egg_info
creating ../build/esda_zed_cam/esda_zed_cam.egg-info
writing ../build/esda_zed_cam/esda_zed_cam.egg-info/PKG-INFO
writing dependency_links to ../build/esda_zed_cam/esda_zed_cam.egg-info/dependency_links.txt
writing entry points to ../build/esda_zed_cam/esda_zed_cam.egg-info/entry_points.txt
writing requirements to ../build/esda_zed_cam/esda_zed_cam.egg-info/requires.txt
writing top-level names to ../build/esda_zed_cam/esda_zed_cam.egg-info/top_level.txt
writing manifest file '../build/esda_zed_cam/esda_zed_cam.egg-info/SOURCES.txt'
reading manifest file '../build/esda_zed_cam/esda_zed_cam.egg-info/SOURCES.txt'
writing manifest file '../build/esda_zed_cam/esda_zed_cam.egg-info/SOURCES.txt'
running build
running build_py
creating /home/samue/GitHub/ESDA/build/esda_zed_cam/build
creating /home/samue/GitHub/ESDA/build/esda_zed_cam/build/lib
creating /home/samue/GitHub/ESDA/build/esda_zed_cam/build/lib/esda_zed_cam
copying esda_zed_cam/camera_interface.py -> /home/samue/GitHub/ESDA/build/esda_zed_cam/build/lib/esda_zed_cam
copying esda_zed_cam/detection.py -> /home/samue/GitHub/ESDA/build/esda_zed_cam/build/lib/esda_zed_cam
copying esda_zed_cam/distance_test.py -> /home/samue/GitHub/ESDA/build/esda_zed_cam/build/lib/esda_zed_cam
copying esda_zed_cam/zed_cam_detect.py -> /home/samue/GitHub/ESDA/build/esda_zed_cam/build/lib/esda_zed_cam
copying esda_zed_cam/point_cloud_test.py -> /home/samue/GitHub/ESDA/build/esda_zed_cam/build/lib/esda_zed_cam
copying esda_zed_cam/lane_detection.py -> /home/samue/GitHub/ESDA/build/esda_zed_cam/build/lib/esda_zed_cam
copying esda_zed_cam/__init__.py -> /home/samue/GitHub/ESDA/build/esda_zed_cam/build/lib/esda_zed_cam
running install
running install_lib
creating /home/samue/GitHub/ESDA/install/esda_zed_cam/lib/python3.10/site-packages/esda_zed_cam
copying /home/samue/GitHub/ESDA/build/esda_zed_cam/build/lib/esda_zed_cam/camera_interface.py -> /home/samue/GitHub/ESDA/install/esda_zed_cam/lib/python3.10/site-packages/esda_zed_cam
copying /home/samue/GitHub/ESDA/build/esda_zed_cam/build/lib/esda_zed_cam/detection.py -> /home/samue/GitHub/ESDA/install/esda_zed_cam/lib/python3.10/site-packages/esda_zed_cam
copying /home/samue/GitHub/ESDA/build/esda_zed_cam/build/lib/esda_zed_cam/distance_test.py -> /home/samue/GitHub/ESDA/install/esda_zed_cam/lib/python3.10/site-packages/esda_zed_cam
copying /home/samue/GitHub/ESDA/build/esda_zed_cam/build/lib/esda_zed_cam/zed_cam_detect.py -> /home/samue/GitHub/ESDA/install/esda_zed_cam/lib/python3.10/site-packages/esda_zed_cam
copying /home/samue/GitHub/ESDA/build/esda_zed_cam/build/lib/esda_zed_cam/point_cloud_test.py -> /home/samue/GitHub/ESDA/install/esda_zed_cam/lib/python3.10/site-packages/esda_zed_cam
copying /home/samue/GitHub/ESDA/build/esda_zed_cam/build/lib/esda_zed_cam/lane_detection.py -> /home/samue/GitHub/ESDA/install/esda_zed_cam/lib/python3.10/site-packages/esda_zed_cam
copying /home/samue/GitHub/ESDA/build/esda_zed_cam/build/lib/esda_zed_cam/__init__.py -> /home/samue/GitHub/ESDA/install/esda_zed_cam/lib/python3.10/site-packages/esda_zed_cam
byte-compiling /home/samue/GitHub/ESDA/install/esda_zed_cam/lib/python3.10/site-packages/esda_zed_cam/camera_interface.py to camera_interface.cpython-310.pyc
byte-compiling /home/samue/GitHub/ESDA/install/esda_zed_cam/lib/python3.10/site-packages/esda_zed_cam/detection.py to detection.cpython-310.pyc
byte-compiling /home/samue/GitHub/ESDA/install/esda_zed_cam/lib/python3.10/site-packages/esda_zed_cam/distance_test.py to distance_test.cpython-310.pyc
byte-compiling /home/samue/GitHub/ESDA/install/esda_zed_cam/lib/python3.10/site-packages/esda_zed_cam/zed_cam_detect.py to zed_cam_detect.cpython-310.pyc
byte-compiling /home/samue/GitHub/ESDA/install/esda_zed_cam/lib/python3.10/site-packages/esda_zed_cam/point_cloud_test.py to point_cloud_test.cpython-310.pyc
byte-compiling /home/samue/GitHub/ESDA/install/esda_zed_cam/lib/python3.10/site-packages/esda_zed_cam/lane_detection.py to lane_detection.cpython-310.pyc
byte-compiling /home/samue/GitHub/ESDA/install/esda_zed_cam/lib/python3.10/site-packages/esda_zed_cam/__init__.py to __init__.cpython-310.pyc
running install_data
creating /home/samue/GitHub/ESDA/install/esda_zed_cam/share/ament_index
creating /home/samue/GitHub/ESDA/install/esda_zed_cam/share/ament_index/resource_index
creating /home/samue/GitHub/ESDA/install/esda_zed_cam/share/ament_index/resource_index/packages
copying resource/esda_zed_cam -> /home/samue/GitHub/ESDA/install/esda_zed_cam/share/ament_index/resource_index/packages
copying package.xml -> /home/samue/GitHub/ESDA/install/esda_zed_cam/share/esda_zed_cam
running install_egg_info
Copying ../build/esda_zed_cam/esda_zed_cam.egg-info to /home/samue/GitHub/ESDA/install/esda_zed_cam/lib/python3.10/site-packages/esda_zed_cam-0.0.0-py3.10.egg-info
running install_scripts
Installing lane_detect script to /home/samue/GitHub/ESDA/install/esda_zed_cam/lib/esda_zed_cam
writing list of installed files to '/home/samue/GitHub/ESDA/build/esda_zed_cam/install.log'
