[2.507s] Invoking command in '/home/samue/GitHub/ESDA/esda_zed_cam': PYTHONPATH=/home/samue/GitHub/ESDA/build/esda_zed_cam/prefix_override:/usr/lib/python3/dist-packages/colcon_core/task/python/colcon_distutils_commands:/home/samue/GitHub/ESDA/install/esda_zed_cam/lib/python3.10/site-packages:${PYTHONPATH} /usr/bin/python3 -W ignore:setup.py install is deprecated setup.py egg_info --egg-base ../build/esda_zed_cam build --build-base /home/samue/GitHub/ESDA/build/esda_zed_cam/build install --record /home/samue/GitHub/ESDA/build/esda_zed_cam/install.log --single-version-externally-managed install_data
[2.956s] running egg_info
[2.958s] writing ../build/esda_zed_cam/esda_zed_cam.egg-info/PKG-INFO
[2.960s] writing dependency_links to ../build/esda_zed_cam/esda_zed_cam.egg-info/dependency_links.txt
[2.961s] writing entry points to ../build/esda_zed_cam/esda_zed_cam.egg-info/entry_points.txt
[2.962s] writing requirements to ../build/esda_zed_cam/esda_zed_cam.egg-info/requires.txt
[2.963s] writing top-level names to ../build/esda_zed_cam/esda_zed_cam.egg-info/top_level.txt
[2.968s] reading manifest file '../build/esda_zed_cam/esda_zed_cam.egg-info/SOURCES.txt'
[2.968s] writing manifest file '../build/esda_zed_cam/esda_zed_cam.egg-info/SOURCES.txt'
[2.969s] running build
[2.969s] running build_py
[2.974s] running install
[2.974s] running install_lib
[2.975s] running install_data
[2.975s] running install_egg_info
[2.977s] removing '/home/samue/GitHub/ESDA/install/esda_zed_cam/lib/python3.10/site-packages/esda_zed_cam-0.0.0-py3.10.egg-info' (and everything under it)
[2.978s] Copying ../build/esda_zed_cam/esda_zed_cam.egg-info to /home/samue/GitHub/ESDA/install/esda_zed_cam/lib/python3.10/site-packages/esda_zed_cam-0.0.0-py3.10.egg-info
[2.979s] running install_scripts
[3.034s] Installing lane_detect script to /home/samue/GitHub/ESDA/install/esda_zed_cam/lib/esda_zed_cam
[3.035s] writing list of installed files to '/home/samue/GitHub/ESDA/build/esda_zed_cam/install.log'
[3.140s] Invoked command in '/home/samue/GitHub/ESDA/esda_zed_cam' returned '0': PYTHONPATH=/home/samue/GitHub/ESDA/build/esda_zed_cam/prefix_override:/usr/lib/python3/dist-packages/colcon_core/task/python/colcon_distutils_commands:/home/samue/GitHub/ESDA/install/esda_zed_cam/lib/python3.10/site-packages:${PYTHONPATH} /usr/bin/python3 -W ignore:setup.py install is deprecated setup.py egg_info --egg-base ../build/esda_zed_cam build --build-base /home/samue/GitHub/ESDA/build/esda_zed_cam/build install --record /home/samue/GitHub/ESDA/build/esda_zed_cam/install.log --single-version-externally-managed install_data
