[2.143s] Invoking command in '/home/samue/GitHub/ESDA/esda_launch': PYTHONPATH=/home/samue/GitHub/ESDA/build/esda_launch/prefix_override:/usr/lib/python3/dist-packages/colcon_core/task/python/colcon_distutils_commands:/home/samue/GitHub/ESDA/install/esda_launch/lib/python3.10/site-packages:${PYTHONPATH} /usr/bin/python3 -W ignore:setup.py install is deprecated setup.py egg_info --egg-base ../build/esda_launch build --build-base /home/samue/GitHub/ESDA/build/esda_launch/build install --record /home/samue/GitHub/ESDA/build/esda_launch/install.log --single-version-externally-managed install_data
[2.544s] running egg_info
[2.546s] writing ../build/esda_launch/esda_launch.egg-info/PKG-INFO
[2.546s] writing dependency_links to ../build/esda_launch/esda_launch.egg-info/dependency_links.txt
[2.547s] writing entry points to ../build/esda_launch/esda_launch.egg-info/entry_points.txt
[2.547s] writing requirements to ../build/esda_launch/esda_launch.egg-info/requires.txt
[2.547s] writing top-level names to ../build/esda_launch/esda_launch.egg-info/top_level.txt
[2.550s] reading manifest file '../build/esda_launch/esda_launch.egg-info/SOURCES.txt'
[2.551s] adding license file 'LICENSE'
[2.555s] writing manifest file '../build/esda_launch/esda_launch.egg-info/SOURCES.txt'
[2.555s] running build
[2.555s] running build_py
[2.555s] running install
[2.555s] running install_lib
[2.557s] running install_data
[2.557s] running install_egg_info
[2.559s] removing '/home/samue/GitHub/ESDA/install/esda_launch/lib/python3.10/site-packages/esda_launch-0.0.0-py3.10.egg-info' (and everything under it)
[2.560s] Copying ../build/esda_launch/esda_launch.egg-info to /home/samue/GitHub/ESDA/install/esda_launch/lib/python3.10/site-packages/esda_launch-0.0.0-py3.10.egg-info
[2.561s] running install_scripts
[2.598s] Installing datum_setter_node script to /home/samue/GitHub/ESDA/install/esda_launch/lib/esda_launch
[2.599s] writing list of installed files to '/home/samue/GitHub/ESDA/build/esda_launch/install.log'
[2.662s] Invoked command in '/home/samue/GitHub/ESDA/esda_launch' returned '0': PYTHONPATH=/home/samue/GitHub/ESDA/build/esda_launch/prefix_override:/usr/lib/python3/dist-packages/colcon_core/task/python/colcon_distutils_commands:/home/samue/GitHub/ESDA/install/esda_launch/lib/python3.10/site-packages:${PYTHONPATH} /usr/bin/python3 -W ignore:setup.py install is deprecated setup.py egg_info --egg-base ../build/esda_launch build --build-base /home/samue/GitHub/ESDA/build/esda_launch/build install --record /home/samue/GitHub/ESDA/build/esda_launch/install.log --single-version-externally-managed install_data
