[0.000000] (-) TimerEvent: {}
[0.000626] (-) JobUnselected: {'identifier': 'diff_drive_asterius_controller'}
[0.000697] (-) JobUnselected: {'identifier': 'diff_drive_asterius_hardware_interface'}
[0.000715] (-) JobUnselected: {'identifier': 'esda_control'}
[0.000729] (-) JobUnselected: {'identifier': 'esda_launch'}
[0.000741] (-) JobUnselected: {'identifier': 'esda_sim'}
[0.000753] (-) JobUnselected: {'identifier': 'esda_zed_cam'}
[0.000765] (-) JobUnselected: {'identifier': 'ros2_control_demo_description'}
[0.000783] (-) JobUnselected: {'identifier': 'ros2_control_demo_example_1'}
[0.000821] (-) JobUnselected: {'identifier': 'ros2_control_demo_example_10'}
[0.000863] (-) JobUnselected: {'identifier': 'ros2_control_demo_example_11'}
[0.000904] (-) JobUnselected: {'identifier': 'ros2_control_demo_example_12'}
[0.000945] (-) JobUnselected: {'identifier': 'ros2_control_demo_example_14'}
[0.000986] (-) JobUnselected: {'identifier': 'ros2_control_demo_example_15'}
[0.001027] (-) JobUnselected: {'identifier': 'ros2_control_demo_example_2'}
[0.001067] (-) JobUnselected: {'identifier': 'ros2_control_demo_example_3'}
[0.001121] (-) JobUnselected: {'identifier': 'ros2_control_demo_example_4'}
[0.001161] (-) JobUnselected: {'identifier': 'ros2_control_demo_example_5'}
[0.001202] (-) JobUnselected: {'identifier': 'ros2_control_demo_example_6'}
[0.001243] (-) JobUnselected: {'identifier': 'ros2_control_demo_example_7'}
[0.001285] (-) JobUnselected: {'identifier': 'ros2_control_demo_example_8'}
[0.001326] (-) JobUnselected: {'identifier': 'ros2_control_demo_example_9'}
[0.001367] (-) JobUnselected: {'identifier': 'ros2_control_demo_testing'}
[0.001411] (ros2_control_demos) JobQueued: {'identifier': 'ros2_control_demos', 'dependencies': OrderedDict([('ros2_control_demo_description', '/home/samue/GitHub/ESDA/install/ros2_control_demo_description'), ('ros2_control_demo_testing', '/home/samue/GitHub/ESDA/install/ros2_control_demo_testing'), ('ros2_control_demo_example_1', '/home/samue/GitHub/ESDA/install/ros2_control_demo_example_1'), ('ros2_control_demo_example_10', '/home/samue/GitHub/ESDA/install/ros2_control_demo_example_10'), ('ros2_control_demo_example_11', '/home/samue/GitHub/ESDA/install/ros2_control_demo_example_11'), ('ros2_control_demo_example_12', '/home/samue/GitHub/ESDA/install/ros2_control_demo_example_12'), ('ros2_control_demo_example_14', '/home/samue/GitHub/ESDA/install/ros2_control_demo_example_14'), ('ros2_control_demo_example_2', '/home/samue/GitHub/ESDA/install/ros2_control_demo_example_2'), ('ros2_control_demo_example_3', '/home/samue/GitHub/ESDA/install/ros2_control_demo_example_3'), ('ros2_control_demo_example_4', '/home/samue/GitHub/ESDA/install/ros2_control_demo_example_4'), ('ros2_control_demo_example_5', '/home/samue/GitHub/ESDA/install/ros2_control_demo_example_5'), ('ros2_control_demo_example_6', '/home/samue/GitHub/ESDA/install/ros2_control_demo_example_6'), ('ros2_control_demo_example_7', '/home/samue/GitHub/ESDA/install/ros2_control_demo_example_7'), ('ros2_control_demo_example_8', '/home/samue/GitHub/ESDA/install/ros2_control_demo_example_8'), ('ros2_control_demo_example_9', '/home/samue/GitHub/ESDA/install/ros2_control_demo_example_9'), ('ros2_control_demo_example_15', '/home/samue/GitHub/ESDA/install/ros2_control_demo_example_15')])}
[0.001476] (ros2_control_demos) JobStarted: {'identifier': 'ros2_control_demos'}
[0.017141] (ros2_control_demos) JobEnded: {'identifier': 'ros2_control_demos', 'rc': 1}
[0.027991] (-) EventReactorShutdown: {}
