running develop
/usr/lib/python3/dist-packages/setuptools/command/easy_install.py:158: EasyInstallDeprecationWarning: easy_install command is deprecated. Use build and pip and other standards-based tools.
  warnings.warn(
running egg_info
writing esda_control.egg-info/PKG-INFO
writing dependency_links to esda_control.egg-info/dependency_links.txt
writing entry points to esda_control.egg-info/entry_points.txt
writing requirements to esda_control.egg-info/requires.txt
writing top-level names to esda_control.egg-info/top_level.txt
reading manifest file 'esda_control.egg-info/SOURCES.txt'
writing manifest file 'esda_control.egg-info/SOURCES.txt'
running build_ext
Creating /home/samue/GitHub/ESDA/install/esda_control/lib/python3.10/site-packages/esda-control.egg-link (link to .)
Installing dynamixel_sdk_node script to /home/samue/GitHub/ESDA/install/esda_control/lib/esda_control
Installing mcu_interface script to /home/samue/GitHub/ESDA/install/esda_control/lib/esda_control
Installing parallelogram_steering_controller script to /home/samue/GitHub/ESDA/install/esda_control/lib/esda_control
Installing test_mcu_interface script to /home/samue/GitHub/ESDA/install/esda_control/lib/esda_control

Installed /home/samue/GitHub/ESDA/build/esda_control
running symlink_data
symbolically linking /home/samue/GitHub/ESDA/build/esda_control/resource/esda_control -> /home/samue/GitHub/ESDA/install/esda_control/share/ament_index/resource_index/packages
symbolically linking /home/samue/GitHub/ESDA/build/esda_control/package.xml -> /home/samue/GitHub/ESDA/install/esda_control/share/esda_control
symbolically linking /home/samue/GitHub/ESDA/build/esda_control/launch/control_launch.py -> /home/samue/GitHub/ESDA/install/esda_control/share/esda_control/launch
