running develop
running egg_info
writing esda_launch.egg-info/PKG-INFO
writing dependency_links to esda_launch.egg-info/dependency_links.txt
writing entry points to esda_launch.egg-info/entry_points.txt
writing requirements to esda_launch.egg-info/requires.txt
writing top-level names to esda_launch.egg-info/top_level.txt
reading manifest file 'esda_launch.egg-info/SOURCES.txt'
writing manifest file 'esda_launch.egg-info/SOURCES.txt'
running build_ext
Creating /home/samue/GitHub/ESDA/install/esda_launch/lib/python3.10/site-packages/esda-launch.egg-link (link to .)
Installing datum_setter_node script to /home/samue/GitHub/ESDA/install/esda_launch/lib/esda_launch

Installed /home/samue/GitHub/ESDA/build/esda_launch
running symlink_data
symbolically linking /home/samue/GitHub/ESDA/build/esda_launch/resource/esda_launch -> /home/samue/GitHub/ESDA/install/esda_launch/share/ament_index/resource_index/packages
symbolically linking /home/samue/GitHub/ESDA/build/esda_launch/package.xml -> /home/samue/GitHub/ESDA/install/esda_launch/share/esda_launch
symbolically linking /home/samue/GitHub/ESDA/build/esda_launch/config/VLP16-driver-config.yaml -> /home/samue/GitHub/ESDA/install/esda_launch/share/esda_launch/config/
symbolically linking /home/samue/GitHub/ESDA/build/esda_launch/config/robot_loc_dual_efk_config.yaml -> /home/samue/GitHub/ESDA/install/esda_launch/share/esda_launch/config/
symbolically linking /home/samue/GitHub/ESDA/build/esda_launch/config/swiftnav-config.yaml -> /home/samue/GitHub/ESDA/install/esda_launch/share/esda_launch/config/
symbolically linking /home/samue/GitHub/ESDA/build/esda_launch/launch/piksi_launch.py -> /home/samue/GitHub/ESDA/install/esda_launch/share/esda_launch/launch/
symbolically linking /home/samue/GitHub/ESDA/build/esda_launch/launch/sensors_launch.py -> /home/samue/GitHub/ESDA/install/esda_launch/share/esda_launch/launch/
symbolically linking /home/samue/GitHub/ESDA/build/esda_launch/launch/localization_launch.py -> /home/samue/GitHub/ESDA/install/esda_launch/share/esda_launch/launch/
symbolically linking /home/samue/GitHub/ESDA/build/esda_launch/launch/perception_launch.py -> /home/samue/GitHub/ESDA/install/esda_launch/share/esda_launch/launch/
symbolically linking /home/samue/GitHub/ESDA/build/esda_launch/launch/lidar_launch.py -> /home/samue/GitHub/ESDA/install/esda_launch/share/esda_launch/launch/
symbolically linking /home/samue/GitHub/ESDA/build/esda_launch/launch/esda_launch.py -> /home/samue/GitHub/ESDA/install/esda_launch/share/esda_launch/launch/
