[0.649s] Invoking command in '/home/samue/GitHub/ESDA/build/ros2_control_demo_example_10': AMENT_PREFIX_PATH=/home/samue/GitHub/ESDA/install/ros2_control_demo_testing:/home/samue/GitHub/ESDA/install/ros2_control_demo_description:${AMENT_PREFIX_PATH} CMAKE_PREFIX_PATH=/home/samue/GitHub/ESDA/install/ros2_control_demo_description:/home/samue/GitHub/ESDA/esda_ros2_control/install/diff_drive_asterius_hardware_interface:/home/samue/GitHub/ESDA/esda_ros2_control/install/diff_drive_asterius_controller:/opt/ros/humble PYTHONPATH=/home/samue/GitHub/ESDA/build/ros2_control_demo_testing:/home/samue/GitHub/ESDA/install/ros2_control_demo_testing/lib/python3.10/site-packages:${PYTHONPATH} /usr/bin/cmake /home/samue/GitHub/ESDA/ros2_control_demos/example_10 -DAMENT_CMAKE_SYMLINK_INSTALL=1 -DCMAKE_INSTALL_PREFIX=/home/samue/GitHub/ESDA/install/ros2_control_demo_example_10
[0.954s] -- The CXX compiler identification is GNU 11.4.0
[2.361s] -- Detecting CXX compiler ABI info
[2.771s] -- Detecting CXX compiler ABI info - done
[2.779s] -- Check for working CXX compiler: /usr/bin/c++ - skipped
[2.779s] -- Detecting CXX compile features
[2.780s] -- Detecting CXX compile features - done
[5.480s] [33mCMake Warning at CMakeLists.txt:23 (find_package):
[5.480s]   Could not find a configuration file for package "controller_manager" that
[5.480s]   is compatible with requested version "4.0.0".
[5.480s] 
[5.481s]   The following configuration files were considered but not accepted:
[5.481s] 
[5.481s]     /opt/ros/humble/share/controller_manager/cmake/controller_managerConfig.cmake, version: 2.41.0
[5.481s] 
[5.481s] 
[5.481s] [0m
[5.481s] [31mCMake Error at CMakeLists.txt:26 (message):
[5.481s]   ros2_control version 4.0.0 or higher is required.  Are you using the
[5.481s]   correct branch of the ros2_control_demos repository?
[5.481s] 
[5.482s] [0m
[5.482s] -- Configuring incomplete, errors occurred!
[5.482s] See also "/home/samue/GitHub/ESDA/build/ros2_control_demo_example_10/CMakeFiles/CMakeOutput.log".
