[0.495s] Invoking command in '/home/samue/GitHub/ESDA/build/ros2_control_demo_example_1': AMENT_PREFIX_PATH=/home/samue/GitHub/ESDA/install/ros2_control_demo_testing:/home/samue/GitHub/ESDA/install/ros2_control_demo_description:${AMENT_PREFIX_PATH} CMAKE_PREFIX_PATH=/home/samue/GitHub/ESDA/install/ros2_control_demo_description:/home/samue/GitHub/ESDA/esda_ros2_control/install/diff_drive_asterius_hardware_interface:/home/samue/GitHub/ESDA/esda_ros2_control/install/diff_drive_asterius_controller:/opt/ros/humble PYTHONPATH=/home/samue/GitHub/ESDA/build/ros2_control_demo_testing:/home/samue/GitHub/ESDA/install/ros2_control_demo_testing/lib/python3.10/site-packages:${PYTHONPATH} /usr/bin/cmake /home/samue/GitHub/ESDA/ros2_control_demos/example_1 -DAMENT_CMAKE_SYMLINK_INSTALL=1 -DCMAKE_INSTALL_PREFIX=/home/samue/GitHub/ESDA/install/ros2_control_demo_example_1
[0.791s] -- The CXX compiler identification is GNU 11.4.0
[2.309s] -- Detecting CXX compiler ABI info
[2.778s] -- Detecting CXX compiler ABI info - done
[2.787s] -- Check for working CXX compiler: /usr/bin/c++ - skipped
[2.787s] -- Detecting CXX compile features
[2.787s] -- Detecting CXX compile features - done
[5.326s] [33mCMake Warning at CMakeLists.txt:20 (find_package):
[5.326s]   Could not find a configuration file for package "controller_manager" that
[5.327s]   is compatible with requested version "4.0.0".
[5.327s] 
[5.327s]   The following configuration files were considered but not accepted:
[5.328s] 
[5.329s]     /opt/ros/humble/share/controller_manager/cmake/controller_managerConfig.cmake, version: 2.41.0
[5.329s] 
[5.329s] 
[5.330s] [0m
[5.330s] [31mCMake Error at CMakeLists.txt:23 (message):
[5.330s]   ros2_control version 4.0.0 or higher is required.  Are you using the
[5.331s]   correct branch of the ros2_control_demos repository?
[5.332s] 
[5.334s] [0m
[5.344s] -- Configuring incomplete, errors occurred!
[5.344s] See also "/home/samue/GitHub/ESDA/build/ros2_control_demo_example_1/CMakeFiles/CMakeOutput.log".
[5.345s] Invoked command in '/home/samue/GitHub/ESDA/build/ros2_control_demo_example_1' returned '1': AMENT_PREFIX_PATH=/home/samue/GitHub/ESDA/install/ros2_control_demo_testing:/home/samue/GitHub/ESDA/install/ros2_control_demo_description:${AMENT_PREFIX_PATH} CMAKE_PREFIX_PATH=/home/samue/GitHub/ESDA/install/ros2_control_demo_description:/home/samue/GitHub/ESDA/esda_ros2_control/install/diff_drive_asterius_hardware_interface:/home/samue/GitHub/ESDA/esda_ros2_control/install/diff_drive_asterius_controller:/opt/ros/humble PYTHONPATH=/home/samue/GitHub/ESDA/build/ros2_control_demo_testing:/home/samue/GitHub/ESDA/install/ros2_control_demo_testing/lib/python3.10/site-packages:${PYTHONPATH} /usr/bin/cmake /home/samue/GitHub/ESDA/ros2_control_demos/example_1 -DAMENT_CMAKE_SYMLINK_INSTALL=1 -DCMAKE_INSTALL_PREFIX=/home/samue/GitHub/ESDA/install/ros2_control_demo_example_1
