[0.625s] Invoking command in '/home/samue/GitHub/ESDA/build/ros2_control_demo_example_14': AMENT_PREFIX_PATH=/home/samue/GitHub/ESDA/install/ros2_control_demo_testing:/home/samue/GitHub/ESDA/install/ros2_control_demo_description:${AMENT_PREFIX_PATH} CMAKE_PREFIX_PATH=/home/samue/GitHub/ESDA/install/ros2_control_demo_description:/home/samue/GitHub/ESDA/esda_ros2_control/install/diff_drive_asterius_hardware_interface:/home/samue/GitHub/ESDA/esda_ros2_control/install/diff_drive_asterius_controller:/opt/ros/humble PYTHONPATH=/home/samue/GitHub/ESDA/build/ros2_control_demo_testing:/home/samue/GitHub/ESDA/install/ros2_control_demo_testing/lib/python3.10/site-packages:${PYTHONPATH} /usr/bin/cmake /home/samue/GitHub/ESDA/ros2_control_demos/example_14 -DAMENT_CMAKE_SYMLINK_INSTALL=1 -DCMAKE_INSTALL_PREFIX=/home/samue/GitHub/ESDA/install/ros2_control_demo_example_14
[0.937s] -- The CXX compiler identification is GNU 11.4.0
[2.253s] -- Detecting CXX compiler ABI info
[2.738s] -- Detecting CXX compiler ABI info - done
[2.749s] -- Check for working CXX compiler: /usr/bin/c++ - skipped
[2.750s] -- Detecting CXX compile features
[2.750s] -- Detecting CXX compile features - done
[5.633s] [33mCMake Warning at CMakeLists.txt:21 (find_package):
[5.634s]   Could not find a configuration file for package "controller_manager" that
[5.635s]   is compatible with requested version "4.0.0".
[5.640s] 
[5.641s]   The following configuration files were considered but not accepted:
[5.641s] 
[5.641s]     /opt/ros/humble/share/controller_manager/cmake/controller_managerConfig.cmake, version: 2.41.0
[5.641s] 
[5.641s] 
[5.641s] [0m
[5.641s] [31mCMake Error at CMakeLists.txt:24 (message):
[5.641s]   ros2_control version 4.0.0 or higher is required.  Are you using the
[5.642s]   correct branch of the ros2_control_demos repository?
[5.642s] 
[5.642s] [0m
[5.642s] -- Configuring incomplete, errors occurred!
[5.642s] See also "/home/samue/GitHub/ESDA/build/ros2_control_demo_example_14/CMakeFiles/CMakeOutput.log".
