[0.675s] DEBUG:colcon:Command line arguments: ['/usr/bin/colcon', 'build']
[0.675s] DEBUG:colcon:Parsed command line arguments: Namespace(log_base=None, log_level=None, verb_name='build', build_base='build', install_base='install', merge_install=False, symlink_install=False, test_result_base=None, continue_on_error=False, executor='parallel', parallel_workers=20, event_handlers=None, ignore_user_meta=False, metas=['./colcon.meta'], base_paths=['.'], packages_ignore=None, packages_ignore_regex=None, paths=None, packages_up_to=None, packages_up_to_regex=None, packages_above=None, packages_above_and_dependencies=None, packages_above_depth=None, packages_select_by_dep=None, packages_skip_by_dep=None, packages_skip_up_to=None, packages_select_build_failed=False, packages_skip_build_finished=False, packages_select_test_failures=False, packages_skip_test_passed=False, packages_select=None, packages_skip=None, packages_select_regex=None, packages_skip_regex=None, packages_start=None, packages_end=None, allow_overriding=[], cmake_args=None, cmake_target=None, cmake_target_skip_unavailable=False, cmake_clean_cache=False, cmake_clean_first=False, cmake_force_configure=False, ament_cmake_args=None, catkin_cmake_args=None, catkin_skip_building_tests=False, mixin_files=None, mixin=None, verb_parser=<colcon_mixin.mixin.mixin_argument.MixinArgumentDecorator object at 0x7fab6e9d6440>, verb_extension=<colcon_core.verb.build.BuildVerb object at 0x7fab6e9d5f00>, main=<bound method BuildVerb.main of <colcon_core.verb.build.BuildVerb object at 0x7fab6e9d5f00>>, mixin_verb=('build',))
[1.444s] Level 1:colcon.colcon_core.package_discovery:discover_packages(colcon_meta) check parameters
[1.445s] Level 1:colcon.colcon_core.package_discovery:discover_packages(recursive) check parameters
[1.445s] Level 1:colcon.colcon_core.package_discovery:discover_packages(ignore) check parameters
[1.445s] Level 1:colcon.colcon_core.package_discovery:discover_packages(path) check parameters
[1.445s] Level 1:colcon.colcon_core.package_discovery:discover_packages(colcon_meta) discover
[1.445s] Level 1:colcon.colcon_core.package_discovery:discover_packages(recursive) discover
[1.445s] INFO:colcon.colcon_core.package_discovery:Crawling recursively for packages in '/home/samue/GitHub/ESDA'
[1.445s] Level 1:colcon.colcon_core.package_identification:_identify(.) by extensions ['ignore', 'ignore_ament_install']
[1.445s] Level 1:colcon.colcon_core.package_identification:_identify(.) by extension 'ignore'
[1.446s] Level 1:colcon.colcon_core.package_identification:_identify(.) by extension 'ignore_ament_install'
[1.446s] Level 1:colcon.colcon_core.package_identification:_identify(.) by extensions ['colcon_pkg']
[1.446s] Level 1:colcon.colcon_core.package_identification:_identify(.) by extension 'colcon_pkg'
[1.446s] Level 1:colcon.colcon_core.package_identification:_identify(.) by extensions ['colcon_meta']
[1.446s] Level 1:colcon.colcon_core.package_identification:_identify(.) by extension 'colcon_meta'
[1.446s] Level 1:colcon.colcon_core.package_identification:_identify(.) by extensions ['ros']
[1.446s] Level 1:colcon.colcon_core.package_identification:_identify(.) by extension 'ros'
[1.473s] Level 1:colcon.colcon_core.package_identification:_identify(.) by extensions ['cmake', 'python']
[1.473s] Level 1:colcon.colcon_core.package_identification:_identify(.) by extension 'cmake'
[1.473s] Level 1:colcon.colcon_core.package_identification:_identify(.) by extension 'python'
[1.473s] Level 1:colcon.colcon_core.package_identification:_identify(.) by extensions ['python_setup_py']
[1.473s] Level 1:colcon.colcon_core.package_identification:_identify(.) by extension 'python_setup_py'
[1.473s] Level 1:colcon.colcon_core.package_identification:_identify(build) by extensions ['ignore', 'ignore_ament_install']
[1.474s] Level 1:colcon.colcon_core.package_identification:_identify(build) by extension 'ignore'
[1.474s] Level 1:colcon.colcon_core.package_identification:_identify(build) ignored
[1.474s] Level 1:colcon.colcon_core.package_identification:_identify(esda_control) by extensions ['ignore', 'ignore_ament_install']
[1.474s] Level 1:colcon.colcon_core.package_identification:_identify(esda_control) by extension 'ignore'
[1.474s] Level 1:colcon.colcon_core.package_identification:_identify(esda_control) by extension 'ignore_ament_install'
[1.474s] Level 1:colcon.colcon_core.package_identification:_identify(esda_control) by extensions ['colcon_pkg']
[1.474s] Level 1:colcon.colcon_core.package_identification:_identify(esda_control) by extension 'colcon_pkg'
[1.474s] Level 1:colcon.colcon_core.package_identification:_identify(esda_control) by extensions ['colcon_meta']
[1.474s] Level 1:colcon.colcon_core.package_identification:_identify(esda_control) by extension 'colcon_meta'
[1.474s] Level 1:colcon.colcon_core.package_identification:_identify(esda_control) by extensions ['ros']
[1.474s] Level 1:colcon.colcon_core.package_identification:_identify(esda_control) by extension 'ros'
[1.480s] DEBUG:colcon.colcon_core.package_identification:Package 'esda_control' with type 'ros.ament_python' and name 'esda_control'
[1.480s] Level 1:colcon.colcon_core.package_identification:_identify(esda_launch) by extensions ['ignore', 'ignore_ament_install']
[1.480s] Level 1:colcon.colcon_core.package_identification:_identify(esda_launch) by extension 'ignore'
[1.481s] Level 1:colcon.colcon_core.package_identification:_identify(esda_launch) by extension 'ignore_ament_install'
[1.481s] Level 1:colcon.colcon_core.package_identification:_identify(esda_launch) by extensions ['colcon_pkg']
[1.481s] Level 1:colcon.colcon_core.package_identification:_identify(esda_launch) by extension 'colcon_pkg'
[1.481s] Level 1:colcon.colcon_core.package_identification:_identify(esda_launch) by extensions ['colcon_meta']
[1.481s] Level 1:colcon.colcon_core.package_identification:_identify(esda_launch) by extension 'colcon_meta'
[1.481s] Level 1:colcon.colcon_core.package_identification:_identify(esda_launch) by extensions ['ros']
[1.481s] Level 1:colcon.colcon_core.package_identification:_identify(esda_launch) by extension 'ros'
[1.482s] DEBUG:colcon.colcon_core.package_identification:Package 'esda_launch' with type 'ros.ament_python' and name 'esda_launch'
[1.482s] Level 1:colcon.colcon_core.package_identification:_identify(esda_sim) by extensions ['ignore', 'ignore_ament_install']
[1.482s] Level 1:colcon.colcon_core.package_identification:_identify(esda_sim) by extension 'ignore'
[1.482s] Level 1:colcon.colcon_core.package_identification:_identify(esda_sim) by extension 'ignore_ament_install'
[1.482s] Level 1:colcon.colcon_core.package_identification:_identify(esda_sim) by extensions ['colcon_pkg']
[1.482s] Level 1:colcon.colcon_core.package_identification:_identify(esda_sim) by extension 'colcon_pkg'
[1.482s] Level 1:colcon.colcon_core.package_identification:_identify(esda_sim) by extensions ['colcon_meta']
[1.482s] Level 1:colcon.colcon_core.package_identification:_identify(esda_sim) by extension 'colcon_meta'
[1.482s] Level 1:colcon.colcon_core.package_identification:_identify(esda_sim) by extensions ['ros']
[1.482s] Level 1:colcon.colcon_core.package_identification:_identify(esda_sim) by extension 'ros'
[1.484s] DEBUG:colcon.colcon_core.package_identification:Package 'esda_sim' with type 'ros.ament_python' and name 'esda_sim'
[1.484s] Level 1:colcon.colcon_core.package_identification:_identify(esda_zed_cam) by extensions ['ignore', 'ignore_ament_install']
[1.484s] Level 1:colcon.colcon_core.package_identification:_identify(esda_zed_cam) by extension 'ignore'
[1.484s] Level 1:colcon.colcon_core.package_identification:_identify(esda_zed_cam) by extension 'ignore_ament_install'
[1.484s] Level 1:colcon.colcon_core.package_identification:_identify(esda_zed_cam) by extensions ['colcon_pkg']
[1.484s] Level 1:colcon.colcon_core.package_identification:_identify(esda_zed_cam) by extension 'colcon_pkg'
[1.484s] Level 1:colcon.colcon_core.package_identification:_identify(esda_zed_cam) by extensions ['colcon_meta']
[1.484s] Level 1:colcon.colcon_core.package_identification:_identify(esda_zed_cam) by extension 'colcon_meta'
[1.484s] Level 1:colcon.colcon_core.package_identification:_identify(esda_zed_cam) by extensions ['ros']
[1.484s] Level 1:colcon.colcon_core.package_identification:_identify(esda_zed_cam) by extension 'ros'
[1.485s] DEBUG:colcon.colcon_core.package_identification:Package 'esda_zed_cam' with type 'ros.ament_python' and name 'esda_zed_cam'
[1.485s] Level 1:colcon.colcon_core.package_identification:_identify(install) by extensions ['ignore', 'ignore_ament_install']
[1.486s] Level 1:colcon.colcon_core.package_identification:_identify(install) by extension 'ignore'
[1.486s] Level 1:colcon.colcon_core.package_identification:_identify(install) ignored
[1.486s] Level 1:colcon.colcon_core.package_identification:_identify(log) by extensions ['ignore', 'ignore_ament_install']
[1.486s] Level 1:colcon.colcon_core.package_identification:_identify(log) by extension 'ignore'
[1.486s] Level 1:colcon.colcon_core.package_identification:_identify(log) ignored
[1.486s] Level 1:colcon.colcon_core.package_identification:_identify(zed-ros-2-wrapper) by extensions ['ignore', 'ignore_ament_install']
[1.487s] Level 1:colcon.colcon_core.package_identification:_identify(zed-ros-2-wrapper) by extension 'ignore'
[1.487s] Level 1:colcon.colcon_core.package_identification:_identify(zed-ros-2-wrapper) by extension 'ignore_ament_install'
[1.487s] Level 1:colcon.colcon_core.package_identification:_identify(zed-ros-2-wrapper) by extensions ['colcon_pkg']
[1.487s] Level 1:colcon.colcon_core.package_identification:_identify(zed-ros-2-wrapper) by extension 'colcon_pkg'
[1.487s] Level 1:colcon.colcon_core.package_identification:_identify(zed-ros-2-wrapper) by extensions ['colcon_meta']
[1.487s] Level 1:colcon.colcon_core.package_identification:_identify(zed-ros-2-wrapper) by extension 'colcon_meta'
[1.487s] Level 1:colcon.colcon_core.package_identification:_identify(zed-ros-2-wrapper) by extensions ['ros']
[1.487s] Level 1:colcon.colcon_core.package_identification:_identify(zed-ros-2-wrapper) by extension 'ros'
[1.487s] Level 1:colcon.colcon_core.package_identification:_identify(zed-ros-2-wrapper) by extensions ['cmake', 'python']
[1.487s] Level 1:colcon.colcon_core.package_identification:_identify(zed-ros-2-wrapper) by extension 'cmake'
[1.487s] Level 1:colcon.colcon_core.package_identification:_identify(zed-ros-2-wrapper) by extension 'python'
[1.487s] Level 1:colcon.colcon_core.package_identification:_identify(zed-ros-2-wrapper) by extensions ['python_setup_py']
[1.487s] Level 1:colcon.colcon_core.package_identification:_identify(zed-ros-2-wrapper) by extension 'python_setup_py'
[1.487s] Level 1:colcon.colcon_core.package_discovery:discover_packages(recursive) using defaults
[1.487s] Level 1:colcon.colcon_core.package_discovery:discover_packages(ignore) discover
[1.487s] Level 1:colcon.colcon_core.package_discovery:discover_packages(ignore) using defaults
[1.487s] Level 1:colcon.colcon_core.package_discovery:discover_packages(path) discover
[1.487s] Level 1:colcon.colcon_core.package_discovery:discover_packages(path) using defaults
[1.534s] Level 1:colcon.colcon_core.package_discovery:discover_packages(prefix_path) check parameters
[1.534s] Level 1:colcon.colcon_core.package_discovery:discover_packages(prefix_path) discover
[1.541s] DEBUG:colcon.colcon_installed_package_information.package_discovery:Found 4 installed packages in /home/samue/GitHub/ESDA/install
[1.542s] DEBUG:colcon.colcon_installed_package_information.package_discovery:Found 1 installed packages in /home/samue/GitHub/ESDA/esda_control/install
[1.545s] DEBUG:colcon.colcon_installed_package_information.package_discovery:Found 361 installed packages in /opt/ros/humble
[1.559s] Level 1:colcon.colcon_core.package_discovery:discover_packages(prefix_path) using defaults
[1.804s] Level 5:colcon.colcon_core.verb:set package 'esda_control' build argument 'cmake_args' from command line to 'None'
[1.804s] Level 5:colcon.colcon_core.verb:set package 'esda_control' build argument 'cmake_target' from command line to 'None'
[1.804s] Level 5:colcon.colcon_core.verb:set package 'esda_control' build argument 'cmake_target_skip_unavailable' from command line to 'False'
[1.804s] Level 5:colcon.colcon_core.verb:set package 'esda_control' build argument 'cmake_clean_cache' from command line to 'False'
[1.804s] Level 5:colcon.colcon_core.verb:set package 'esda_control' build argument 'cmake_clean_first' from command line to 'False'
[1.804s] Level 5:colcon.colcon_core.verb:set package 'esda_control' build argument 'cmake_force_configure' from command line to 'False'
[1.804s] Level 5:colcon.colcon_core.verb:set package 'esda_control' build argument 'ament_cmake_args' from command line to 'None'
[1.804s] Level 5:colcon.colcon_core.verb:set package 'esda_control' build argument 'catkin_cmake_args' from command line to 'None'
[1.804s] Level 5:colcon.colcon_core.verb:set package 'esda_control' build argument 'catkin_skip_building_tests' from command line to 'False'
[1.804s] DEBUG:colcon.colcon_core.verb:Building package 'esda_control' with the following arguments: {'ament_cmake_args': None, 'build_base': '/home/samue/GitHub/ESDA/build/esda_control', 'catkin_cmake_args': None, 'catkin_skip_building_tests': False, 'cmake_args': None, 'cmake_clean_cache': False, 'cmake_clean_first': False, 'cmake_force_configure': False, 'cmake_target': None, 'cmake_target_skip_unavailable': False, 'install_base': '/home/samue/GitHub/ESDA/install/esda_control', 'merge_install': False, 'path': '/home/samue/GitHub/ESDA/esda_control', 'symlink_install': False, 'test_result_base': None}
[1.804s] Level 5:colcon.colcon_core.verb:set package 'esda_launch' build argument 'cmake_args' from command line to 'None'
[1.804s] Level 5:colcon.colcon_core.verb:set package 'esda_launch' build argument 'cmake_target' from command line to 'None'
[1.804s] Level 5:colcon.colcon_core.verb:set package 'esda_launch' build argument 'cmake_target_skip_unavailable' from command line to 'False'
[1.805s] Level 5:colcon.colcon_core.verb:set package 'esda_launch' build argument 'cmake_clean_cache' from command line to 'False'
[1.805s] Level 5:colcon.colcon_core.verb:set package 'esda_launch' build argument 'cmake_clean_first' from command line to 'False'
[1.805s] Level 5:colcon.colcon_core.verb:set package 'esda_launch' build argument 'cmake_force_configure' from command line to 'False'
[1.805s] Level 5:colcon.colcon_core.verb:set package 'esda_launch' build argument 'ament_cmake_args' from command line to 'None'
[1.805s] Level 5:colcon.colcon_core.verb:set package 'esda_launch' build argument 'catkin_cmake_args' from command line to 'None'
[1.805s] Level 5:colcon.colcon_core.verb:set package 'esda_launch' build argument 'catkin_skip_building_tests' from command line to 'False'
[1.805s] DEBUG:colcon.colcon_core.verb:Building package 'esda_launch' with the following arguments: {'ament_cmake_args': None, 'build_base': '/home/samue/GitHub/ESDA/build/esda_launch', 'catkin_cmake_args': None, 'catkin_skip_building_tests': False, 'cmake_args': None, 'cmake_clean_cache': False, 'cmake_clean_first': False, 'cmake_force_configure': False, 'cmake_target': None, 'cmake_target_skip_unavailable': False, 'install_base': '/home/samue/GitHub/ESDA/install/esda_launch', 'merge_install': False, 'path': '/home/samue/GitHub/ESDA/esda_launch', 'symlink_install': False, 'test_result_base': None}
[1.805s] Level 5:colcon.colcon_core.verb:set package 'esda_sim' build argument 'cmake_args' from command line to 'None'
[1.805s] Level 5:colcon.colcon_core.verb:set package 'esda_sim' build argument 'cmake_target' from command line to 'None'
[1.805s] Level 5:colcon.colcon_core.verb:set package 'esda_sim' build argument 'cmake_target_skip_unavailable' from command line to 'False'
[1.805s] Level 5:colcon.colcon_core.verb:set package 'esda_sim' build argument 'cmake_clean_cache' from command line to 'False'
[1.805s] Level 5:colcon.colcon_core.verb:set package 'esda_sim' build argument 'cmake_clean_first' from command line to 'False'
[1.805s] Level 5:colcon.colcon_core.verb:set package 'esda_sim' build argument 'cmake_force_configure' from command line to 'False'
[1.805s] Level 5:colcon.colcon_core.verb:set package 'esda_sim' build argument 'ament_cmake_args' from command line to 'None'
[1.805s] Level 5:colcon.colcon_core.verb:set package 'esda_sim' build argument 'catkin_cmake_args' from command line to 'None'
[1.805s] Level 5:colcon.colcon_core.verb:set package 'esda_sim' build argument 'catkin_skip_building_tests' from command line to 'False'
[1.805s] DEBUG:colcon.colcon_core.verb:Building package 'esda_sim' with the following arguments: {'ament_cmake_args': None, 'build_base': '/home/samue/GitHub/ESDA/build/esda_sim', 'catkin_cmake_args': None, 'catkin_skip_building_tests': False, 'cmake_args': None, 'cmake_clean_cache': False, 'cmake_clean_first': False, 'cmake_force_configure': False, 'cmake_target': None, 'cmake_target_skip_unavailable': False, 'install_base': '/home/samue/GitHub/ESDA/install/esda_sim', 'merge_install': False, 'path': '/home/samue/GitHub/ESDA/esda_sim', 'symlink_install': False, 'test_result_base': None}
[1.806s] Level 5:colcon.colcon_core.verb:set package 'esda_zed_cam' build argument 'cmake_args' from command line to 'None'
[1.806s] Level 5:colcon.colcon_core.verb:set package 'esda_zed_cam' build argument 'cmake_target' from command line to 'None'
[1.806s] Level 5:colcon.colcon_core.verb:set package 'esda_zed_cam' build argument 'cmake_target_skip_unavailable' from command line to 'False'
[1.806s] Level 5:colcon.colcon_core.verb:set package 'esda_zed_cam' build argument 'cmake_clean_cache' from command line to 'False'
[1.806s] Level 5:colcon.colcon_core.verb:set package 'esda_zed_cam' build argument 'cmake_clean_first' from command line to 'False'
[1.806s] Level 5:colcon.colcon_core.verb:set package 'esda_zed_cam' build argument 'cmake_force_configure' from command line to 'False'
[1.806s] Level 5:colcon.colcon_core.verb:set package 'esda_zed_cam' build argument 'ament_cmake_args' from command line to 'None'
[1.806s] Level 5:colcon.colcon_core.verb:set package 'esda_zed_cam' build argument 'catkin_cmake_args' from command line to 'None'
[1.806s] Level 5:colcon.colcon_core.verb:set package 'esda_zed_cam' build argument 'catkin_skip_building_tests' from command line to 'False'
[1.806s] DEBUG:colcon.colcon_core.verb:Building package 'esda_zed_cam' with the following arguments: {'ament_cmake_args': None, 'build_base': '/home/samue/GitHub/ESDA/build/esda_zed_cam', 'catkin_cmake_args': None, 'catkin_skip_building_tests': False, 'cmake_args': None, 'cmake_clean_cache': False, 'cmake_clean_first': False, 'cmake_force_configure': False, 'cmake_target': None, 'cmake_target_skip_unavailable': False, 'install_base': '/home/samue/GitHub/ESDA/install/esda_zed_cam', 'merge_install': False, 'path': '/home/samue/GitHub/ESDA/esda_zed_cam', 'symlink_install': False, 'test_result_base': None}
[1.806s] INFO:colcon.colcon_core.executor:Executing jobs using 'parallel' executor
[1.807s] DEBUG:colcon.colcon_parallel_executor.executor.parallel:run_until_complete
[1.808s] INFO:colcon.colcon_ros.task.ament_python.build:Building ROS package in '/home/samue/GitHub/ESDA/esda_control' with build type 'ament_python'
[1.808s] Level 1:colcon.colcon_core.shell:create_environment_hook('esda_control', 'ament_prefix_path')
[1.814s] INFO:colcon.colcon_core.plugin_system:Skipping extension 'colcon_core.shell.bat': Not used on non-Windows systems
[1.814s] INFO:colcon.colcon_core.shell:Creating environment hook '/home/samue/GitHub/ESDA/install/esda_control/share/esda_control/hook/ament_prefix_path.ps1'
[1.816s] INFO:colcon.colcon_core.shell:Creating environment descriptor '/home/samue/GitHub/ESDA/install/esda_control/share/esda_control/hook/ament_prefix_path.dsv'
[1.817s] INFO:colcon.colcon_core.shell:Creating environment hook '/home/samue/GitHub/ESDA/install/esda_control/share/esda_control/hook/ament_prefix_path.sh'
[1.819s] INFO:colcon.colcon_core.shell:Skip shell extension 'powershell' for command environment: Not usable outside of PowerShell
[1.819s] DEBUG:colcon.colcon_core.shell:Skip shell extension 'dsv' for command environment
[1.824s] INFO:colcon.colcon_ros.task.ament_python.build:Building ROS package in '/home/samue/GitHub/ESDA/esda_launch' with build type 'ament_python'
[1.825s] Level 1:colcon.colcon_core.shell:create_environment_hook('esda_launch', 'ament_prefix_path')
[1.825s] INFO:colcon.colcon_core.shell:Creating environment hook '/home/samue/GitHub/ESDA/install/esda_launch/share/esda_launch/hook/ament_prefix_path.ps1'
[1.826s] INFO:colcon.colcon_core.shell:Creating environment descriptor '/home/samue/GitHub/ESDA/install/esda_launch/share/esda_launch/hook/ament_prefix_path.dsv'
[1.827s] INFO:colcon.colcon_core.shell:Creating environment hook '/home/samue/GitHub/ESDA/install/esda_launch/share/esda_launch/hook/ament_prefix_path.sh'
[1.828s] INFO:colcon.colcon_core.shell:Skip shell extension 'powershell' for command environment: Not usable outside of PowerShell
[1.828s] DEBUG:colcon.colcon_core.shell:Skip shell extension 'dsv' for command environment
[1.832s] INFO:colcon.colcon_ros.task.ament_python.build:Building ROS package in '/home/samue/GitHub/ESDA/esda_sim' with build type 'ament_python'
[1.832s] Level 1:colcon.colcon_core.shell:create_environment_hook('esda_sim', 'ament_prefix_path')
[1.833s] INFO:colcon.colcon_core.shell:Creating environment hook '/home/samue/GitHub/ESDA/install/esda_sim/share/esda_sim/hook/ament_prefix_path.ps1'
[1.833s] INFO:colcon.colcon_core.shell:Creating environment descriptor '/home/samue/GitHub/ESDA/install/esda_sim/share/esda_sim/hook/ament_prefix_path.dsv'
[1.833s] INFO:colcon.colcon_core.shell:Creating environment hook '/home/samue/GitHub/ESDA/install/esda_sim/share/esda_sim/hook/ament_prefix_path.sh'
[1.834s] INFO:colcon.colcon_core.shell:Skip shell extension 'powershell' for command environment: Not usable outside of PowerShell
[1.834s] DEBUG:colcon.colcon_core.shell:Skip shell extension 'dsv' for command environment
[1.837s] INFO:colcon.colcon_ros.task.ament_python.build:Building ROS package in '/home/samue/GitHub/ESDA/esda_zed_cam' with build type 'ament_python'
[1.838s] Level 1:colcon.colcon_core.shell:create_environment_hook('esda_zed_cam', 'ament_prefix_path')
[1.838s] INFO:colcon.colcon_core.shell:Creating environment hook '/home/samue/GitHub/ESDA/install/esda_zed_cam/share/esda_zed_cam/hook/ament_prefix_path.ps1'
[1.839s] INFO:colcon.colcon_core.shell:Creating environment descriptor '/home/samue/GitHub/ESDA/install/esda_zed_cam/share/esda_zed_cam/hook/ament_prefix_path.dsv'
[1.839s] INFO:colcon.colcon_core.shell:Creating environment hook '/home/samue/GitHub/ESDA/install/esda_zed_cam/share/esda_zed_cam/hook/ament_prefix_path.sh'
[1.841s] INFO:colcon.colcon_core.shell:Skip shell extension 'powershell' for command environment: Not usable outside of PowerShell
[1.841s] DEBUG:colcon.colcon_core.shell:Skip shell extension 'dsv' for command environment
[2.116s] INFO:colcon.colcon_core.task.python.build:Building Python package in '/home/samue/GitHub/ESDA/esda_control'
[2.116s] INFO:colcon.colcon_core.shell:Skip shell extension 'powershell' for command environment: Not usable outside of PowerShell
[2.116s] DEBUG:colcon.colcon_core.shell:Skip shell extension 'dsv' for command environment
[2.369s] INFO:colcon.colcon_core.task.python.build:Building Python package in '/home/samue/GitHub/ESDA/esda_launch'
[2.370s] INFO:colcon.colcon_core.shell:Skip shell extension 'powershell' for command environment: Not usable outside of PowerShell
[2.370s] DEBUG:colcon.colcon_core.shell:Skip shell extension 'dsv' for command environment
[2.632s] INFO:colcon.colcon_core.task.python.build:Building Python package in '/home/samue/GitHub/ESDA/esda_sim'
[2.633s] INFO:colcon.colcon_core.shell:Skip shell extension 'powershell' for command environment: Not usable outside of PowerShell
[2.633s] DEBUG:colcon.colcon_core.shell:Skip shell extension 'dsv' for command environment
[2.895s] INFO:colcon.colcon_core.task.python.build:Building Python package in '/home/samue/GitHub/ESDA/esda_zed_cam'
[2.896s] INFO:colcon.colcon_core.shell:Skip shell extension 'powershell' for command environment: Not usable outside of PowerShell
[2.896s] DEBUG:colcon.colcon_core.shell:Skip shell extension 'dsv' for command environment
[3.446s] DEBUG:colcon.colcon_core.event_handler.log_command:Invoking command in '/home/samue/GitHub/ESDA/esda_control': PYTHONPATH=/home/samue/GitHub/ESDA/build/esda_control/prefix_override:/usr/lib/python3/dist-packages/colcon_core/task/python/colcon_distutils_commands:/home/samue/GitHub/ESDA/install/esda_control/lib/python3.10/site-packages:${PYTHONPATH} /usr/bin/python3 -W ignore:setup.py install is deprecated setup.py egg_info --egg-base ../build/esda_control build --build-base /home/samue/GitHub/ESDA/build/esda_control/build install --record /home/samue/GitHub/ESDA/build/esda_control/install.log --single-version-externally-managed install_data
[3.452s] DEBUG:colcon.colcon_core.event_handler.log_command:Invoking command in '/home/samue/GitHub/ESDA/esda_launch': PYTHONPATH=/home/samue/GitHub/ESDA/build/esda_launch/prefix_override:/usr/lib/python3/dist-packages/colcon_core/task/python/colcon_distutils_commands:/home/samue/GitHub/ESDA/install/esda_launch/lib/python3.10/site-packages:${PYTHONPATH} /usr/bin/python3 -W ignore:setup.py install is deprecated setup.py egg_info --egg-base ../build/esda_launch build --build-base /home/samue/GitHub/ESDA/build/esda_launch/build install --record /home/samue/GitHub/ESDA/build/esda_launch/install.log --single-version-externally-managed install_data
[3.456s] DEBUG:colcon.colcon_core.event_handler.log_command:Invoking command in '/home/samue/GitHub/ESDA/esda_sim': PYTHONPATH=/home/samue/GitHub/ESDA/build/esda_sim/prefix_override:/usr/lib/python3/dist-packages/colcon_core/task/python/colcon_distutils_commands:/home/samue/GitHub/ESDA/install/esda_sim/lib/python3.10/site-packages:${PYTHONPATH} /usr/bin/python3 -W ignore:setup.py install is deprecated setup.py egg_info --egg-base ../build/esda_sim build --build-base /home/samue/GitHub/ESDA/build/esda_sim/build install --record /home/samue/GitHub/ESDA/build/esda_sim/install.log --single-version-externally-managed install_data
[3.458s] DEBUG:colcon.colcon_core.event_handler.log_command:Invoking command in '/home/samue/GitHub/ESDA/esda_zed_cam': PYTHONPATH=/home/samue/GitHub/ESDA/build/esda_zed_cam/prefix_override:/usr/lib/python3/dist-packages/colcon_core/task/python/colcon_distutils_commands:/home/samue/GitHub/ESDA/install/esda_zed_cam/lib/python3.10/site-packages:${PYTHONPATH} /usr/bin/python3 -W ignore:setup.py install is deprecated setup.py egg_info --egg-base ../build/esda_zed_cam build --build-base /home/samue/GitHub/ESDA/build/esda_zed_cam/build install --record /home/samue/GitHub/ESDA/build/esda_zed_cam/install.log --single-version-externally-managed install_data
[3.748s] DEBUG:colcon.colcon_core.event_handler.log_command:Invoked command in '/home/samue/GitHub/ESDA/esda_launch' returned '0': PYTHONPATH=/home/samue/GitHub/ESDA/build/esda_launch/prefix_override:/usr/lib/python3/dist-packages/colcon_core/task/python/colcon_distutils_commands:/home/samue/GitHub/ESDA/install/esda_launch/lib/python3.10/site-packages:${PYTHONPATH} /usr/bin/python3 -W ignore:setup.py install is deprecated setup.py egg_info --egg-base ../build/esda_launch build --build-base /home/samue/GitHub/ESDA/build/esda_launch/build install --record /home/samue/GitHub/ESDA/build/esda_launch/install.log --single-version-externally-managed install_data
[3.760s] Level 1:colcon.colcon_core.environment:checking '/home/samue/GitHub/ESDA/install/esda_launch' for CMake module files
[3.760s] Level 1:colcon.colcon_core.environment:checking '/home/samue/GitHub/ESDA/install/esda_launch' for CMake config files
[3.763s] Level 1:colcon.colcon_core.environment:checking '/home/samue/GitHub/ESDA/install/esda_launch/lib'
[3.763s] Level 1:colcon.colcon_core.environment:checking '/home/samue/GitHub/ESDA/install/esda_launch/bin'
[3.763s] Level 1:colcon.colcon_core.environment:checking '/home/samue/GitHub/ESDA/install/esda_launch/lib/pkgconfig/esda_launch.pc'
[3.764s] Level 1:colcon.colcon_core.environment:checking '/home/samue/GitHub/ESDA/install/esda_launch/lib/python3.10/site-packages'
[3.764s] Level 1:colcon.colcon_core.shell:create_environment_hook('esda_launch', 'pythonpath')
[3.764s] INFO:colcon.colcon_core.shell:Creating environment hook '/home/samue/GitHub/ESDA/install/esda_launch/share/esda_launch/hook/pythonpath.ps1'
[3.765s] INFO:colcon.colcon_core.shell:Creating environment descriptor '/home/samue/GitHub/ESDA/install/esda_launch/share/esda_launch/hook/pythonpath.dsv'
[3.765s] INFO:colcon.colcon_core.shell:Creating environment hook '/home/samue/GitHub/ESDA/install/esda_launch/share/esda_launch/hook/pythonpath.sh'
[3.766s] Level 1:colcon.colcon_core.environment:checking '/home/samue/GitHub/ESDA/install/esda_launch/bin'
[3.766s] Level 1:colcon.colcon_core.environment:create_environment_scripts_only(esda_launch)
[3.767s] INFO:colcon.colcon_core.shell:Creating package script '/home/samue/GitHub/ESDA/install/esda_launch/share/esda_launch/package.ps1'
[3.768s] INFO:colcon.colcon_core.shell:Creating package descriptor '/home/samue/GitHub/ESDA/install/esda_launch/share/esda_launch/package.dsv'
[3.769s] INFO:colcon.colcon_core.shell:Creating package script '/home/samue/GitHub/ESDA/install/esda_launch/share/esda_launch/package.sh'
[3.771s] INFO:colcon.colcon_core.shell:Creating package script '/home/samue/GitHub/ESDA/install/esda_launch/share/esda_launch/package.bash'
[3.772s] INFO:colcon.colcon_core.shell:Creating package script '/home/samue/GitHub/ESDA/install/esda_launch/share/esda_launch/package.zsh'
[3.773s] Level 1:colcon.colcon_core.environment:create_file_with_runtime_dependencies(/home/samue/GitHub/ESDA/install/esda_launch/share/colcon-core/packages/esda_launch)
[3.777s] Level 1:colcon.colcon_core.environment:checking '/home/samue/GitHub/ESDA/install/esda_sim' for CMake module files
[3.778s] DEBUG:colcon.colcon_core.event_handler.log_command:Invoked command in '/home/samue/GitHub/ESDA/esda_sim' returned '0': PYTHONPATH=/home/samue/GitHub/ESDA/build/esda_sim/prefix_override:/usr/lib/python3/dist-packages/colcon_core/task/python/colcon_distutils_commands:/home/samue/GitHub/ESDA/install/esda_sim/lib/python3.10/site-packages:${PYTHONPATH} /usr/bin/python3 -W ignore:setup.py install is deprecated setup.py egg_info --egg-base ../build/esda_sim build --build-base /home/samue/GitHub/ESDA/build/esda_sim/build install --record /home/samue/GitHub/ESDA/build/esda_sim/install.log --single-version-externally-managed install_data
[3.778s] Level 1:colcon.colcon_core.environment:checking '/home/samue/GitHub/ESDA/install/esda_sim' for CMake config files
[3.780s] Level 1:colcon.colcon_core.environment:checking '/home/samue/GitHub/ESDA/install/esda_sim/lib'
[3.780s] Level 1:colcon.colcon_core.environment:checking '/home/samue/GitHub/ESDA/install/esda_sim/bin'
[3.780s] Level 1:colcon.colcon_core.environment:checking '/home/samue/GitHub/ESDA/install/esda_sim/lib/pkgconfig/esda_sim.pc'
[3.781s] Level 1:colcon.colcon_core.environment:checking '/home/samue/GitHub/ESDA/install/esda_sim/lib/python3.10/site-packages'
[3.781s] Level 1:colcon.colcon_core.shell:create_environment_hook('esda_sim', 'pythonpath')
[3.781s] INFO:colcon.colcon_core.shell:Creating environment hook '/home/samue/GitHub/ESDA/install/esda_sim/share/esda_sim/hook/pythonpath.ps1'
[3.782s] INFO:colcon.colcon_core.shell:Creating environment descriptor '/home/samue/GitHub/ESDA/install/esda_sim/share/esda_sim/hook/pythonpath.dsv'
[3.782s] INFO:colcon.colcon_core.shell:Creating environment hook '/home/samue/GitHub/ESDA/install/esda_sim/share/esda_sim/hook/pythonpath.sh'
[3.783s] Level 1:colcon.colcon_core.environment:checking '/home/samue/GitHub/ESDA/install/esda_sim/bin'
[3.783s] Level 1:colcon.colcon_core.environment:create_environment_scripts_only(esda_sim)
[3.783s] INFO:colcon.colcon_core.shell:Creating package script '/home/samue/GitHub/ESDA/install/esda_sim/share/esda_sim/package.ps1'
[3.784s] INFO:colcon.colcon_core.shell:Creating package descriptor '/home/samue/GitHub/ESDA/install/esda_sim/share/esda_sim/package.dsv'
[3.785s] INFO:colcon.colcon_core.shell:Creating package script '/home/samue/GitHub/ESDA/install/esda_sim/share/esda_sim/package.sh'
[3.786s] INFO:colcon.colcon_core.shell:Creating package script '/home/samue/GitHub/ESDA/install/esda_sim/share/esda_sim/package.bash'
[3.786s] INFO:colcon.colcon_core.shell:Creating package script '/home/samue/GitHub/ESDA/install/esda_sim/share/esda_sim/package.zsh'
[3.787s] Level 1:colcon.colcon_core.environment:create_file_with_runtime_dependencies(/home/samue/GitHub/ESDA/install/esda_sim/share/colcon-core/packages/esda_sim)
[3.788s] Level 1:colcon.colcon_core.environment:checking '/home/samue/GitHub/ESDA/install/esda_control' for CMake module files
[3.790s] DEBUG:colcon.colcon_core.event_handler.log_command:Invoked command in '/home/samue/GitHub/ESDA/esda_control' returned '0': PYTHONPATH=/home/samue/GitHub/ESDA/build/esda_control/prefix_override:/usr/lib/python3/dist-packages/colcon_core/task/python/colcon_distutils_commands:/home/samue/GitHub/ESDA/install/esda_control/lib/python3.10/site-packages:${PYTHONPATH} /usr/bin/python3 -W ignore:setup.py install is deprecated setup.py egg_info --egg-base ../build/esda_control build --build-base /home/samue/GitHub/ESDA/build/esda_control/build install --record /home/samue/GitHub/ESDA/build/esda_control/install.log --single-version-externally-managed install_data
[3.790s] Level 1:colcon.colcon_core.environment:checking '/home/samue/GitHub/ESDA/install/esda_control' for CMake config files
[3.792s] Level 1:colcon.colcon_core.environment:checking '/home/samue/GitHub/ESDA/install/esda_control/lib'
[3.792s] Level 1:colcon.colcon_core.environment:checking '/home/samue/GitHub/ESDA/install/esda_control/bin'
[3.792s] Level 1:colcon.colcon_core.environment:checking '/home/samue/GitHub/ESDA/install/esda_control/lib/pkgconfig/esda_control.pc'
[3.793s] Level 1:colcon.colcon_core.environment:checking '/home/samue/GitHub/ESDA/install/esda_control/lib/python3.10/site-packages'
[3.793s] Level 1:colcon.colcon_core.shell:create_environment_hook('esda_control', 'pythonpath')
[3.793s] INFO:colcon.colcon_core.shell:Creating environment hook '/home/samue/GitHub/ESDA/install/esda_control/share/esda_control/hook/pythonpath.ps1'
[3.794s] INFO:colcon.colcon_core.shell:Creating environment descriptor '/home/samue/GitHub/ESDA/install/esda_control/share/esda_control/hook/pythonpath.dsv'
[3.794s] INFO:colcon.colcon_core.shell:Creating environment hook '/home/samue/GitHub/ESDA/install/esda_control/share/esda_control/hook/pythonpath.sh'
[3.795s] Level 1:colcon.colcon_core.environment:checking '/home/samue/GitHub/ESDA/install/esda_control/bin'
[3.795s] Level 1:colcon.colcon_core.environment:create_environment_scripts_only(esda_control)
[3.796s] INFO:colcon.colcon_core.shell:Creating package script '/home/samue/GitHub/ESDA/install/esda_control/share/esda_control/package.ps1'
[3.798s] INFO:colcon.colcon_core.shell:Creating package descriptor '/home/samue/GitHub/ESDA/install/esda_control/share/esda_control/package.dsv'
[3.798s] INFO:colcon.colcon_core.shell:Creating package script '/home/samue/GitHub/ESDA/install/esda_control/share/esda_control/package.sh'
[3.799s] INFO:colcon.colcon_core.shell:Creating package script '/home/samue/GitHub/ESDA/install/esda_control/share/esda_control/package.bash'
[3.799s] INFO:colcon.colcon_core.shell:Creating package script '/home/samue/GitHub/ESDA/install/esda_control/share/esda_control/package.zsh'
[3.799s] Level 1:colcon.colcon_core.environment:create_file_with_runtime_dependencies(/home/samue/GitHub/ESDA/install/esda_control/share/colcon-core/packages/esda_control)
[3.803s] Level 1:colcon.colcon_core.environment:checking '/home/samue/GitHub/ESDA/install/esda_zed_cam' for CMake module files
[3.804s] DEBUG:colcon.colcon_core.event_handler.log_command:Invoked command in '/home/samue/GitHub/ESDA/esda_zed_cam' returned '0': PYTHONPATH=/home/samue/GitHub/ESDA/build/esda_zed_cam/prefix_override:/usr/lib/python3/dist-packages/colcon_core/task/python/colcon_distutils_commands:/home/samue/GitHub/ESDA/install/esda_zed_cam/lib/python3.10/site-packages:${PYTHONPATH} /usr/bin/python3 -W ignore:setup.py install is deprecated setup.py egg_info --egg-base ../build/esda_zed_cam build --build-base /home/samue/GitHub/ESDA/build/esda_zed_cam/build install --record /home/samue/GitHub/ESDA/build/esda_zed_cam/install.log --single-version-externally-managed install_data
[3.804s] Level 1:colcon.colcon_core.environment:checking '/home/samue/GitHub/ESDA/install/esda_zed_cam' for CMake config files
[3.806s] Level 1:colcon.colcon_core.environment:checking '/home/samue/GitHub/ESDA/install/esda_zed_cam/lib'
[3.806s] Level 1:colcon.colcon_core.environment:checking '/home/samue/GitHub/ESDA/install/esda_zed_cam/bin'
[3.806s] Level 1:colcon.colcon_core.environment:checking '/home/samue/GitHub/ESDA/install/esda_zed_cam/lib/pkgconfig/esda_zed_cam.pc'
[3.806s] Level 1:colcon.colcon_core.environment:checking '/home/samue/GitHub/ESDA/install/esda_zed_cam/lib/python3.10/site-packages'
[3.807s] Level 1:colcon.colcon_core.shell:create_environment_hook('esda_zed_cam', 'pythonpath')
[3.807s] INFO:colcon.colcon_core.shell:Creating environment hook '/home/samue/GitHub/ESDA/install/esda_zed_cam/share/esda_zed_cam/hook/pythonpath.ps1'
[3.807s] INFO:colcon.colcon_core.shell:Creating environment descriptor '/home/samue/GitHub/ESDA/install/esda_zed_cam/share/esda_zed_cam/hook/pythonpath.dsv'
[3.808s] INFO:colcon.colcon_core.shell:Creating environment hook '/home/samue/GitHub/ESDA/install/esda_zed_cam/share/esda_zed_cam/hook/pythonpath.sh'
[3.809s] Level 1:colcon.colcon_core.environment:checking '/home/samue/GitHub/ESDA/install/esda_zed_cam/bin'
[3.809s] Level 1:colcon.colcon_core.environment:create_environment_scripts_only(esda_zed_cam)
[3.809s] INFO:colcon.colcon_core.shell:Creating package script '/home/samue/GitHub/ESDA/install/esda_zed_cam/share/esda_zed_cam/package.ps1'
[3.810s] INFO:colcon.colcon_core.shell:Creating package descriptor '/home/samue/GitHub/ESDA/install/esda_zed_cam/share/esda_zed_cam/package.dsv'
[3.811s] INFO:colcon.colcon_core.shell:Creating package script '/home/samue/GitHub/ESDA/install/esda_zed_cam/share/esda_zed_cam/package.sh'
[3.811s] INFO:colcon.colcon_core.shell:Creating package script '/home/samue/GitHub/ESDA/install/esda_zed_cam/share/esda_zed_cam/package.bash'
[3.812s] INFO:colcon.colcon_core.shell:Creating package script '/home/samue/GitHub/ESDA/install/esda_zed_cam/share/esda_zed_cam/package.zsh'
[3.812s] Level 1:colcon.colcon_core.environment:create_file_with_runtime_dependencies(/home/samue/GitHub/ESDA/install/esda_zed_cam/share/colcon-core/packages/esda_zed_cam)
[3.813s] DEBUG:colcon.colcon_parallel_executor.executor.parallel:closing loop
[3.813s] DEBUG:colcon.colcon_parallel_executor.executor.parallel:loop closed
[3.814s] DEBUG:colcon.colcon_parallel_executor.executor.parallel:run_until_complete finished with '0'
[3.814s] DEBUG:colcon.colcon_core.event_reactor:joining thread
[3.879s] INFO:colcon.colcon_core.plugin_system:Skipping extension 'colcon_notification.desktop_notification.notify_send': Could not find 'notify-send'
[3.880s] INFO:colcon.colcon_core.plugin_system:Skipping extension 'colcon_notification.desktop_notification.terminal_notifier': Not used on non-Darwin systems
[3.880s] INFO:colcon.colcon_core.plugin_system:Skipping extension 'colcon_notification.desktop_notification.win32': Not used on non-Windows systems
[3.880s] INFO:colcon.colcon_notification.desktop_notification:Sending desktop notification using 'notify2'
[3.883s] DEBUG:colcon.colcon_notification.desktop_notification.notify2:Failed to initialize notify2: org.freedesktop.DBus.Error.ServiceUnknown: The name org.freedesktop.Notifications was not provided by any .service files
[3.883s] DEBUG:colcon.colcon_core.event_reactor:joined thread
[3.884s] INFO:colcon.colcon_core.shell:Creating prefix script '/home/samue/GitHub/ESDA/install/local_setup.ps1'
[3.885s] INFO:colcon.colcon_core.shell:Creating prefix util module '/home/samue/GitHub/ESDA/install/_local_setup_util_ps1.py'
[3.887s] INFO:colcon.colcon_core.shell:Creating prefix chain script '/home/samue/GitHub/ESDA/install/setup.ps1'
[3.888s] INFO:colcon.colcon_core.shell:Creating prefix script '/home/samue/GitHub/ESDA/install/local_setup.sh'
[3.889s] INFO:colcon.colcon_core.shell:Creating prefix util module '/home/samue/GitHub/ESDA/install/_local_setup_util_sh.py'
[3.890s] INFO:colcon.colcon_core.shell:Creating prefix chain script '/home/samue/GitHub/ESDA/install/setup.sh'
[3.891s] INFO:colcon.colcon_core.shell:Creating prefix script '/home/samue/GitHub/ESDA/install/local_setup.bash'
[3.892s] INFO:colcon.colcon_core.shell:Creating prefix chain script '/home/samue/GitHub/ESDA/install/setup.bash'
[3.893s] INFO:colcon.colcon_core.shell:Creating prefix script '/home/samue/GitHub/ESDA/install/local_setup.zsh'
[3.894s] INFO:colcon.colcon_core.shell:Creating prefix chain script '/home/samue/GitHub/ESDA/install/setup.zsh'
