[0.518s] DEBUG:colcon:Command line arguments: ['/usr/bin/colcon', 'build']
[0.518s] DEBUG:colcon:Parsed command line arguments: Namespace(log_base=None, log_level=None, verb_name='build', build_base='build', install_base='install', merge_install=False, symlink_install=False, test_result_base=None, continue_on_error=False, executor='parallel', parallel_workers=20, event_handlers=None, ignore_user_meta=False, metas=['./colcon.meta'], base_paths=['.'], packages_ignore=None, packages_ignore_regex=None, paths=None, packages_up_to=None, packages_up_to_regex=None, packages_above=None, packages_above_and_dependencies=None, packages_above_depth=None, packages_select_by_dep=None, packages_skip_by_dep=None, packages_skip_up_to=None, packages_select_build_failed=False, packages_skip_build_finished=False, packages_select_test_failures=False, packages_skip_test_passed=False, packages_select=None, packages_skip=None, packages_select_regex=None, packages_skip_regex=None, packages_start=None, packages_end=None, allow_overriding=[], cmake_args=None, cmake_target=None, cmake_target_skip_unavailable=False, cmake_clean_cache=False, cmake_clean_first=False, cmake_force_configure=False, ament_cmake_args=None, catkin_cmake_args=None, catkin_skip_building_tests=False, mixin_files=None, mixin=None, verb_parser=<colcon_mixin.mixin.mixin_argument.MixinArgumentDecorator object at 0x7fe3b72621d0>, verb_extension=<colcon_core.verb.build.BuildVerb object at 0x7fe3b7261c90>, main=<bound method BuildVerb.main of <colcon_core.verb.build.BuildVerb object at 0x7fe3b7261c90>>, mixin_verb=('build',))
[0.815s] Level 1:colcon.colcon_core.package_discovery:discover_packages(colcon_meta) check parameters
[0.815s] Level 1:colcon.colcon_core.package_discovery:discover_packages(recursive) check parameters
[0.816s] Level 1:colcon.colcon_core.package_discovery:discover_packages(ignore) check parameters
[0.816s] Level 1:colcon.colcon_core.package_discovery:discover_packages(path) check parameters
[0.816s] Level 1:colcon.colcon_core.package_discovery:discover_packages(colcon_meta) discover
[0.816s] Level 1:colcon.colcon_core.package_discovery:discover_packages(recursive) discover
[0.816s] INFO:colcon.colcon_core.package_discovery:Crawling recursively for packages in '/home/samue/GitHub/ESDA'
[0.816s] Level 1:colcon.colcon_core.package_identification:_identify(.) by extensions ['ignore', 'ignore_ament_install']
[0.816s] Level 1:colcon.colcon_core.package_identification:_identify(.) by extension 'ignore'
[0.816s] Level 1:colcon.colcon_core.package_identification:_identify(.) by extension 'ignore_ament_install'
[0.816s] Level 1:colcon.colcon_core.package_identification:_identify(.) by extensions ['colcon_pkg']
[0.817s] Level 1:colcon.colcon_core.package_identification:_identify(.) by extension 'colcon_pkg'
[0.817s] Level 1:colcon.colcon_core.package_identification:_identify(.) by extensions ['colcon_meta']
[0.817s] Level 1:colcon.colcon_core.package_identification:_identify(.) by extension 'colcon_meta'
[0.817s] Level 1:colcon.colcon_core.package_identification:_identify(.) by extensions ['ros']
[0.817s] Level 1:colcon.colcon_core.package_identification:_identify(.) by extension 'ros'
[0.844s] Level 1:colcon.colcon_core.package_identification:_identify(.) by extensions ['cmake', 'python']
[0.844s] Level 1:colcon.colcon_core.package_identification:_identify(.) by extension 'cmake'
[0.844s] Level 1:colcon.colcon_core.package_identification:_identify(.) by extension 'python'
[0.844s] Level 1:colcon.colcon_core.package_identification:_identify(.) by extensions ['python_setup_py']
[0.844s] Level 1:colcon.colcon_core.package_identification:_identify(.) by extension 'python_setup_py'
[0.844s] Level 1:colcon.colcon_core.package_identification:_identify(build) by extensions ['ignore', 'ignore_ament_install']
[0.845s] Level 1:colcon.colcon_core.package_identification:_identify(build) by extension 'ignore'
[0.846s] Level 1:colcon.colcon_core.package_identification:_identify(build) ignored
[0.846s] Level 1:colcon.colcon_core.package_identification:_identify(esda_control) by extensions ['ignore', 'ignore_ament_install']
[0.847s] Level 1:colcon.colcon_core.package_identification:_identify(esda_control) by extension 'ignore'
[0.847s] Level 1:colcon.colcon_core.package_identification:_identify(esda_control) by extension 'ignore_ament_install'
[0.847s] Level 1:colcon.colcon_core.package_identification:_identify(esda_control) by extensions ['colcon_pkg']
[0.847s] Level 1:colcon.colcon_core.package_identification:_identify(esda_control) by extension 'colcon_pkg'
[0.847s] Level 1:colcon.colcon_core.package_identification:_identify(esda_control) by extensions ['colcon_meta']
[0.847s] Level 1:colcon.colcon_core.package_identification:_identify(esda_control) by extension 'colcon_meta'
[0.847s] Level 1:colcon.colcon_core.package_identification:_identify(esda_control) by extensions ['ros']
[0.847s] Level 1:colcon.colcon_core.package_identification:_identify(esda_control) by extension 'ros'
[0.853s] DEBUG:colcon.colcon_core.package_identification:Package 'esda_control' with type 'ros.ament_python' and name 'esda_control'
[0.853s] Level 1:colcon.colcon_core.package_identification:_identify(esda_launch) by extensions ['ignore', 'ignore_ament_install']
[0.854s] Level 1:colcon.colcon_core.package_identification:_identify(esda_launch) by extension 'ignore'
[0.854s] Level 1:colcon.colcon_core.package_identification:_identify(esda_launch) by extension 'ignore_ament_install'
[0.854s] Level 1:colcon.colcon_core.package_identification:_identify(esda_launch) by extensions ['colcon_pkg']
[0.854s] Level 1:colcon.colcon_core.package_identification:_identify(esda_launch) by extension 'colcon_pkg'
[0.854s] Level 1:colcon.colcon_core.package_identification:_identify(esda_launch) by extensions ['colcon_meta']
[0.855s] Level 1:colcon.colcon_core.package_identification:_identify(esda_launch) by extension 'colcon_meta'
[0.855s] Level 1:colcon.colcon_core.package_identification:_identify(esda_launch) by extensions ['ros']
[0.855s] Level 1:colcon.colcon_core.package_identification:_identify(esda_launch) by extension 'ros'
[0.858s] DEBUG:colcon.colcon_core.package_identification:Package 'esda_launch' with type 'ros.ament_python' and name 'esda_launch'
[0.858s] Level 1:colcon.colcon_core.package_identification:_identify(esda_sim) by extensions ['ignore', 'ignore_ament_install']
[0.859s] Level 1:colcon.colcon_core.package_identification:_identify(esda_sim) by extension 'ignore'
[0.859s] Level 1:colcon.colcon_core.package_identification:_identify(esda_sim) by extension 'ignore_ament_install'
[0.859s] Level 1:colcon.colcon_core.package_identification:_identify(esda_sim) by extensions ['colcon_pkg']
[0.859s] Level 1:colcon.colcon_core.package_identification:_identify(esda_sim) by extension 'colcon_pkg'
[0.859s] Level 1:colcon.colcon_core.package_identification:_identify(esda_sim) by extensions ['colcon_meta']
[0.859s] Level 1:colcon.colcon_core.package_identification:_identify(esda_sim) by extension 'colcon_meta'
[0.859s] Level 1:colcon.colcon_core.package_identification:_identify(esda_sim) by extensions ['ros']
[0.859s] Level 1:colcon.colcon_core.package_identification:_identify(esda_sim) by extension 'ros'
[0.860s] DEBUG:colcon.colcon_core.package_identification:Package 'esda_sim' with type 'ros.ament_python' and name 'esda_sim'
[0.861s] Level 1:colcon.colcon_core.package_identification:_identify(esda_zed_cam) by extensions ['ignore', 'ignore_ament_install']
[0.861s] Level 1:colcon.colcon_core.package_identification:_identify(esda_zed_cam) by extension 'ignore'
[0.861s] Level 1:colcon.colcon_core.package_identification:_identify(esda_zed_cam) by extension 'ignore_ament_install'
[0.861s] Level 1:colcon.colcon_core.package_identification:_identify(esda_zed_cam) by extensions ['colcon_pkg']
[0.861s] Level 1:colcon.colcon_core.package_identification:_identify(esda_zed_cam) by extension 'colcon_pkg'
[0.861s] Level 1:colcon.colcon_core.package_identification:_identify(esda_zed_cam) by extensions ['colcon_meta']
[0.861s] Level 1:colcon.colcon_core.package_identification:_identify(esda_zed_cam) by extension 'colcon_meta'
[0.861s] Level 1:colcon.colcon_core.package_identification:_identify(esda_zed_cam) by extensions ['ros']
[0.861s] Level 1:colcon.colcon_core.package_identification:_identify(esda_zed_cam) by extension 'ros'
[0.862s] DEBUG:colcon.colcon_core.package_identification:Package 'esda_zed_cam' with type 'ros.ament_python' and name 'esda_zed_cam'
[0.862s] Level 1:colcon.colcon_core.package_identification:_identify(install) by extensions ['ignore', 'ignore_ament_install']
[0.862s] Level 1:colcon.colcon_core.package_identification:_identify(install) by extension 'ignore'
[0.862s] Level 1:colcon.colcon_core.package_identification:_identify(install) ignored
[0.862s] Level 1:colcon.colcon_core.package_identification:_identify(log) by extensions ['ignore', 'ignore_ament_install']
[0.862s] Level 1:colcon.colcon_core.package_identification:_identify(log) by extension 'ignore'
[0.863s] Level 1:colcon.colcon_core.package_identification:_identify(log) ignored
[0.863s] Level 1:colcon.colcon_core.package_identification:_identify(zed-ros-2-wrapper) by extensions ['ignore', 'ignore_ament_install']
[0.863s] Level 1:colcon.colcon_core.package_identification:_identify(zed-ros-2-wrapper) by extension 'ignore'
[0.863s] Level 1:colcon.colcon_core.package_identification:_identify(zed-ros-2-wrapper) by extension 'ignore_ament_install'
[0.863s] Level 1:colcon.colcon_core.package_identification:_identify(zed-ros-2-wrapper) by extensions ['colcon_pkg']
[0.863s] Level 1:colcon.colcon_core.package_identification:_identify(zed-ros-2-wrapper) by extension 'colcon_pkg'
[0.863s] Level 1:colcon.colcon_core.package_identification:_identify(zed-ros-2-wrapper) by extensions ['colcon_meta']
[0.863s] Level 1:colcon.colcon_core.package_identification:_identify(zed-ros-2-wrapper) by extension 'colcon_meta'
[0.863s] Level 1:colcon.colcon_core.package_identification:_identify(zed-ros-2-wrapper) by extensions ['ros']
[0.863s] Level 1:colcon.colcon_core.package_identification:_identify(zed-ros-2-wrapper) by extension 'ros'
[0.863s] Level 1:colcon.colcon_core.package_identification:_identify(zed-ros-2-wrapper) by extensions ['cmake', 'python']
[0.863s] Level 1:colcon.colcon_core.package_identification:_identify(zed-ros-2-wrapper) by extension 'cmake'
[0.863s] Level 1:colcon.colcon_core.package_identification:_identify(zed-ros-2-wrapper) by extension 'python'
[0.863s] Level 1:colcon.colcon_core.package_identification:_identify(zed-ros-2-wrapper) by extensions ['python_setup_py']
[0.863s] Level 1:colcon.colcon_core.package_identification:_identify(zed-ros-2-wrapper) by extension 'python_setup_py'
[0.863s] Level 1:colcon.colcon_core.package_discovery:discover_packages(recursive) using defaults
[0.864s] Level 1:colcon.colcon_core.package_discovery:discover_packages(ignore) discover
[0.864s] Level 1:colcon.colcon_core.package_discovery:discover_packages(ignore) using defaults
[0.864s] Level 1:colcon.colcon_core.package_discovery:discover_packages(path) discover
[0.864s] Level 1:colcon.colcon_core.package_discovery:discover_packages(path) using defaults
[0.904s] Level 1:colcon.colcon_core.package_discovery:discover_packages(prefix_path) check parameters
[0.904s] Level 1:colcon.colcon_core.package_discovery:discover_packages(prefix_path) discover
[0.907s] DEBUG:colcon.colcon_installed_package_information.package_discovery:Found 4 installed packages in /home/samue/GitHub/ESDA/install
[0.909s] DEBUG:colcon.colcon_installed_package_information.package_discovery:Found 361 installed packages in /opt/ros/humble
[0.932s] Level 1:colcon.colcon_core.package_discovery:discover_packages(prefix_path) using defaults
[1.014s] Level 5:colcon.colcon_core.verb:set package 'esda_control' build argument 'cmake_args' from command line to 'None'
[1.015s] Level 5:colcon.colcon_core.verb:set package 'esda_control' build argument 'cmake_target' from command line to 'None'
[1.015s] Level 5:colcon.colcon_core.verb:set package 'esda_control' build argument 'cmake_target_skip_unavailable' from command line to 'False'
[1.015s] Level 5:colcon.colcon_core.verb:set package 'esda_control' build argument 'cmake_clean_cache' from command line to 'False'
[1.015s] Level 5:colcon.colcon_core.verb:set package 'esda_control' build argument 'cmake_clean_first' from command line to 'False'
[1.015s] Level 5:colcon.colcon_core.verb:set package 'esda_control' build argument 'cmake_force_configure' from command line to 'False'
[1.015s] Level 5:colcon.colcon_core.verb:set package 'esda_control' build argument 'ament_cmake_args' from command line to 'None'
[1.015s] Level 5:colcon.colcon_core.verb:set package 'esda_control' build argument 'catkin_cmake_args' from command line to 'None'
[1.015s] Level 5:colcon.colcon_core.verb:set package 'esda_control' build argument 'catkin_skip_building_tests' from command line to 'False'
[1.015s] DEBUG:colcon.colcon_core.verb:Building package 'esda_control' with the following arguments: {'ament_cmake_args': None, 'build_base': '/home/samue/GitHub/ESDA/build/esda_control', 'catkin_cmake_args': None, 'catkin_skip_building_tests': False, 'cmake_args': None, 'cmake_clean_cache': False, 'cmake_clean_first': False, 'cmake_force_configure': False, 'cmake_target': None, 'cmake_target_skip_unavailable': False, 'install_base': '/home/samue/GitHub/ESDA/install/esda_control', 'merge_install': False, 'path': '/home/samue/GitHub/ESDA/esda_control', 'symlink_install': False, 'test_result_base': None}
[1.015s] Level 5:colcon.colcon_core.verb:set package 'esda_launch' build argument 'cmake_args' from command line to 'None'
[1.015s] Level 5:colcon.colcon_core.verb:set package 'esda_launch' build argument 'cmake_target' from command line to 'None'
[1.015s] Level 5:colcon.colcon_core.verb:set package 'esda_launch' build argument 'cmake_target_skip_unavailable' from command line to 'False'
[1.015s] Level 5:colcon.colcon_core.verb:set package 'esda_launch' build argument 'cmake_clean_cache' from command line to 'False'
[1.015s] Level 5:colcon.colcon_core.verb:set package 'esda_launch' build argument 'cmake_clean_first' from command line to 'False'
[1.015s] Level 5:colcon.colcon_core.verb:set package 'esda_launch' build argument 'cmake_force_configure' from command line to 'False'
[1.015s] Level 5:colcon.colcon_core.verb:set package 'esda_launch' build argument 'ament_cmake_args' from command line to 'None'
[1.015s] Level 5:colcon.colcon_core.verb:set package 'esda_launch' build argument 'catkin_cmake_args' from command line to 'None'
[1.015s] Level 5:colcon.colcon_core.verb:set package 'esda_launch' build argument 'catkin_skip_building_tests' from command line to 'False'
[1.016s] DEBUG:colcon.colcon_core.verb:Building package 'esda_launch' with the following arguments: {'ament_cmake_args': None, 'build_base': '/home/samue/GitHub/ESDA/build/esda_launch', 'catkin_cmake_args': None, 'catkin_skip_building_tests': False, 'cmake_args': None, 'cmake_clean_cache': False, 'cmake_clean_first': False, 'cmake_force_configure': False, 'cmake_target': None, 'cmake_target_skip_unavailable': False, 'install_base': '/home/samue/GitHub/ESDA/install/esda_launch', 'merge_install': False, 'path': '/home/samue/GitHub/ESDA/esda_launch', 'symlink_install': False, 'test_result_base': None}
[1.016s] Level 5:colcon.colcon_core.verb:set package 'esda_sim' build argument 'cmake_args' from command line to 'None'
[1.016s] Level 5:colcon.colcon_core.verb:set package 'esda_sim' build argument 'cmake_target' from command line to 'None'
[1.016s] Level 5:colcon.colcon_core.verb:set package 'esda_sim' build argument 'cmake_target_skip_unavailable' from command line to 'False'
[1.016s] Level 5:colcon.colcon_core.verb:set package 'esda_sim' build argument 'cmake_clean_cache' from command line to 'False'
[1.016s] Level 5:colcon.colcon_core.verb:set package 'esda_sim' build argument 'cmake_clean_first' from command line to 'False'
[1.016s] Level 5:colcon.colcon_core.verb:set package 'esda_sim' build argument 'cmake_force_configure' from command line to 'False'
[1.016s] Level 5:colcon.colcon_core.verb:set package 'esda_sim' build argument 'ament_cmake_args' from command line to 'None'
[1.016s] Level 5:colcon.colcon_core.verb:set package 'esda_sim' build argument 'catkin_cmake_args' from command line to 'None'
[1.016s] Level 5:colcon.colcon_core.verb:set package 'esda_sim' build argument 'catkin_skip_building_tests' from command line to 'False'
[1.016s] DEBUG:colcon.colcon_core.verb:Building package 'esda_sim' with the following arguments: {'ament_cmake_args': None, 'build_base': '/home/samue/GitHub/ESDA/build/esda_sim', 'catkin_cmake_args': None, 'catkin_skip_building_tests': False, 'cmake_args': None, 'cmake_clean_cache': False, 'cmake_clean_first': False, 'cmake_force_configure': False, 'cmake_target': None, 'cmake_target_skip_unavailable': False, 'install_base': '/home/samue/GitHub/ESDA/install/esda_sim', 'merge_install': False, 'path': '/home/samue/GitHub/ESDA/esda_sim', 'symlink_install': False, 'test_result_base': None}
[1.017s] Level 5:colcon.colcon_core.verb:set package 'esda_zed_cam' build argument 'cmake_args' from command line to 'None'
[1.017s] Level 5:colcon.colcon_core.verb:set package 'esda_zed_cam' build argument 'cmake_target' from command line to 'None'
[1.017s] Level 5:colcon.colcon_core.verb:set package 'esda_zed_cam' build argument 'cmake_target_skip_unavailable' from command line to 'False'
[1.017s] Level 5:colcon.colcon_core.verb:set package 'esda_zed_cam' build argument 'cmake_clean_cache' from command line to 'False'
[1.017s] Level 5:colcon.colcon_core.verb:set package 'esda_zed_cam' build argument 'cmake_clean_first' from command line to 'False'
[1.017s] Level 5:colcon.colcon_core.verb:set package 'esda_zed_cam' build argument 'cmake_force_configure' from command line to 'False'
[1.017s] Level 5:colcon.colcon_core.verb:set package 'esda_zed_cam' build argument 'ament_cmake_args' from command line to 'None'
[1.017s] Level 5:colcon.colcon_core.verb:set package 'esda_zed_cam' build argument 'catkin_cmake_args' from command line to 'None'
[1.017s] Level 5:colcon.colcon_core.verb:set package 'esda_zed_cam' build argument 'catkin_skip_building_tests' from command line to 'False'
[1.017s] DEBUG:colcon.colcon_core.verb:Building package 'esda_zed_cam' with the following arguments: {'ament_cmake_args': None, 'build_base': '/home/samue/GitHub/ESDA/build/esda_zed_cam', 'catkin_cmake_args': None, 'catkin_skip_building_tests': False, 'cmake_args': None, 'cmake_clean_cache': False, 'cmake_clean_first': False, 'cmake_force_configure': False, 'cmake_target': None, 'cmake_target_skip_unavailable': False, 'install_base': '/home/samue/GitHub/ESDA/install/esda_zed_cam', 'merge_install': False, 'path': '/home/samue/GitHub/ESDA/esda_zed_cam', 'symlink_install': False, 'test_result_base': None}
[1.017s] INFO:colcon.colcon_core.executor:Executing jobs using 'parallel' executor
[1.019s] DEBUG:colcon.colcon_parallel_executor.executor.parallel:run_until_complete
[1.020s] INFO:colcon.colcon_ros.task.ament_python.build:Building ROS package in '/home/samue/GitHub/ESDA/esda_control' with build type 'ament_python'
[1.020s] Level 1:colcon.colcon_core.shell:create_environment_hook('esda_control', 'ament_prefix_path')
[1.024s] INFO:colcon.colcon_core.plugin_system:Skipping extension 'colcon_core.shell.bat': Not used on non-Windows systems
[1.025s] INFO:colcon.colcon_core.shell:Creating environment hook '/home/samue/GitHub/ESDA/install/esda_control/share/esda_control/hook/ament_prefix_path.ps1'
[1.027s] INFO:colcon.colcon_core.shell:Creating environment descriptor '/home/samue/GitHub/ESDA/install/esda_control/share/esda_control/hook/ament_prefix_path.dsv'
[1.028s] INFO:colcon.colcon_core.shell:Creating environment hook '/home/samue/GitHub/ESDA/install/esda_control/share/esda_control/hook/ament_prefix_path.sh'
[1.031s] INFO:colcon.colcon_core.shell:Skip shell extension 'powershell' for command environment: Not usable outside of PowerShell
[1.031s] DEBUG:colcon.colcon_core.shell:Skip shell extension 'dsv' for command environment
[1.036s] INFO:colcon.colcon_ros.task.ament_python.build:Building ROS package in '/home/samue/GitHub/ESDA/esda_launch' with build type 'ament_python'
[1.037s] Level 1:colcon.colcon_core.shell:create_environment_hook('esda_launch', 'ament_prefix_path')
[1.038s] INFO:colcon.colcon_core.shell:Creating environment hook '/home/samue/GitHub/ESDA/install/esda_launch/share/esda_launch/hook/ament_prefix_path.ps1'
[1.040s] INFO:colcon.colcon_core.shell:Creating environment descriptor '/home/samue/GitHub/ESDA/install/esda_launch/share/esda_launch/hook/ament_prefix_path.dsv'
[1.041s] INFO:colcon.colcon_core.shell:Creating environment hook '/home/samue/GitHub/ESDA/install/esda_launch/share/esda_launch/hook/ament_prefix_path.sh'
[1.042s] INFO:colcon.colcon_core.shell:Skip shell extension 'powershell' for command environment: Not usable outside of PowerShell
[1.042s] DEBUG:colcon.colcon_core.shell:Skip shell extension 'dsv' for command environment
[1.047s] INFO:colcon.colcon_ros.task.ament_python.build:Building ROS package in '/home/samue/GitHub/ESDA/esda_sim' with build type 'ament_python'
[1.048s] Level 1:colcon.colcon_core.shell:create_environment_hook('esda_sim', 'ament_prefix_path')
[1.049s] INFO:colcon.colcon_core.shell:Creating environment hook '/home/samue/GitHub/ESDA/install/esda_sim/share/esda_sim/hook/ament_prefix_path.ps1'
[1.050s] INFO:colcon.colcon_core.shell:Creating environment descriptor '/home/samue/GitHub/ESDA/install/esda_sim/share/esda_sim/hook/ament_prefix_path.dsv'
[1.051s] INFO:colcon.colcon_core.shell:Creating environment hook '/home/samue/GitHub/ESDA/install/esda_sim/share/esda_sim/hook/ament_prefix_path.sh'
[1.052s] INFO:colcon.colcon_core.shell:Skip shell extension 'powershell' for command environment: Not usable outside of PowerShell
[1.052s] DEBUG:colcon.colcon_core.shell:Skip shell extension 'dsv' for command environment
[1.058s] INFO:colcon.colcon_ros.task.ament_python.build:Building ROS package in '/home/samue/GitHub/ESDA/esda_zed_cam' with build type 'ament_python'
[1.059s] Level 1:colcon.colcon_core.shell:create_environment_hook('esda_zed_cam', 'ament_prefix_path')
[1.059s] INFO:colcon.colcon_core.shell:Creating environment hook '/home/samue/GitHub/ESDA/install/esda_zed_cam/share/esda_zed_cam/hook/ament_prefix_path.ps1'
[1.061s] INFO:colcon.colcon_core.shell:Creating environment descriptor '/home/samue/GitHub/ESDA/install/esda_zed_cam/share/esda_zed_cam/hook/ament_prefix_path.dsv'
[1.062s] INFO:colcon.colcon_core.shell:Creating environment hook '/home/samue/GitHub/ESDA/install/esda_zed_cam/share/esda_zed_cam/hook/ament_prefix_path.sh'
[1.063s] INFO:colcon.colcon_core.shell:Skip shell extension 'powershell' for command environment: Not usable outside of PowerShell
[1.063s] DEBUG:colcon.colcon_core.shell:Skip shell extension 'dsv' for command environment
[1.483s] INFO:colcon.colcon_core.task.python.build:Building Python package in '/home/samue/GitHub/ESDA/esda_control'
[1.483s] INFO:colcon.colcon_core.shell:Skip shell extension 'powershell' for command environment: Not usable outside of PowerShell
[1.483s] DEBUG:colcon.colcon_core.shell:Skip shell extension 'dsv' for command environment
[1.900s] INFO:colcon.colcon_core.task.python.build:Building Python package in '/home/samue/GitHub/ESDA/esda_launch'
[1.900s] INFO:colcon.colcon_core.shell:Skip shell extension 'powershell' for command environment: Not usable outside of PowerShell
[1.900s] DEBUG:colcon.colcon_core.shell:Skip shell extension 'dsv' for command environment
[2.336s] INFO:colcon.colcon_core.task.python.build:Building Python package in '/home/samue/GitHub/ESDA/esda_sim'
[2.336s] INFO:colcon.colcon_core.shell:Skip shell extension 'powershell' for command environment: Not usable outside of PowerShell
[2.336s] DEBUG:colcon.colcon_core.shell:Skip shell extension 'dsv' for command environment
[2.753s] INFO:colcon.colcon_core.task.python.build:Building Python package in '/home/samue/GitHub/ESDA/esda_zed_cam'
[2.753s] INFO:colcon.colcon_core.shell:Skip shell extension 'powershell' for command environment: Not usable outside of PowerShell
[2.753s] DEBUG:colcon.colcon_core.shell:Skip shell extension 'dsv' for command environment
[3.496s] DEBUG:colcon.colcon_core.event_handler.log_command:Invoking command in '/home/samue/GitHub/ESDA/esda_zed_cam': PYTHONPATH=/home/samue/GitHub/ESDA/build/esda_zed_cam/prefix_override:/usr/lib/python3/dist-packages/colcon_core/task/python/colcon_distutils_commands:/home/samue/GitHub/ESDA/install/esda_zed_cam/lib/python3.10/site-packages:${PYTHONPATH} /usr/bin/python3 -W ignore:setup.py install is deprecated setup.py egg_info --egg-base ../build/esda_zed_cam build --build-base /home/samue/GitHub/ESDA/build/esda_zed_cam/build install --record /home/samue/GitHub/ESDA/build/esda_zed_cam/install.log --single-version-externally-managed install_data
[3.514s] DEBUG:colcon.colcon_core.event_handler.log_command:Invoking command in '/home/samue/GitHub/ESDA/esda_control': PYTHONPATH=/home/samue/GitHub/ESDA/build/esda_control/prefix_override:/usr/lib/python3/dist-packages/colcon_core/task/python/colcon_distutils_commands:/home/samue/GitHub/ESDA/install/esda_control/lib/python3.10/site-packages:${PYTHONPATH} /usr/bin/python3 -W ignore:setup.py install is deprecated setup.py egg_info --egg-base ../build/esda_control build --build-base /home/samue/GitHub/ESDA/build/esda_control/build install --record /home/samue/GitHub/ESDA/build/esda_control/install.log --single-version-externally-managed install_data
[3.519s] DEBUG:colcon.colcon_core.event_handler.log_command:Invoking command in '/home/samue/GitHub/ESDA/esda_launch': PYTHONPATH=/home/samue/GitHub/ESDA/build/esda_launch/prefix_override:/usr/lib/python3/dist-packages/colcon_core/task/python/colcon_distutils_commands:/home/samue/GitHub/ESDA/install/esda_launch/lib/python3.10/site-packages:${PYTHONPATH} /usr/bin/python3 -W ignore:setup.py install is deprecated setup.py egg_info --egg-base ../build/esda_launch build --build-base /home/samue/GitHub/ESDA/build/esda_launch/build install --record /home/samue/GitHub/ESDA/build/esda_launch/install.log --single-version-externally-managed install_data
[3.523s] DEBUG:colcon.colcon_core.event_handler.log_command:Invoking command in '/home/samue/GitHub/ESDA/esda_sim': PYTHONPATH=/home/samue/GitHub/ESDA/build/esda_sim/prefix_override:/usr/lib/python3/dist-packages/colcon_core/task/python/colcon_distutils_commands:/home/samue/GitHub/ESDA/install/esda_sim/lib/python3.10/site-packages:${PYTHONPATH} /usr/bin/python3 -W ignore:setup.py install is deprecated setup.py egg_info --egg-base ../build/esda_sim build --build-base /home/samue/GitHub/ESDA/build/esda_sim/build install --record /home/samue/GitHub/ESDA/build/esda_sim/install.log --single-version-externally-managed install_data
[4.095s] DEBUG:colcon.colcon_core.event_handler.log_command:Invoked command in '/home/samue/GitHub/ESDA/esda_zed_cam' returned '0': PYTHONPATH=/home/samue/GitHub/ESDA/build/esda_zed_cam/prefix_override:/usr/lib/python3/dist-packages/colcon_core/task/python/colcon_distutils_commands:/home/samue/GitHub/ESDA/install/esda_zed_cam/lib/python3.10/site-packages:${PYTHONPATH} /usr/bin/python3 -W ignore:setup.py install is deprecated setup.py egg_info --egg-base ../build/esda_zed_cam build --build-base /home/samue/GitHub/ESDA/build/esda_zed_cam/build install --record /home/samue/GitHub/ESDA/build/esda_zed_cam/install.log --single-version-externally-managed install_data
[4.104s] Level 1:colcon.colcon_core.environment:checking '/home/samue/GitHub/ESDA/install/esda_zed_cam' for CMake module files
[4.105s] Level 1:colcon.colcon_core.environment:checking '/home/samue/GitHub/ESDA/install/esda_zed_cam' for CMake config files
[4.106s] Level 1:colcon.colcon_core.environment:checking '/home/samue/GitHub/ESDA/install/esda_zed_cam/lib'
[4.107s] Level 1:colcon.colcon_core.environment:checking '/home/samue/GitHub/ESDA/install/esda_zed_cam/bin'
[4.107s] Level 1:colcon.colcon_core.environment:checking '/home/samue/GitHub/ESDA/install/esda_zed_cam/lib/pkgconfig/esda_zed_cam.pc'
[4.107s] Level 1:colcon.colcon_core.environment:checking '/home/samue/GitHub/ESDA/install/esda_zed_cam/lib/python3.10/site-packages'
[4.108s] Level 1:colcon.colcon_core.shell:create_environment_hook('esda_zed_cam', 'pythonpath')
[4.108s] INFO:colcon.colcon_core.shell:Creating environment hook '/home/samue/GitHub/ESDA/install/esda_zed_cam/share/esda_zed_cam/hook/pythonpath.ps1'
[4.110s] INFO:colcon.colcon_core.shell:Creating environment descriptor '/home/samue/GitHub/ESDA/install/esda_zed_cam/share/esda_zed_cam/hook/pythonpath.dsv'
[4.111s] INFO:colcon.colcon_core.shell:Creating environment hook '/home/samue/GitHub/ESDA/install/esda_zed_cam/share/esda_zed_cam/hook/pythonpath.sh'
[4.113s] Level 1:colcon.colcon_core.environment:checking '/home/samue/GitHub/ESDA/install/esda_zed_cam/bin'
[4.113s] Level 1:colcon.colcon_core.environment:create_environment_scripts_only(esda_zed_cam)
[4.114s] INFO:colcon.colcon_core.shell:Creating package script '/home/samue/GitHub/ESDA/install/esda_zed_cam/share/esda_zed_cam/package.ps1'
[4.118s] INFO:colcon.colcon_core.shell:Creating package descriptor '/home/samue/GitHub/ESDA/install/esda_zed_cam/share/esda_zed_cam/package.dsv'
[4.119s] INFO:colcon.colcon_core.shell:Creating package script '/home/samue/GitHub/ESDA/install/esda_zed_cam/share/esda_zed_cam/package.sh'
[4.121s] INFO:colcon.colcon_core.shell:Creating package script '/home/samue/GitHub/ESDA/install/esda_zed_cam/share/esda_zed_cam/package.bash'
[4.123s] INFO:colcon.colcon_core.shell:Creating package script '/home/samue/GitHub/ESDA/install/esda_zed_cam/share/esda_zed_cam/package.zsh'
[4.126s] Level 1:colcon.colcon_core.environment:create_file_with_runtime_dependencies(/home/samue/GitHub/ESDA/install/esda_zed_cam/share/colcon-core/packages/esda_zed_cam)
[4.133s] Level 1:colcon.colcon_core.environment:checking '/home/samue/GitHub/ESDA/install/esda_sim' for CMake module files
[4.134s] DEBUG:colcon.colcon_core.event_handler.log_command:Invoked command in '/home/samue/GitHub/ESDA/esda_sim' returned '0': PYTHONPATH=/home/samue/GitHub/ESDA/build/esda_sim/prefix_override:/usr/lib/python3/dist-packages/colcon_core/task/python/colcon_distutils_commands:/home/samue/GitHub/ESDA/install/esda_sim/lib/python3.10/site-packages:${PYTHONPATH} /usr/bin/python3 -W ignore:setup.py install is deprecated setup.py egg_info --egg-base ../build/esda_sim build --build-base /home/samue/GitHub/ESDA/build/esda_sim/build install --record /home/samue/GitHub/ESDA/build/esda_sim/install.log --single-version-externally-managed install_data
[4.135s] Level 1:colcon.colcon_core.environment:checking '/home/samue/GitHub/ESDA/install/esda_sim' for CMake config files
[4.135s] Level 1:colcon.colcon_core.environment:checking '/home/samue/GitHub/ESDA/install/esda_sim/lib'
[4.136s] Level 1:colcon.colcon_core.environment:checking '/home/samue/GitHub/ESDA/install/esda_sim/bin'
[4.136s] Level 1:colcon.colcon_core.environment:checking '/home/samue/GitHub/ESDA/install/esda_sim/lib/pkgconfig/esda_sim.pc'
[4.136s] Level 1:colcon.colcon_core.environment:checking '/home/samue/GitHub/ESDA/install/esda_sim/lib/python3.10/site-packages'
[4.136s] Level 1:colcon.colcon_core.shell:create_environment_hook('esda_sim', 'pythonpath')
[4.137s] INFO:colcon.colcon_core.shell:Creating environment hook '/home/samue/GitHub/ESDA/install/esda_sim/share/esda_sim/hook/pythonpath.ps1'
[4.138s] INFO:colcon.colcon_core.shell:Creating environment descriptor '/home/samue/GitHub/ESDA/install/esda_sim/share/esda_sim/hook/pythonpath.dsv'
[4.138s] INFO:colcon.colcon_core.shell:Creating environment hook '/home/samue/GitHub/ESDA/install/esda_sim/share/esda_sim/hook/pythonpath.sh'
[4.140s] Level 1:colcon.colcon_core.environment:checking '/home/samue/GitHub/ESDA/install/esda_sim/bin'
[4.140s] Level 1:colcon.colcon_core.environment:create_environment_scripts_only(esda_sim)
[4.141s] INFO:colcon.colcon_core.shell:Creating package script '/home/samue/GitHub/ESDA/install/esda_sim/share/esda_sim/package.ps1'
[4.143s] INFO:colcon.colcon_core.shell:Creating package descriptor '/home/samue/GitHub/ESDA/install/esda_sim/share/esda_sim/package.dsv'
[4.145s] INFO:colcon.colcon_core.shell:Creating package script '/home/samue/GitHub/ESDA/install/esda_sim/share/esda_sim/package.sh'
[4.147s] INFO:colcon.colcon_core.shell:Creating package script '/home/samue/GitHub/ESDA/install/esda_sim/share/esda_sim/package.bash'
[4.148s] INFO:colcon.colcon_core.shell:Creating package script '/home/samue/GitHub/ESDA/install/esda_sim/share/esda_sim/package.zsh'
[4.149s] Level 1:colcon.colcon_core.environment:create_file_with_runtime_dependencies(/home/samue/GitHub/ESDA/install/esda_sim/share/colcon-core/packages/esda_sim)
[4.150s] Level 1:colcon.colcon_core.environment:checking '/home/samue/GitHub/ESDA/install/esda_launch' for CMake module files
[4.155s] Level 1:colcon.colcon_core.environment:checking '/home/samue/GitHub/ESDA/install/esda_launch' for CMake config files
[4.155s] DEBUG:colcon.colcon_core.event_handler.log_command:Invoked command in '/home/samue/GitHub/ESDA/esda_launch' returned '0': PYTHONPATH=/home/samue/GitHub/ESDA/build/esda_launch/prefix_override:/usr/lib/python3/dist-packages/colcon_core/task/python/colcon_distutils_commands:/home/samue/GitHub/ESDA/install/esda_launch/lib/python3.10/site-packages:${PYTHONPATH} /usr/bin/python3 -W ignore:setup.py install is deprecated setup.py egg_info --egg-base ../build/esda_launch build --build-base /home/samue/GitHub/ESDA/build/esda_launch/build install --record /home/samue/GitHub/ESDA/build/esda_launch/install.log --single-version-externally-managed install_data
[4.156s] Level 1:colcon.colcon_core.environment:checking '/home/samue/GitHub/ESDA/install/esda_launch/lib'
[4.157s] Level 1:colcon.colcon_core.environment:checking '/home/samue/GitHub/ESDA/install/esda_launch/bin'
[4.157s] Level 1:colcon.colcon_core.environment:checking '/home/samue/GitHub/ESDA/install/esda_launch/lib/pkgconfig/esda_launch.pc'
[4.157s] Level 1:colcon.colcon_core.environment:checking '/home/samue/GitHub/ESDA/install/esda_launch/lib/python3.10/site-packages'
[4.157s] Level 1:colcon.colcon_core.shell:create_environment_hook('esda_launch', 'pythonpath')
[4.158s] INFO:colcon.colcon_core.shell:Creating environment hook '/home/samue/GitHub/ESDA/install/esda_launch/share/esda_launch/hook/pythonpath.ps1'
[4.158s] INFO:colcon.colcon_core.shell:Creating environment descriptor '/home/samue/GitHub/ESDA/install/esda_launch/share/esda_launch/hook/pythonpath.dsv'
[4.159s] INFO:colcon.colcon_core.shell:Creating environment hook '/home/samue/GitHub/ESDA/install/esda_launch/share/esda_launch/hook/pythonpath.sh'
[4.161s] Level 1:colcon.colcon_core.environment:checking '/home/samue/GitHub/ESDA/install/esda_launch/bin'
[4.161s] Level 1:colcon.colcon_core.environment:create_environment_scripts_only(esda_launch)
[4.163s] INFO:colcon.colcon_core.shell:Creating package script '/home/samue/GitHub/ESDA/install/esda_launch/share/esda_launch/package.ps1'
[4.165s] INFO:colcon.colcon_core.shell:Creating package descriptor '/home/samue/GitHub/ESDA/install/esda_launch/share/esda_launch/package.dsv'
[4.165s] INFO:colcon.colcon_core.shell:Creating package script '/home/samue/GitHub/ESDA/install/esda_launch/share/esda_launch/package.sh'
[4.166s] INFO:colcon.colcon_core.shell:Creating package script '/home/samue/GitHub/ESDA/install/esda_launch/share/esda_launch/package.bash'
[4.167s] INFO:colcon.colcon_core.shell:Creating package script '/home/samue/GitHub/ESDA/install/esda_launch/share/esda_launch/package.zsh'
[4.167s] Level 1:colcon.colcon_core.environment:create_file_with_runtime_dependencies(/home/samue/GitHub/ESDA/install/esda_launch/share/colcon-core/packages/esda_launch)
[4.168s] Level 1:colcon.colcon_core.environment:checking '/home/samue/GitHub/ESDA/install/esda_control' for CMake module files
[4.171s] Level 1:colcon.colcon_core.environment:checking '/home/samue/GitHub/ESDA/install/esda_control' for CMake config files
[4.172s] DEBUG:colcon.colcon_core.event_handler.log_command:Invoked command in '/home/samue/GitHub/ESDA/esda_control' returned '0': PYTHONPATH=/home/samue/GitHub/ESDA/build/esda_control/prefix_override:/usr/lib/python3/dist-packages/colcon_core/task/python/colcon_distutils_commands:/home/samue/GitHub/ESDA/install/esda_control/lib/python3.10/site-packages:${PYTHONPATH} /usr/bin/python3 -W ignore:setup.py install is deprecated setup.py egg_info --egg-base ../build/esda_control build --build-base /home/samue/GitHub/ESDA/build/esda_control/build install --record /home/samue/GitHub/ESDA/build/esda_control/install.log --single-version-externally-managed install_data
[4.173s] Level 1:colcon.colcon_core.environment:checking '/home/samue/GitHub/ESDA/install/esda_control/lib'
[4.174s] Level 1:colcon.colcon_core.environment:checking '/home/samue/GitHub/ESDA/install/esda_control/bin'
[4.174s] Level 1:colcon.colcon_core.environment:checking '/home/samue/GitHub/ESDA/install/esda_control/lib/pkgconfig/esda_control.pc'
[4.174s] Level 1:colcon.colcon_core.environment:checking '/home/samue/GitHub/ESDA/install/esda_control/lib/python3.10/site-packages'
[4.174s] Level 1:colcon.colcon_core.shell:create_environment_hook('esda_control', 'pythonpath')
[4.175s] INFO:colcon.colcon_core.shell:Creating environment hook '/home/samue/GitHub/ESDA/install/esda_control/share/esda_control/hook/pythonpath.ps1'
[4.176s] INFO:colcon.colcon_core.shell:Creating environment descriptor '/home/samue/GitHub/ESDA/install/esda_control/share/esda_control/hook/pythonpath.dsv'
[4.177s] INFO:colcon.colcon_core.shell:Creating environment hook '/home/samue/GitHub/ESDA/install/esda_control/share/esda_control/hook/pythonpath.sh'
[4.179s] Level 1:colcon.colcon_core.environment:checking '/home/samue/GitHub/ESDA/install/esda_control/bin'
[4.179s] Level 1:colcon.colcon_core.environment:create_environment_scripts_only(esda_control)
[4.180s] INFO:colcon.colcon_core.shell:Creating package script '/home/samue/GitHub/ESDA/install/esda_control/share/esda_control/package.ps1'
[4.182s] INFO:colcon.colcon_core.shell:Creating package descriptor '/home/samue/GitHub/ESDA/install/esda_control/share/esda_control/package.dsv'
[4.182s] INFO:colcon.colcon_core.shell:Creating package script '/home/samue/GitHub/ESDA/install/esda_control/share/esda_control/package.sh'
[4.183s] INFO:colcon.colcon_core.shell:Creating package script '/home/samue/GitHub/ESDA/install/esda_control/share/esda_control/package.bash'
[4.184s] INFO:colcon.colcon_core.shell:Creating package script '/home/samue/GitHub/ESDA/install/esda_control/share/esda_control/package.zsh'
[4.184s] Level 1:colcon.colcon_core.environment:create_file_with_runtime_dependencies(/home/samue/GitHub/ESDA/install/esda_control/share/colcon-core/packages/esda_control)
[4.185s] DEBUG:colcon.colcon_parallel_executor.executor.parallel:closing loop
[4.186s] DEBUG:colcon.colcon_parallel_executor.executor.parallel:loop closed
[4.186s] DEBUG:colcon.colcon_parallel_executor.executor.parallel:run_until_complete finished with '0'
[4.186s] DEBUG:colcon.colcon_core.event_reactor:joining thread
[4.311s] INFO:colcon.colcon_core.plugin_system:Skipping extension 'colcon_notification.desktop_notification.notify_send': Could not find 'notify-send'
[4.312s] INFO:colcon.colcon_core.plugin_system:Skipping extension 'colcon_notification.desktop_notification.terminal_notifier': Not used on non-Darwin systems
[4.312s] INFO:colcon.colcon_core.plugin_system:Skipping extension 'colcon_notification.desktop_notification.win32': Not used on non-Windows systems
[4.312s] INFO:colcon.colcon_notification.desktop_notification:Sending desktop notification using 'notify2'
[4.315s] DEBUG:colcon.colcon_notification.desktop_notification.notify2:Failed to initialize notify2: org.freedesktop.DBus.Error.ServiceUnknown: The name org.freedesktop.Notifications was not provided by any .service files
[4.315s] DEBUG:colcon.colcon_core.event_reactor:joined thread
[4.316s] INFO:colcon.colcon_core.shell:Creating prefix script '/home/samue/GitHub/ESDA/install/local_setup.ps1'
[4.317s] INFO:colcon.colcon_core.shell:Creating prefix util module '/home/samue/GitHub/ESDA/install/_local_setup_util_ps1.py'
[4.320s] INFO:colcon.colcon_core.shell:Creating prefix chain script '/home/samue/GitHub/ESDA/install/setup.ps1'
[4.322s] INFO:colcon.colcon_core.shell:Creating prefix script '/home/samue/GitHub/ESDA/install/local_setup.sh'
[4.322s] INFO:colcon.colcon_core.shell:Creating prefix util module '/home/samue/GitHub/ESDA/install/_local_setup_util_sh.py'
[4.323s] INFO:colcon.colcon_core.shell:Creating prefix chain script '/home/samue/GitHub/ESDA/install/setup.sh'
[4.324s] INFO:colcon.colcon_core.shell:Creating prefix script '/home/samue/GitHub/ESDA/install/local_setup.bash'
[4.325s] INFO:colcon.colcon_core.shell:Creating prefix chain script '/home/samue/GitHub/ESDA/install/setup.bash'
[4.327s] INFO:colcon.colcon_core.shell:Creating prefix script '/home/samue/GitHub/ESDA/install/local_setup.zsh'
[4.328s] INFO:colcon.colcon_core.shell:Creating prefix chain script '/home/samue/GitHub/ESDA/install/setup.zsh'
