-- The C compiler identification is GNU 11.4.0
-- The CXX compiler identification is GNU 11.4.0
-- Detecting C compiler ABI info
-- Detecting C compiler ABI info - done
-- Check for working C compiler: /usr/bin/cc - skipped
-- Detecting C compile features
-- Detecting C compile features - done
-- Detecting CXX compiler ABI info
-- Detecting CXX compiler ABI info - done
-- Check for working CXX compiler: /usr/bin/c++ - skipped
-- Detecting CXX compile features
-- Detecting CXX compile features - done
-- Found ament_cmake: 1.3.9 (/opt/ros/humble/share/ament_cmake/cmake)
-- Found Python3: /usr/bin/python3 (found version "3.10.12") found components: Interpreter 
-- Configuring done
-- Generating done
-- Build files have been written to: /home/samue/GitHub/ESDA/build/ros2_control_demo_description
-- Install configuration: ""
-- Up-to-date: /home/samue/GitHub/ESDA/install/ros2_control_demo_description/share/ros2_control_demo_description/rrbot/urdf
-- Up-to-date: /home/samue/GitHub/ESDA/install/ros2_control_demo_description/share/ros2_control_demo_description/rrbot/rviz
-- Up-to-date: /home/samue/GitHub/ESDA/install/ros2_control_demo_description/share/ros2_control_demo_description/diffbot/urdf
-- Up-to-date: /home/samue/GitHub/ESDA/install/ros2_control_demo_description/share/ros2_control_demo_description/diffbot/rviz
-- Up-to-date: /home/samue/GitHub/ESDA/install/ros2_control_demo_description/share/ros2_control_demo_description/carlikebot/urdf
-- Up-to-date: /home/samue/GitHub/ESDA/install/ros2_control_demo_description/share/ros2_control_demo_description/carlikebot/rviz
-- Up-to-date: /home/samue/GitHub/ESDA/install/ros2_control_demo_description/share/ros2_control_demo_description/r6bot/meshes
-- Up-to-date: /home/samue/GitHub/ESDA/install/ros2_control_demo_description/share/ros2_control_demo_description/r6bot/meshes/visual
-- Up-to-date: /home/samue/GitHub/ESDA/install/ros2_control_demo_description/share/ros2_control_demo_description/r6bot/meshes/collision
-- Up-to-date: /home/samue/GitHub/ESDA/install/ros2_control_demo_description/share/ros2_control_demo_description/r6bot/srdf
-- Up-to-date: /home/samue/GitHub/ESDA/install/ros2_control_demo_description/share/ros2_control_demo_description/r6bot/urdf
-- Up-to-date: /home/samue/GitHub/ESDA/install/ros2_control_demo_description/share/ros2_control_demo_description/r6bot/urdf/inc
-- Up-to-date: /home/samue/GitHub/ESDA/install/ros2_control_demo_description/share/ros2_control_demo_description/r6bot/rviz
-- Installing: /home/samue/GitHub/ESDA/install/ros2_control_demo_description/share/ros2_control_demo_description/package.dsv
