[0.015s] Invoking command in '/home/samue/GitHub/ESDA/build/ros2_control_demo_description': CMAKE_PREFIX_PATH=${CMAKE_PREFIX_PATH}:/opt/ros/humble /usr/bin/cmake /home/samue/GitHub/ESDA/ros2_control_demos/ros2_control_demo_description -DCMAKE_INSTALL_PREFIX=/home/samue/GitHub/ESDA/install/ros2_control_demo_description
[0.554s] -- The C compiler identification is GNU 11.4.0
[3.009s] -- The CXX compiler identification is GNU 11.4.0
[4.678s] -- Detecting C compiler ABI info
[5.300s] -- Detecting C compiler ABI info - done
[5.310s] -- Check for working C compiler: /usr/bin/cc - skipped
[5.310s] -- Detecting C compile features
[5.311s] -- Detecting C compile features - done
[5.316s] -- Detecting CXX compiler ABI info
[5.903s] -- Detecting CXX compiler ABI info - done
[5.914s] -- Check for working CXX compiler: /usr/bin/c++ - skipped
[5.915s] -- Detecting CXX compile features
[5.916s] -- Detecting CXX compile features - done
[5.919s] -- Found ament_cmake: 1.3.9 (/opt/ros/humble/share/ament_cmake/cmake)
[6.093s] -- Found Python3: /usr/bin/python3 (found version "3.10.12") found components: Interpreter 
[6.249s] -- Configuring done
[6.252s] -- Generating done
[6.252s] -- Build files have been written to: /home/samue/GitHub/ESDA/build/ros2_control_demo_description
[6.258s] Invoked command in '/home/samue/GitHub/ESDA/build/ros2_control_demo_description' returned '0': CMAKE_PREFIX_PATH=${CMAKE_PREFIX_PATH}:/opt/ros/humble /usr/bin/cmake /home/samue/GitHub/ESDA/ros2_control_demos/ros2_control_demo_description -DCMAKE_INSTALL_PREFIX=/home/samue/GitHub/ESDA/install/ros2_control_demo_description
[6.259s] Invoking command in '/home/samue/GitHub/ESDA/build/ros2_control_demo_description': CMAKE_PREFIX_PATH=${CMAKE_PREFIX_PATH}:/opt/ros/humble /usr/bin/cmake --build /home/samue/GitHub/ESDA/build/ros2_control_demo_description -- -j20 -l20
[6.291s] Invoked command in '/home/samue/GitHub/ESDA/build/ros2_control_demo_description' returned '0': CMAKE_PREFIX_PATH=${CMAKE_PREFIX_PATH}:/opt/ros/humble /usr/bin/cmake --build /home/samue/GitHub/ESDA/build/ros2_control_demo_description -- -j20 -l20
[6.322s] Invoking command in '/home/samue/GitHub/ESDA/build/ros2_control_demo_description': CMAKE_PREFIX_PATH=${CMAKE_PREFIX_PATH}:/opt/ros/humble /usr/bin/cmake --install /home/samue/GitHub/ESDA/build/ros2_control_demo_description
[6.328s] -- Install configuration: ""
[6.328s] -- Up-to-date: /home/samue/GitHub/ESDA/install/ros2_control_demo_description/share/ros2_control_demo_description/rrbot/urdf
[6.331s] -- Up-to-date: /home/samue/GitHub/ESDA/install/ros2_control_demo_description/share/ros2_control_demo_description/rrbot/rviz
[6.331s] -- Up-to-date: /home/samue/GitHub/ESDA/install/ros2_control_demo_description/share/ros2_control_demo_description/diffbot/urdf
[6.332s] -- Up-to-date: /home/samue/GitHub/ESDA/install/ros2_control_demo_description/share/ros2_control_demo_description/diffbot/rviz
[6.333s] -- Up-to-date: /home/samue/GitHub/ESDA/install/ros2_control_demo_description/share/ros2_control_demo_description/carlikebot/urdf
[6.334s] -- Up-to-date: /home/samue/GitHub/ESDA/install/ros2_control_demo_description/share/ros2_control_demo_description/carlikebot/rviz
[6.335s] -- Up-to-date: /home/samue/GitHub/ESDA/install/ros2_control_demo_description/share/ros2_control_demo_description/r6bot/meshes
[6.335s] -- Up-to-date: /home/samue/GitHub/ESDA/install/ros2_control_demo_description/share/ros2_control_demo_description/r6bot/meshes/visual
[6.338s] -- Up-to-date: /home/samue/GitHub/ESDA/install/ros2_control_demo_description/share/ros2_control_demo_description/r6bot/meshes/collision
[6.341s] -- Up-to-date: /home/samue/GitHub/ESDA/install/ros2_control_demo_description/share/ros2_control_demo_description/r6bot/srdf
[6.341s] -- Up-to-date: /home/samue/GitHub/ESDA/install/ros2_control_demo_description/share/ros2_control_demo_description/r6bot/urdf
[6.341s] -- Up-to-date: /home/samue/GitHub/ESDA/install/ros2_control_demo_description/share/ros2_control_demo_description/r6bot/urdf/inc
[6.342s] -- Up-to-date: /home/samue/GitHub/ESDA/install/ros2_control_demo_description/share/ros2_control_demo_description/r6bot/rviz
[6.345s] -- Installing: /home/samue/GitHub/ESDA/install/ros2_control_demo_description/share/ros2_control_demo_description/package.dsv
[6.351s] Invoked command in '/home/samue/GitHub/ESDA/build/ros2_control_demo_description' returned '0': CMAKE_PREFIX_PATH=${CMAKE_PREFIX_PATH}:/opt/ros/humble /usr/bin/cmake --install /home/samue/GitHub/ESDA/build/ros2_control_demo_description
